<?xml version="1.0" encoding="UTF-8"?>
<robot generator="Robot 7.4.1 (Python 3.11.15 on linux)" generated="2026-03-12T18:04:47.960677" rpa="false" schemaversion="5">
<suite id="s1" name="BillPay" source="/home/runner/work/Parabank-Robot/Parabank-Robot/Resources/BillPay">
<suite id="s1-s1" name="TestCasesBillPay" source="/home/runner/work/Parabank-Robot/Parabank-Robot/Resources/BillPay/TestCasesBillPay.robot">
<test id="s1-s1-t1" name="QBEF-30 Bill Pay SUCESS" line="8">
<kw name="Iniciar Sessao Autenticada" owner="Common" type="SETUP">
<kw name="Dado que eu acesse o site Parabank" owner="setup_teardown">
<kw name="Criar Opcoes Do Browser" owner="setup_teardown">
<kw name="Evaluate" owner="BuiltIn">
<msg time="2026-03-12T18:04:48.214103" level="INFO">${is_chrome} = True</msg>
<var>${is_chrome}</var>
<arg>'${BROWSER}'.lower() == 'chrome'</arg>
<doc>Evaluates the given expression in Python and returns the result.</doc>
<status status="PASS" start="2026-03-12T18:04:48.213640" elapsed="0.000498"/>
</kw>
<if>
<branch type="IF" condition="${is_chrome}">
<kw name="Evaluate" owner="BuiltIn">
<msg time="2026-03-12T18:04:48.214769" level="INFO">${options} = &lt;selenium.webdriver.chrome.options.Options object at 0x7effe655cf90&gt;</msg>
<var>${options}</var>
<arg>sys.modules['selenium.webdriver'].ChromeOptions()</arg>
<arg>sys</arg>
<doc>Evaluates the given expression in Python and returns the result.</doc>
<status status="PASS" start="2026-03-12T18:04:48.214403" elapsed="0.000399"/>
</kw>
<kw name="Set Variable" owner="BuiltIn">
<msg time="2026-03-12T18:04:48.215189" level="INFO">${arg_window} = --window-size=1920,1080</msg>
<var>${arg_window}</var>
<arg>--window-size=1920,1080</arg>
<doc>Returns the given values which can then be assigned to a variables.</doc>
<status status="PASS" start="2026-03-12T18:04:48.214937" elapsed="0.000279"/>
</kw>
<kw name="Set Variable" owner="BuiltIn">
<msg time="2026-03-12T18:04:48.215551" level="INFO">${arg_dev_shm} = --disable-dev-shm-usage</msg>
<var>${arg_dev_shm}</var>
<arg>--disable-dev-shm-usage</arg>
<doc>Returns the given values which can then be assigned to a variables.</doc>
<status status="PASS" start="2026-03-12T18:04:48.215339" elapsed="0.000239"/>
</kw>
<kw name="Set Variable" owner="BuiltIn">
<msg time="2026-03-12T18:04:48.215961" level="INFO">${arg_sandbox} = --no-sandbox</msg>
<var>${arg_sandbox}</var>
<arg>--no-sandbox</arg>
<doc>Returns the given values which can then be assigned to a variables.</doc>
<status status="PASS" start="2026-03-12T18:04:48.215730" elapsed="0.000257"/>
</kw>
<kw name="Call Method" owner="BuiltIn">
<arg>${options}</arg>
<arg>add_argument</arg>
<arg>${arg_window}</arg>
<doc>Calls the named method of the given object with the provided arguments.</doc>
<status status="PASS" start="2026-03-12T18:04:48.216116" elapsed="0.000260"/>
</kw>
<kw name="Call Method" owner="BuiltIn">
<arg>${options}</arg>
<arg>add_argument</arg>
<arg>${arg_dev_shm}</arg>
<doc>Calls the named method of the given object with the provided arguments.</doc>
<status status="PASS" start="2026-03-12T18:04:48.216485" elapsed="0.000258"/>
</kw>
<kw name="Call Method" owner="BuiltIn">
<arg>${options}</arg>
<arg>add_argument</arg>
<arg>${arg_sandbox}</arg>
<doc>Calls the named method of the given object with the provided arguments.</doc>
<status status="PASS" start="2026-03-12T18:04:48.216858" elapsed="0.000234"/>
</kw>
<kw name="Evaluate" owner="BuiltIn">
<msg time="2026-03-12T18:04:48.217503" level="INFO">${headless} = True</msg>
<var>${headless}</var>
<arg>str('${HEADLESS}').lower() in ['true','1','yes']</arg>
<doc>Evaluates the given expression in Python and returns the result.</doc>
<status status="PASS" start="2026-03-12T18:04:48.217206" elapsed="0.000324"/>
</kw>
<if>
<branch type="IF" condition="${headless}">
<kw name="Set Variable" owner="BuiltIn">
<msg time="2026-03-12T18:04:48.218113" level="INFO">${arg_headless} = --headless=new</msg>
<var>${arg_headless}</var>
<arg>--headless=new</arg>
<doc>Returns the given values which can then be assigned to a variables.</doc>
<status status="PASS" start="2026-03-12T18:04:48.217750" elapsed="0.000388"/>
</kw>
<kw name="Call Method" owner="BuiltIn">
<arg>${options}</arg>
<arg>add_argument</arg>
<arg>${arg_headless}</arg>
<doc>Calls the named method of the given object with the provided arguments.</doc>
<status status="PASS" start="2026-03-12T18:04:48.218237" elapsed="0.000226"/>
</kw>
<status status="PASS" start="2026-03-12T18:04:48.217602" elapsed="0.000904"/>
</branch>
<status status="PASS" start="2026-03-12T18:04:48.217583" elapsed="0.000961"/>
</if>
<return>
<value>${options}</value>
<status status="PASS" start="2026-03-12T18:04:48.218578" elapsed="0.000044"/>
</return>
<status status="PASS" start="2026-03-12T18:04:48.214252" elapsed="0.004424"/>
</branch>
<status status="PASS" start="2026-03-12T18:04:48.214223" elapsed="0.004487"/>
</if>
<return>
<value>${None}</value>
<status status="NOT RUN" start="2026-03-12T18:04:48.218743" elapsed="0.000019"/>
</return>
<msg time="2026-03-12T18:04:48.218884" level="INFO">${options} = &lt;selenium.webdriver.chrome.options.Options object at 0x7effe655cf90&gt;</msg>
<var>${options}</var>
<status status="PASS" start="2026-03-12T18:04:48.212982" elapsed="0.005928"/>
</kw>
<kw name="Open Browser" owner="SeleniumLibrary">
<msg time="2026-03-12T18:04:48.219243" level="INFO">Opening browser 'chrome' to base url 'http://parabank.parasoft.com/parabank/index.htm'.</msg>
<msg time="2026-03-12T18:04:48.722762" level="WARN">The chromedriver version (145.0.7632.117) detected in PATH at /usr/bin/chromedriver might not be compatible with the detected chrome version (146.0.7680.71); currently, chromedriver 146.0.7680.72 is recommended for chrome 146.*, so it is advised to delete the driver in PATH and retry</msg>
<arg>${BASE_URL_QAA}</arg>
<arg>${BROWSER}</arg>
<arg>options=${options}</arg>
<doc>Opens a new browser instance to the optional ``url``.</doc>
<status status="PASS" start="2026-03-12T18:04:48.219024" elapsed="2.400186"/>
</kw>
<if>
<branch type="IF" condition="'${HEADLESS}' != 'True'">
<kw name="Maximize Browser Window" owner="SeleniumLibrary">
<doc>Maximizes current browser window.</doc>
<status status="NOT RUN" start="2026-03-12T18:04:50.620101" elapsed="0.000054"/>
</kw>
<status status="NOT RUN" start="2026-03-12T18:04:50.619468" elapsed="0.000744"/>
</branch>
<status status="PASS" start="2026-03-12T18:04:50.619412" elapsed="0.000863"/>
</if>
<kw name="Set Selenium Timeout" owner="SeleniumLibrary">
<arg>10s</arg>
<doc>Sets the timeout that is used by various keywords.</doc>
<status status="PASS" start="2026-03-12T18:04:50.620456" elapsed="0.001421"/>
</kw>
<status status="PASS" start="2026-03-12T18:04:48.212618" elapsed="2.409382"/>
</kw>
<kw name="Fazer login com Sucesso" owner="Common">
<kw name="Dado que o usuário esteja na tela de Login" owner="KeywordsLogin">
<kw name="Wait Until Element Is Visible" owner="SeleniumLibrary">
<arg>${CAMPO_USUARIO}</arg>
<arg>10s</arg>
<doc>Waits until the element ``locator`` is visible.</doc>
<status status="PASS" start="2026-03-12T18:04:50.623103" elapsed="0.019638"/>
</kw>
<kw name="Element Should Be Visible" owner="SeleniumLibrary">
<msg time="2026-03-12T18:04:50.652801" level="INFO">Element 'css:input[name="username"]' is displayed.</msg>
<arg>${CAMPO_USUARIO}</arg>
<doc>Verifies that the element identified by ``locator`` is visible.</doc>
<status status="PASS" start="2026-03-12T18:04:50.642938" elapsed="0.009934"/>
</kw>
<kw name="Wait Until Element Is Visible" owner="SeleniumLibrary">
<arg>${CAMPO_SENHA}</arg>
<arg>10s</arg>
<doc>Waits until the element ``locator`` is visible.</doc>
<status status="PASS" start="2026-03-12T18:04:50.653027" elapsed="0.012962"/>
</kw>
<kw name="Element Should Be Visible" owner="SeleniumLibrary">
<msg time="2026-03-12T18:04:50.676395" level="INFO">Element 'css:input[name="password"]' is displayed.</msg>
<arg>${CAMPO_SENHA}</arg>
<doc>Verifies that the element identified by ``locator`` is visible.</doc>
<status status="PASS" start="2026-03-12T18:04:50.666153" elapsed="0.010308"/>
</kw>
<status status="PASS" start="2026-03-12T18:04:50.622755" elapsed="0.053795"/>
</kw>
<kw name="Quando ele preencher os campos de usuario e senha" owner="KeywordsLogin">
<kw name="Input Text" owner="SeleniumLibrary">
<msg time="2026-03-12T18:04:50.677382" level="INFO">Typing text 'john' into text field 'css:input[name="username"]'.</msg>
<arg>${CAMPO_USUARIO}</arg>
<arg>${usuario}</arg>
<doc>Types the given ``text`` into the text field identified by ``locator``.</doc>
<status status="PASS" start="2026-03-12T18:04:50.677178" elapsed="0.057465"/>
</kw>
<kw name="Input Text" owner="SeleniumLibrary">
<msg time="2026-03-12T18:04:50.735381" level="INFO">Typing text 'demo' into text field 'css:input[name="password"]'.</msg>
<arg>${CAMPO_SENHA}</arg>
<arg>${senha}</arg>
<doc>Types the given ``text`` into the text field identified by ``locator``.</doc>
<status status="PASS" start="2026-03-12T18:04:50.735025" elapsed="0.059533"/>
</kw>
<kw name="Click Button" owner="SeleniumLibrary">
<msg time="2026-03-12T18:04:50.795066" level="INFO">Clicking button 'css:input[type='submit'][value="Log In"]'.</msg>
<arg>${BOTAO_LOGIN}</arg>
<doc>Clicks the button identified by ``locator``.</doc>
<status status="PASS" start="2026-03-12T18:04:50.794804" elapsed="0.059996"/>
</kw>
<arg>${USUARIO_VALIDO}</arg>
<arg>${SENHA_VALIDO}</arg>
<status status="PASS" start="2026-03-12T18:04:50.676837" elapsed="0.178116"/>
</kw>
<kw name="Então ele deve ser redirecionado para a página inicial" owner="KeywordsLogin">
<kw name="Wait Until Element Is Visible" owner="SeleniumLibrary">
<arg>${BTN_LOGOUT}</arg>
<arg>10s</arg>
<doc>Waits until the element ``locator`` is visible.</doc>
<status status="PASS" start="2026-03-12T18:04:50.855581" elapsed="5.120829"/>
</kw>
<kw name="Element Should Be Visible" owner="SeleniumLibrary">
<msg time="2026-03-12T18:04:55.986541" level="INFO">Element 'css:a[href="logout.htm"]' is displayed.</msg>
<arg>${BTN_LOGOUT}</arg>
<doc>Verifies that the element identified by ``locator`` is visible.</doc>
<status status="PASS" start="2026-03-12T18:04:55.976703" elapsed="0.009912"/>
</kw>
<kw name="Wait Until Element Is Visible" owner="SeleniumLibrary">
<arg>${TABELA_TRANSFERENCIA}</arg>
<arg>10s</arg>
<doc>Waits until the element ``locator`` is visible.</doc>
<status status="PASS" start="2026-03-12T18:04:55.986797" elapsed="0.012489"/>
</kw>
<kw name="Element Should Be Visible" owner="SeleniumLibrary">
<msg time="2026-03-12T18:04:56.009539" level="INFO">Element 'css:table[id="accountTable"]' is displayed.</msg>
<arg>${TABELA_TRANSFERENCIA}</arg>
<doc>Verifies that the element identified by ``locator`` is visible.</doc>
<status status="PASS" start="2026-03-12T18:04:55.999433" elapsed="0.010172"/>
</kw>
<status status="PASS" start="2026-03-12T18:04:50.855219" elapsed="5.154498"/>
</kw>
<status status="PASS" start="2026-03-12T18:04:50.622264" elapsed="5.387513"/>
</kw>
<status status="PASS" start="2026-03-12T18:04:48.212296" elapsed="7.797530"/>
</kw>
<kw name="Dado que o usuário esteja na página de pagamento de contas" owner="KeywordsBillPay">
<kw name="Click Element" owner="SeleniumLibrary">
<msg time="2026-03-12T18:04:56.010477" level="INFO">Clicking element 'css:a[href="billpay.htm"]'.</msg>
<arg>${BTN_PAGAMENTO_CONTAS}</arg>
<doc>Click the element identified by ``locator``.</doc>
<status status="PASS" start="2026-03-12T18:04:56.010307" elapsed="0.231108"/>
</kw>
<kw name="Wait Until Element Is Visible" owner="SeleniumLibrary">
<arg>${TABELA_PAGAMENTO_CONTAS}</arg>
<arg>10s</arg>
<doc>Waits until the element ``locator`` is visible.</doc>
<status status="PASS" start="2026-03-12T18:04:56.241649" elapsed="0.016460"/>
</kw>
<status status="PASS" start="2026-03-12T18:04:56.010035" elapsed="0.248202"/>
</kw>
<kw name="Capturar Print Na Pasta Da Funcionalidade" owner="Common">
<kw name="Set Variable" owner="BuiltIn">
<msg time="2026-03-12T18:04:56.259269" level="INFO">${dir} = /home/runner/work/Parabank-Robot/Parabank-Robot/Results/Resources-BillPay/Evidences/BillPay</msg>
<var>${dir}</var>
<arg>${OUTPUT DIR}${/}Evidences${/}${feature}</arg>
<doc>Returns the given values which can then be assigned to a variables.</doc>
<status status="PASS" start="2026-03-12T18:04:56.258895" elapsed="0.000405"/>
</kw>
<kw name="Create Directory" owner="OperatingSystem">
<msg time="2026-03-12T18:04:56.259710" level="INFO" html="true">Created directory '&lt;a href="file:///home/runner/work/Parabank-Robot/Parabank-Robot/Results/Resources-BillPay/Evidences/BillPay"&gt;/home/runner/work/Parabank-Robot/Parabank-Robot/Results/Resources-BillPay/Evidences/BillPay&lt;/a&gt;'.</msg>
<arg>${dir}</arg>
<doc>Creates the specified directory.</doc>
<status status="PASS" start="2026-03-12T18:04:56.259410" elapsed="0.000359"/>
</kw>
<kw name="Set Variable" owner="BuiltIn">
<msg time="2026-03-12T18:04:56.260189" level="INFO">${file} = /home/runner/work/Parabank-Robot/Parabank-Robot/Results/Resources-BillPay/Evidences/BillPay/QBEF-30 Bill Pay SUCESS step-01.png</msg>
<var>${file}</var>
<arg>${dir}${/}${nome_arquivo}.png</arg>
<doc>Returns the given values which can then be assigned to a variables.</doc>
<status status="PASS" start="2026-03-12T18:04:56.259881" elapsed="0.000336"/>
</kw>
<kw name="Capture Page Screenshot" owner="SeleniumLibrary">
<msg time="2026-03-12T18:04:56.381645" level="INFO" html="true">&lt;/td&gt;&lt;/tr&gt;&lt;tr&gt;&lt;td colspan="3"&gt;&lt;a href="Evidences/BillPay/QBEF-30%20Bill%20Pay%20SUCESS%20step-01.png"&gt;&lt;img src="Evidences/BillPay/QBEF-30%20Bill%20Pay%20SUCESS%20step-01.png" width="800px"&gt;&lt;/a&gt;</msg>
<arg>${file}</arg>
<doc>Takes a screenshot of the current page and embeds it into a log file.</doc>
<status status="PASS" start="2026-03-12T18:04:56.260393" elapsed="0.121380"/>
</kw>
<arg>${TEST NAME} step-01</arg>
<arg>BillPay</arg>
<status status="PASS" start="2026-03-12T18:04:56.258464" elapsed="0.123410"/>
</kw>
<kw name="Quando ele preenche os campos de pagamento" owner="KeywordsBillPay">
<kw name="Wait Until Element Is Visible" owner="SeleniumLibrary">
<arg>${NOME_PAYEE}</arg>
<arg>10s</arg>
<doc>Waits until the element ``locator`` is visible.</doc>
<status status="PASS" start="2026-03-12T18:04:56.382649" elapsed="0.013781"/>
</kw>
<kw name="Input Text" owner="SeleniumLibrary">
<msg time="2026-03-12T18:04:56.396839" level="INFO">Typing text 'John Doe' into text field 'css:input[name="payee.name"]'.</msg>
<arg>${NOME_PAYEE}</arg>
<arg>${nome}</arg>
<doc>Types the given ``text`` into the text field identified by ``locator``.</doc>
<status status="PASS" start="2026-03-12T18:04:56.396590" elapsed="0.057383"/>
</kw>
<kw name="Input Text" owner="SeleniumLibrary">
<msg time="2026-03-12T18:04:56.454651" level="INFO">Typing text '123 Elm St' into text field 'css:input[name="payee.address.street"]'.</msg>
<arg>${CAMPO_ENDERECO}</arg>
<arg>${endereco}</arg>
<doc>Types the given ``text`` into the text field identified by ``locator``.</doc>
<status status="PASS" start="2026-03-12T18:04:56.454266" elapsed="0.063651"/>
</kw>
<kw name="Input Text" owner="SeleniumLibrary">
<msg time="2026-03-12T18:04:56.518617" level="INFO">Typing text 'Springfield' into text field 'css:input[name="payee.address.city"]'.</msg>
<arg>${CAMPO_CIDADE}</arg>
<arg>${cidade}</arg>
<doc>Types the given ``text`` into the text field identified by ``locator``.</doc>
<status status="PASS" start="2026-03-12T18:04:56.518244" elapsed="0.062587"/>
</kw>
<kw name="Input Text" owner="SeleniumLibrary">
<msg time="2026-03-12T18:04:56.581345" level="INFO">Typing text 'IL' into text field 'css:input[name="payee.address.state"]'.</msg>
<arg>${CAMPO_ESTADO}</arg>
<arg>${estado}</arg>
<doc>Types the given ``text`` into the text field identified by ``locator``.</doc>
<status status="PASS" start="2026-03-12T18:04:56.581060" elapsed="0.056901"/>
</kw>
<kw name="Input Text" owner="SeleniumLibrary">
<msg time="2026-03-12T18:04:56.638453" level="INFO">Typing text '62704' into text field 'css:input[name="payee.address.zipCode"]'.</msg>
<arg>${CAMPO_CEP}</arg>
<arg>${cep}</arg>
<doc>Types the given ``text`` into the text field identified by ``locator``.</doc>
<status status="PASS" start="2026-03-12T18:04:56.638178" elapsed="0.057086"/>
</kw>
<kw name="Input Text" owner="SeleniumLibrary">
<msg time="2026-03-12T18:04:56.695777" level="INFO">Typing text '555-1234' into text field 'css:input[name="payee.phoneNumber"]'.</msg>
<arg>${CAMPO_TELEFONE}</arg>
<arg>${telefone}</arg>
<doc>Types the given ``text`` into the text field identified by ``locator``.</doc>
<status status="PASS" start="2026-03-12T18:04:56.695476" elapsed="0.060294"/>
</kw>
<kw name="Input Text" owner="SeleniumLibrary">
<msg time="2026-03-12T18:04:56.756293" level="INFO">Typing text '13344' into text field 'css:input[name="payee.accountNumber"]'.</msg>
<arg>${CAMPO_CONTA}</arg>
<arg>${conta}</arg>
<doc>Types the given ``text`` into the text field identified by ``locator``.</doc>
<status status="PASS" start="2026-03-12T18:04:56.756002" elapsed="0.057776"/>
</kw>
<kw name="Input Text" owner="SeleniumLibrary">
<msg time="2026-03-12T18:04:56.814275" level="INFO">Typing text '13344' into text field 'css:input[name="verifyAccount"]'.</msg>
<arg>${CAMPO_VERIFICAR_CONTA}</arg>
<arg>${verificar_conta}</arg>
<doc>Types the given ``text`` into the text field identified by ``locator``.</doc>
<status status="PASS" start="2026-03-12T18:04:56.813996" elapsed="0.062978"/>
</kw>
<kw name="Input Text" owner="SeleniumLibrary">
<msg time="2026-03-12T18:04:56.877498" level="INFO">Typing text '900' into text field 'css:input[name="amount"]'.</msg>
<arg>${CAMPO_QUANTIDADE}</arg>
<arg>${quantidade}</arg>
<doc>Types the given ``text`` into the text field identified by ``locator``.</doc>
<status status="PASS" start="2026-03-12T18:04:56.877207" elapsed="0.057423"/>
</kw>
<kw name="Click Element" owner="SeleniumLibrary">
<msg time="2026-03-12T18:04:56.935256" level="INFO">Clicking element 'css:input[type="button"][value="Send Payment"]'.</msg>
<arg>${BOTAO_ENVIAR_PAGAMENTO}</arg>
<doc>Click the element identified by ``locator``.</doc>
<status status="PASS" start="2026-03-12T18:04:56.934959" elapsed="0.057119"/>
</kw>
<arg>${VALOR_NOME_PAYEE}</arg>
<arg>${VALOR_ENDERECO}</arg>
<arg>${VALOR_CIDADE}</arg>
<arg>${VALOR_ESTADO}</arg>
<arg>${VALOR_CEP}</arg>
<arg>${VALOR_TELEFONE}</arg>
<arg>${VALOR_CONTA}</arg>
<arg>${VALOR_VERIFICAR_CONTA}</arg>
<arg>${VALOR_QUANTIDADE}</arg>
<status status="PASS" start="2026-03-12T18:04:56.382116" elapsed="0.610123"/>
</kw>
<kw name="Capturar Print Na Pasta Da Funcionalidade" owner="Common">
<kw name="Set Variable" owner="BuiltIn">
<msg time="2026-03-12T18:04:56.993620" level="INFO">${dir} = /home/runner/work/Parabank-Robot/Parabank-Robot/Results/Resources-BillPay/Evidences/BillPay</msg>
<var>${dir}</var>
<arg>${OUTPUT DIR}${/}Evidences${/}${feature}</arg>
<doc>Returns the given values which can then be assigned to a variables.</doc>
<status status="PASS" start="2026-03-12T18:04:56.993109" elapsed="0.000575"/>
</kw>
<kw name="Create Directory" owner="OperatingSystem">
<msg time="2026-03-12T18:04:56.994068" level="INFO" html="true">Directory '&lt;a href="file:///home/runner/work/Parabank-Robot/Parabank-Robot/Results/Resources-BillPay/Evidences/BillPay"&gt;/home/runner/work/Parabank-Robot/Parabank-Robot/Results/Resources-BillPay/Evidences/BillPay&lt;/a&gt;' already exists.</msg>
<arg>${dir}</arg>
<doc>Creates the specified directory.</doc>
<status status="PASS" start="2026-03-12T18:04:56.993861" elapsed="0.000278"/>
</kw>
<kw name="Set Variable" owner="BuiltIn">
<msg time="2026-03-12T18:04:56.994815" level="INFO">${file} = /home/runner/work/Parabank-Robot/Parabank-Robot/Results/Resources-BillPay/Evidences/BillPay/QBEF-30 Bill Pay SUCESS step-02.png</msg>
<var>${file}</var>
<arg>${dir}${/}${nome_arquivo}.png</arg>
<doc>Returns the given values which can then be assigned to a variables.</doc>
<status status="PASS" start="2026-03-12T18:04:56.994292" elapsed="0.000563"/>
</kw>
<kw name="Capture Page Screenshot" owner="SeleniumLibrary">
<msg time="2026-03-12T18:04:57.082796" level="INFO" html="true">&lt;/td&gt;&lt;/tr&gt;&lt;tr&gt;&lt;td colspan="3"&gt;&lt;a href="Evidences/BillPay/QBEF-30%20Bill%20Pay%20SUCESS%20step-02.png"&gt;&lt;img src="Evidences/BillPay/QBEF-30%20Bill%20Pay%20SUCESS%20step-02.png" width="800px"&gt;&lt;/a&gt;</msg>
<arg>${file}</arg>
<doc>Takes a screenshot of the current page and embeds it into a log file.</doc>
<status status="PASS" start="2026-03-12T18:04:56.995038" elapsed="0.087868"/>
</kw>
<arg>${TEST NAME} step-02</arg>
<arg>BillPay</arg>
<status status="PASS" start="2026-03-12T18:04:56.992562" elapsed="0.090445"/>
</kw>
<kw name="Então o pagamento deve ser realizado" owner="KeywordsBillPay">
<kw name="Wait Until Page Contains Element" owner="SeleniumLibrary">
<arg>${MENSAGEM_RESULTADO}</arg>
<arg>10s</arg>
<doc>Waits until the element ``locator`` appears on the current page.</doc>
<status status="PASS" start="2026-03-12T18:04:57.083494" elapsed="0.022157"/>
</kw>
<kw name="Page Should Contain Element" owner="SeleniumLibrary">
<msg time="2026-03-12T18:04:57.113216" level="INFO">Current page contains element 'css:div[id="billpayResult"]'.</msg>
<arg>${MENSAGEM_RESULTADO}</arg>
<doc>Verifies that element ``locator`` is found on the current page.</doc>
<status status="PASS" start="2026-03-12T18:04:57.105926" elapsed="0.007361"/>
</kw>
<status status="PASS" start="2026-03-12T18:04:57.083215" elapsed="0.030155"/>
</kw>
<kw name="Capturar Print Na Pasta Da Funcionalidade" owner="Common">
<kw name="Set Variable" owner="BuiltIn">
<msg time="2026-03-12T18:04:57.114334" level="INFO">${dir} = /home/runner/work/Parabank-Robot/Parabank-Robot/Results/Resources-BillPay/Evidences/BillPay</msg>
<var>${dir}</var>
<arg>${OUTPUT DIR}${/}Evidences${/}${feature}</arg>
<doc>Returns the given values which can then be assigned to a variables.</doc>
<status status="PASS" start="2026-03-12T18:04:57.113948" elapsed="0.000414"/>
</kw>
<kw name="Create Directory" owner="OperatingSystem">
<msg time="2026-03-12T18:04:57.114619" level="INFO" html="true">Directory '&lt;a href="file:///home/runner/work/Parabank-Robot/Parabank-Robot/Results/Resources-BillPay/Evidences/BillPay"&gt;/home/runner/work/Parabank-Robot/Parabank-Robot/Results/Resources-BillPay/Evidences/BillPay&lt;/a&gt;' already exists.</msg>
<arg>${dir}</arg>
<doc>Creates the specified directory.</doc>
<status status="PASS" start="2026-03-12T18:04:57.114471" elapsed="0.000220"/>
</kw>
<kw name="Set Variable" owner="BuiltIn">
<msg time="2026-03-12T18:04:57.115074" level="INFO">${file} = /home/runner/work/Parabank-Robot/Parabank-Robot/Results/Resources-BillPay/Evidences/BillPay/QBEF-30 Bill Pay SUCESS step-03.png</msg>
<var>${file}</var>
<arg>${dir}${/}${nome_arquivo}.png</arg>
<doc>Returns the given values which can then be assigned to a variables.</doc>
<status status="PASS" start="2026-03-12T18:04:57.114799" elapsed="0.000300"/>
</kw>
<kw name="Capture Page Screenshot" owner="SeleniumLibrary">
<msg time="2026-03-12T18:04:57.202095" level="INFO" html="true">&lt;/td&gt;&lt;/tr&gt;&lt;tr&gt;&lt;td colspan="3"&gt;&lt;a href="Evidences/BillPay/QBEF-30%20Bill%20Pay%20SUCESS%20step-03.png"&gt;&lt;img src="Evidences/BillPay/QBEF-30%20Bill%20Pay%20SUCESS%20step-03.png" width="800px"&gt;&lt;/a&gt;</msg>
<arg>${file}</arg>
<doc>Takes a screenshot of the current page and embeds it into a log file.</doc>
<status status="PASS" start="2026-03-12T18:04:57.115218" elapsed="0.086985"/>
</kw>
<arg>${TEST NAME} step-03</arg>
<arg>BillPay</arg>
<status status="PASS" start="2026-03-12T18:04:57.113575" elapsed="0.088732"/>
</kw>
<kw name="Teardown Padrao" owner="Common" type="TEARDOWN">
<kw name="Run Keyword If Test Failed" owner="BuiltIn">
<arg>Capture Page Screenshot</arg>
<arg>${OUTPUTDIR}/FAIL_${TEST NAME}.png</arg>
<doc>Runs the given keyword with the given arguments, if the test failed.</doc>
<status status="PASS" start="2026-03-12T18:04:57.202925" elapsed="0.000293"/>
</kw>
<kw name="Close Browser" owner="SeleniumLibrary">
<doc>Closes the current browser.</doc>
<status status="PASS" start="2026-03-12T18:04:57.203342" elapsed="0.062430"/>
</kw>
<status status="PASS" start="2026-03-12T18:04:57.202596" elapsed="0.063296"/>
</kw>
<tag>BillPay</tag>
<tag>Positive</tag>
<status status="PASS" start="2026-03-12T18:04:48.211555" elapsed="9.054399"/>
</test>
<test id="s1-s1-t2" name="QBEF-31 Bill Pay FAIL - Not name field" line="19">
<kw name="Iniciar Sessao Autenticada" owner="Common" type="SETUP">
<kw name="Dado que eu acesse o site Parabank" owner="setup_teardown">
<kw name="Criar Opcoes Do Browser" owner="setup_teardown">
<kw name="Evaluate" owner="BuiltIn">
<msg time="2026-03-12T18:04:57.268243" level="INFO">${is_chrome} = True</msg>
<var>${is_chrome}</var>
<arg>'${BROWSER}'.lower() == 'chrome'</arg>
<doc>Evaluates the given expression in Python and returns the result.</doc>
<status status="PASS" start="2026-03-12T18:04:57.267815" elapsed="0.000457"/>
</kw>
<if>
<branch type="IF" condition="${is_chrome}">
<kw name="Evaluate" owner="BuiltIn">
<msg time="2026-03-12T18:04:57.269077" level="INFO">${options} = &lt;selenium.webdriver.chrome.options.Options object at 0x7effe5d73710&gt;</msg>
<var>${options}</var>
<arg>sys.modules['selenium.webdriver'].ChromeOptions()</arg>
<arg>sys</arg>
<doc>Evaluates the given expression in Python and returns the result.</doc>
<status status="PASS" start="2026-03-12T18:04:57.268521" elapsed="0.000585"/>
</kw>
<kw name="Set Variable" owner="BuiltIn">
<msg time="2026-03-12T18:04:57.269450" level="INFO">${arg_window} = --window-size=1920,1080</msg>
<var>${arg_window}</var>
<arg>--window-size=1920,1080</arg>
<doc>Returns the given values which can then be assigned to a variables.</doc>
<status status="PASS" start="2026-03-12T18:04:57.269228" elapsed="0.000246"/>
</kw>
<kw name="Set Variable" owner="BuiltIn">
<msg time="2026-03-12T18:04:57.269820" level="INFO">${arg_dev_shm} = --disable-dev-shm-usage</msg>
<var>${arg_dev_shm}</var>
<arg>--disable-dev-shm-usage</arg>
<doc>Returns the given values which can then be assigned to a variables.</doc>
<status status="PASS" start="2026-03-12T18:04:57.269578" elapsed="0.000267"/>
</kw>
<kw name="Set Variable" owner="BuiltIn">
<msg time="2026-03-12T18:04:57.270145" level="INFO">${arg_sandbox} = --no-sandbox</msg>
<var>${arg_sandbox}</var>
<arg>--no-sandbox</arg>
<doc>Returns the given values which can then be assigned to a variables.</doc>
<status status="PASS" start="2026-03-12T18:04:57.269946" elapsed="0.000223"/>
</kw>
<kw name="Call Method" owner="BuiltIn">
<arg>${options}</arg>
<arg>add_argument</arg>
<arg>${arg_window}</arg>
<doc>Calls the named method of the given object with the provided arguments.</doc>
<status status="PASS" start="2026-03-12T18:04:57.270269" elapsed="0.000227"/>
</kw>
<kw name="Call Method" owner="BuiltIn">
<arg>${options}</arg>
<arg>add_argument</arg>
<arg>${arg_dev_shm}</arg>
<doc>Calls the named method of the given object with the provided arguments.</doc>
<status status="PASS" start="2026-03-12T18:04:57.270599" elapsed="0.000276"/>
</kw>
<kw name="Call Method" owner="BuiltIn">
<arg>${options}</arg>
<arg>add_argument</arg>
<arg>${arg_sandbox}</arg>
<doc>Calls the named method of the given object with the provided arguments.</doc>
<status status="PASS" start="2026-03-12T18:04:57.270980" elapsed="0.000221"/>
</kw>
<kw name="Evaluate" owner="BuiltIn">
<msg time="2026-03-12T18:04:57.271590" level="INFO">${headless} = True</msg>
<var>${headless}</var>
<arg>str('${HEADLESS}').lower() in ['true','1','yes']</arg>
<doc>Evaluates the given expression in Python and returns the result.</doc>
<status status="PASS" start="2026-03-12T18:04:57.271304" elapsed="0.000311"/>
</kw>
<if>
<branch type="IF" condition="${headless}">
<kw name="Set Variable" owner="BuiltIn">
<msg time="2026-03-12T18:04:57.272071" level="INFO">${arg_headless} = --headless=new</msg>
<var>${arg_headless}</var>
<arg>--headless=new</arg>
<doc>Returns the given values which can then be assigned to a variables.</doc>
<status status="PASS" start="2026-03-12T18:04:57.271860" elapsed="0.000235"/>
</kw>
<kw name="Call Method" owner="BuiltIn">
<arg>${options}</arg>
<arg>add_argument</arg>
<arg>${arg_headless}</arg>
<doc>Calls the named method of the given object with the provided arguments.</doc>
<status status="PASS" start="2026-03-12T18:04:57.272194" elapsed="0.000223"/>
</kw>
<status status="PASS" start="2026-03-12T18:04:57.271729" elapsed="0.000729"/>
</branch>
<status status="PASS" start="2026-03-12T18:04:57.271704" elapsed="0.000790"/>
</if>
<return>
<value>${options}</value>
<status status="PASS" start="2026-03-12T18:04:57.272530" elapsed="0.000047"/>
</return>
<status status="PASS" start="2026-03-12T18:04:57.268363" elapsed="0.004253"/>
</branch>
<status status="PASS" start="2026-03-12T18:04:57.268337" elapsed="0.004310"/>
</if>
<return>
<value>${None}</value>
<status status="NOT RUN" start="2026-03-12T18:04:57.272697" elapsed="0.000022"/>
</return>
<msg time="2026-03-12T18:04:57.272834" level="INFO">${options} = &lt;selenium.webdriver.chrome.options.Options object at 0x7effe5d73710&gt;</msg>
<var>${options}</var>
<status status="PASS" start="2026-03-12T18:04:57.267565" elapsed="0.005294"/>
</kw>
<kw name="Open Browser" owner="SeleniumLibrary">
<msg time="2026-03-12T18:04:57.273213" level="INFO">Opening browser 'chrome' to base url 'http://parabank.parasoft.com/parabank/index.htm'.</msg>
<msg time="2026-03-12T18:04:57.321886" level="WARN">The chromedriver version (145.0.7632.117) detected in PATH at /usr/bin/chromedriver might not be compatible with the detected chrome version (146.0.7680.71); currently, chromedriver 146.0.7680.72 is recommended for chrome 146.*, so it is advised to delete the driver in PATH and retry</msg>
<arg>${BASE_URL_QAA}</arg>
<arg>${BROWSER}</arg>
<arg>options=${options}</arg>
<doc>Opens a new browser instance to the optional ``url``.</doc>
<status status="PASS" start="2026-03-12T18:04:57.272982" elapsed="0.801727"/>
</kw>
<if>
<branch type="IF" condition="'${HEADLESS}' != 'True'">
<kw name="Maximize Browser Window" owner="SeleniumLibrary">
<doc>Maximizes current browser window.</doc>
<status status="NOT RUN" start="2026-03-12T18:04:58.075290" elapsed="0.000046"/>
</kw>
<status status="NOT RUN" start="2026-03-12T18:04:58.074941" elapsed="0.000438"/>
</branch>
<status status="PASS" start="2026-03-12T18:04:58.074889" elapsed="0.000534"/>
</if>
<kw name="Set Selenium Timeout" owner="SeleniumLibrary">
<arg>10s</arg>
<doc>Sets the timeout that is used by various keywords.</doc>
<status status="PASS" start="2026-03-12T18:04:58.075551" elapsed="0.001027"/>
</kw>
<status status="PASS" start="2026-03-12T18:04:57.267237" elapsed="0.809448"/>
</kw>
<kw name="Fazer login com Sucesso" owner="Common">
<kw name="Dado que o usuário esteja na tela de Login" owner="KeywordsLogin">
<kw name="Wait Until Element Is Visible" owner="SeleniumLibrary">
<arg>${CAMPO_USUARIO}</arg>
<arg>10s</arg>
<doc>Waits until the element ``locator`` is visible.</doc>
<status status="PASS" start="2026-03-12T18:04:58.077363" elapsed="0.019392"/>
</kw>
<kw name="Element Should Be Visible" owner="SeleniumLibrary">
<msg time="2026-03-12T18:04:58.107232" level="INFO">Element 'css:input[name="username"]' is displayed.</msg>
<arg>${CAMPO_USUARIO}</arg>
<doc>Verifies that the element identified by ``locator`` is visible.</doc>
<status status="PASS" start="2026-03-12T18:04:58.096969" elapsed="0.010338"/>
</kw>
<kw name="Wait Until Element Is Visible" owner="SeleniumLibrary">
<arg>${CAMPO_SENHA}</arg>
<arg>10s</arg>
<doc>Waits until the element ``locator`` is visible.</doc>
<status status="PASS" start="2026-03-12T18:04:58.107478" elapsed="0.015849"/>
</kw>
<kw name="Element Should Be Visible" owner="SeleniumLibrary">
<msg time="2026-03-12T18:04:58.133742" level="INFO">Element 'css:input[name="password"]' is displayed.</msg>
<arg>${CAMPO_SENHA}</arg>
<doc>Verifies that the element identified by ``locator`` is visible.</doc>
<status status="PASS" start="2026-03-12T18:04:58.123501" elapsed="0.010305"/>
</kw>
<status status="PASS" start="2026-03-12T18:04:58.077145" elapsed="0.056741"/>
</kw>
<kw name="Quando ele preencher os campos de usuario e senha" owner="KeywordsLogin">
<kw name="Input Text" owner="SeleniumLibrary">
<msg time="2026-03-12T18:04:58.134617" level="INFO">Typing text 'john' into text field 'css:input[name="username"]'.</msg>
<arg>${CAMPO_USUARIO}</arg>
<arg>${usuario}</arg>
<doc>Types the given ``text`` into the text field identified by ``locator``.</doc>
<status status="PASS" start="2026-03-12T18:04:58.134418" elapsed="0.056011"/>
</kw>
<kw name="Input Text" owner="SeleniumLibrary">
<msg time="2026-03-12T18:04:58.190978" level="INFO">Typing text 'demo' into text field 'css:input[name="password"]'.</msg>
<arg>${CAMPO_SENHA}</arg>
<arg>${senha}</arg>
<doc>Types the given ``text`` into the text field identified by ``locator``.</doc>
<status status="PASS" start="2026-03-12T18:04:58.190696" elapsed="0.061045"/>
</kw>
<kw name="Click Button" owner="SeleniumLibrary">
<msg time="2026-03-12T18:04:58.252255" level="INFO">Clicking button 'css:input[type='submit'][value="Log In"]'.</msg>
<arg>${BOTAO_LOGIN}</arg>
<doc>Clicks the button identified by ``locator``.</doc>
<status status="PASS" start="2026-03-12T18:04:58.251973" elapsed="0.336760"/>
</kw>
<arg>${USUARIO_VALIDO}</arg>
<arg>${SENHA_VALIDO}</arg>
<status status="PASS" start="2026-03-12T18:04:58.134079" elapsed="0.454823"/>
</kw>
<kw name="Então ele deve ser redirecionado para a página inicial" owner="KeywordsLogin">
<kw name="Wait Until Element Is Visible" owner="SeleniumLibrary">
<arg>${BTN_LOGOUT}</arg>
<arg>10s</arg>
<doc>Waits until the element ``locator`` is visible.</doc>
<status status="PASS" start="2026-03-12T18:04:58.589636" elapsed="0.019316"/>
</kw>
<kw name="Element Should Be Visible" owner="SeleniumLibrary">
<msg time="2026-03-12T18:04:58.619202" level="INFO">Element 'css:a[href="logout.htm"]' is displayed.</msg>
<arg>${BTN_LOGOUT}</arg>
<doc>Verifies that the element identified by ``locator`` is visible.</doc>
<status status="PASS" start="2026-03-12T18:04:58.609167" elapsed="0.010108"/>
</kw>
<kw name="Wait Until Element Is Visible" owner="SeleniumLibrary">
<arg>${TABELA_TRANSFERENCIA}</arg>
<arg>10s</arg>
<doc>Waits until the element ``locator`` is visible.</doc>
<status status="PASS" start="2026-03-12T18:04:58.619447" elapsed="0.013351"/>
</kw>
<kw name="Element Should Be Visible" owner="SeleniumLibrary">
<msg time="2026-03-12T18:04:58.642340" level="INFO">Element 'css:table[id="accountTable"]' is displayed.</msg>
<arg>${TABELA_TRANSFERENCIA}</arg>
<doc>Verifies that the element identified by ``locator`` is visible.</doc>
<status status="PASS" start="2026-03-12T18:04:58.633005" elapsed="0.009404"/>
</kw>
<status status="PASS" start="2026-03-12T18:04:58.589209" elapsed="0.053279"/>
</kw>
<status status="PASS" start="2026-03-12T18:04:58.076865" elapsed="0.565678"/>
</kw>
<status status="PASS" start="2026-03-12T18:04:57.266854" elapsed="1.375740"/>
</kw>
<kw name="Dado que o usuário esteja na página de pagamento de contas" owner="KeywordsBillPay">
<kw name="Click Element" owner="SeleniumLibrary">
<msg time="2026-03-12T18:04:58.643256" level="INFO">Clicking element 'css:a[href="billpay.htm"]'.</msg>
<arg>${BTN_PAGAMENTO_CONTAS}</arg>
<doc>Click the element identified by ``locator``.</doc>
<status status="PASS" start="2026-03-12T18:04:58.643072" elapsed="0.162127"/>
</kw>
<kw name="Wait Until Element Is Visible" owner="SeleniumLibrary">
<arg>${TABELA_PAGAMENTO_CONTAS}</arg>
<arg>10s</arg>
<doc>Waits until the element ``locator`` is visible.</doc>
<status status="PASS" start="2026-03-12T18:04:58.805522" elapsed="0.020072"/>
</kw>
<status status="PASS" start="2026-03-12T18:04:58.642815" elapsed="0.182929"/>
</kw>
<kw name="Capturar Print Na Pasta Da Funcionalidade" owner="Common">
<kw name="Set Variable" owner="BuiltIn">
<msg time="2026-03-12T18:04:58.826724" level="INFO">${dir} = /home/runner/work/Parabank-Robot/Parabank-Robot/Results/Resources-BillPay/Evidences/BillPay</msg>
<var>${dir}</var>
<arg>${OUTPUT DIR}${/}Evidences${/}${feature}</arg>
<doc>Returns the given values which can then be assigned to a variables.</doc>
<status status="PASS" start="2026-03-12T18:04:58.826344" elapsed="0.000410"/>
</kw>
<kw name="Create Directory" owner="OperatingSystem">
<msg time="2026-03-12T18:04:58.827027" level="INFO" html="true">Directory '&lt;a href="file:///home/runner/work/Parabank-Robot/Parabank-Robot/Results/Resources-BillPay/Evidences/BillPay"&gt;/home/runner/work/Parabank-Robot/Parabank-Robot/Results/Resources-BillPay/Evidences/BillPay&lt;/a&gt;' already exists.</msg>
<arg>${dir}</arg>
<doc>Creates the specified directory.</doc>
<status status="PASS" start="2026-03-12T18:04:58.826869" elapsed="0.000206"/>
</kw>
<kw name="Set Variable" owner="BuiltIn">
<msg time="2026-03-12T18:04:58.827456" level="INFO">${file} = /home/runner/work/Parabank-Robot/Parabank-Robot/Results/Resources-BillPay/Evidences/BillPay/QBEF-31 Bill Pay FAIL - Not name field step-01.png</msg>
<var>${file}</var>
<arg>${dir}${/}${nome_arquivo}.png</arg>
<doc>Returns the given values which can then be assigned to a variables.</doc>
<status status="PASS" start="2026-03-12T18:04:58.827180" elapsed="0.000303"/>
</kw>
<kw name="Capture Page Screenshot" owner="SeleniumLibrary">
<msg time="2026-03-12T18:04:58.932022" level="INFO" html="true">&lt;/td&gt;&lt;/tr&gt;&lt;tr&gt;&lt;td colspan="3"&gt;&lt;a href="Evidences/BillPay/QBEF-31%20Bill%20Pay%20FAIL%20-%20Not%20name%20field%20step-01.png"&gt;&lt;img src="Evidences/BillPay/QBEF-31%20Bill%20Pay%20FAIL%20-%20Not%20name%20field%20step-01.png" width="800px"&gt;&lt;/a&gt;</msg>
<arg>${file}</arg>
<doc>Takes a screenshot of the current page and embeds it into a log file.</doc>
<status status="PASS" start="2026-03-12T18:04:58.827598" elapsed="0.104532"/>
</kw>
<arg>${TEST NAME} step-01</arg>
<arg>BillPay</arg>
<status status="PASS" start="2026-03-12T18:04:58.825966" elapsed="0.106264"/>
</kw>
<kw name="Quando ele preenche os campos de pagamento" owner="KeywordsBillPay">
<kw name="Wait Until Element Is Visible" owner="SeleniumLibrary">
<arg>${NOME_PAYEE}</arg>
<arg>10s</arg>
<doc>Waits until the element ``locator`` is visible.</doc>
<status status="PASS" start="2026-03-12T18:04:58.933753" elapsed="0.013655"/>
</kw>
<kw name="Input Text" owner="SeleniumLibrary">
<msg time="2026-03-12T18:04:58.947821" level="INFO">Typing text '' into text field 'css:input[name="payee.name"]'.</msg>
<arg>${NOME_PAYEE}</arg>
<arg>${nome}</arg>
<doc>Types the given ``text`` into the text field identified by ``locator``.</doc>
<status status="PASS" start="2026-03-12T18:04:58.947564" elapsed="0.052702"/>
</kw>
<kw name="Input Text" owner="SeleniumLibrary">
<msg time="2026-03-12T18:04:59.000880" level="INFO">Typing text '123 Elm St' into text field 'css:input[name="payee.address.street"]'.</msg>
<arg>${CAMPO_ENDERECO}</arg>
<arg>${endereco}</arg>
<doc>Types the given ``text`` into the text field identified by ``locator``.</doc>
<status status="PASS" start="2026-03-12T18:04:59.000522" elapsed="0.064337"/>
</kw>
<kw name="Input Text" owner="SeleniumLibrary">
<msg time="2026-03-12T18:04:59.065372" level="INFO">Typing text 'Springfield' into text field 'css:input[name="payee.address.city"]'.</msg>
<arg>${CAMPO_CIDADE}</arg>
<arg>${cidade}</arg>
<doc>Types the given ``text`` into the text field identified by ``locator``.</doc>
<status status="PASS" start="2026-03-12T18:04:59.065089" elapsed="0.062255"/>
</kw>
<kw name="Input Text" owner="SeleniumLibrary">
<msg time="2026-03-12T18:04:59.127869" level="INFO">Typing text 'IL' into text field 'css:input[name="payee.address.state"]'.</msg>
<arg>${CAMPO_ESTADO}</arg>
<arg>${estado}</arg>
<doc>Types the given ``text`` into the text field identified by ``locator``.</doc>
<status status="PASS" start="2026-03-12T18:04:59.127561" elapsed="0.057330"/>
</kw>
<kw name="Input Text" owner="SeleniumLibrary">
<msg time="2026-03-12T18:04:59.185397" level="INFO">Typing text '62704' into text field 'css:input[name="payee.address.zipCode"]'.</msg>
<arg>${CAMPO_CEP}</arg>
<arg>${cep}</arg>
<doc>Types the given ``text`` into the text field identified by ``locator``.</doc>
<status status="PASS" start="2026-03-12T18:04:59.185114" elapsed="0.058010"/>
</kw>
<kw name="Input Text" owner="SeleniumLibrary">
<msg time="2026-03-12T18:04:59.243610" level="INFO">Typing text '555-1234' into text field 'css:input[name="payee.phoneNumber"]'.</msg>
<arg>${CAMPO_TELEFONE}</arg>
<arg>${telefone}</arg>
<doc>Types the given ``text`` into the text field identified by ``locator``.</doc>
<status status="PASS" start="2026-03-12T18:04:59.243337" elapsed="0.059044"/>
</kw>
<kw name="Input Text" owner="SeleniumLibrary">
<msg time="2026-03-12T18:04:59.302907" level="INFO">Typing text '13344' into text field 'css:input[name="payee.accountNumber"]'.</msg>
<arg>${CAMPO_CONTA}</arg>
<arg>${conta}</arg>
<doc>Types the given ``text`` into the text field identified by ``locator``.</doc>
<status status="PASS" start="2026-03-12T18:04:59.302597" elapsed="0.057182"/>
</kw>
<kw name="Input Text" owner="SeleniumLibrary">
<msg time="2026-03-12T18:04:59.360279" level="INFO">Typing text '13344' into text field 'css:input[name="verifyAccount"]'.</msg>
<arg>${CAMPO_VERIFICAR_CONTA}</arg>
<arg>${verificar_conta}</arg>
<doc>Types the given ``text`` into the text field identified by ``locator``.</doc>
<status status="PASS" start="2026-03-12T18:04:59.359998" elapsed="0.056029"/>
</kw>
<kw name="Input Text" owner="SeleniumLibrary">
<msg time="2026-03-12T18:04:59.416558" level="INFO">Typing text '900' into text field 'css:input[name="amount"]'.</msg>
<arg>${CAMPO_QUANTIDADE}</arg>
<arg>${quantidade}</arg>
<doc>Types the given ``text`` into the text field identified by ``locator``.</doc>
<status status="PASS" start="2026-03-12T18:04:59.416243" elapsed="0.056288"/>
</kw>
<kw name="Click Element" owner="SeleniumLibrary">
<msg time="2026-03-12T18:04:59.473060" level="INFO">Clicking element 'css:input[type="button"][value="Send Payment"]'.</msg>
<arg>${BOTAO_ENVIAR_PAGAMENTO}</arg>
<doc>Click the element identified by ``locator``.</doc>
<status status="PASS" start="2026-03-12T18:04:59.472795" elapsed="0.061842"/>
</kw>
<arg>${EMPTY}</arg>
<arg>${VALOR_ENDERECO}</arg>
<arg>${VALOR_CIDADE}</arg>
<arg>${VALOR_ESTADO}</arg>
<arg>${VALOR_CEP}</arg>
<arg>${VALOR_TELEFONE}</arg>
<arg>${VALOR_CONTA}</arg>
<arg>${VALOR_VERIFICAR_CONTA}</arg>
<arg>${VALOR_QUANTIDADE}</arg>
<status status="PASS" start="2026-03-12T18:04:58.932470" elapsed="0.602339"/>
</kw>
<kw name="Capturar Print Na Pasta Da Funcionalidade" owner="Common">
<kw name="Set Variable" owner="BuiltIn">
<msg time="2026-03-12T18:04:59.536223" level="INFO">${dir} = /home/runner/work/Parabank-Robot/Parabank-Robot/Results/Resources-BillPay/Evidences/BillPay</msg>
<var>${dir}</var>
<arg>${OUTPUT DIR}${/}Evidences${/}${feature}</arg>
<doc>Returns the given values which can then be assigned to a variables.</doc>
<status status="PASS" start="2026-03-12T18:04:59.535706" elapsed="0.000551"/>
</kw>
<kw name="Create Directory" owner="OperatingSystem">
<msg time="2026-03-12T18:04:59.536538" level="INFO" html="true">Directory '&lt;a href="file:///home/runner/work/Parabank-Robot/Parabank-Robot/Results/Resources-BillPay/Evidences/BillPay"&gt;/home/runner/work/Parabank-Robot/Parabank-Robot/Results/Resources-BillPay/Evidences/BillPay&lt;/a&gt;' already exists.</msg>
<arg>${dir}</arg>
<doc>Creates the specified directory.</doc>
<status status="PASS" start="2026-03-12T18:04:59.536383" elapsed="0.000204"/>
</kw>
<kw name="Set Variable" owner="BuiltIn">
<msg time="2026-03-12T18:04:59.537009" level="INFO">${file} = /home/runner/work/Parabank-Robot/Parabank-Robot/Results/Resources-BillPay/Evidences/BillPay/QBEF-31 Bill Pay FAIL - Not name field step-02.png</msg>
<var>${file}</var>
<arg>${dir}${/}${nome_arquivo}.png</arg>
<doc>Returns the given values which can then be assigned to a variables.</doc>
<status status="PASS" start="2026-03-12T18:04:59.536722" elapsed="0.000312"/>
</kw>
<kw name="Capture Page Screenshot" owner="SeleniumLibrary">
<msg time="2026-03-12T18:04:59.632472" level="INFO" html="true">&lt;/td&gt;&lt;/tr&gt;&lt;tr&gt;&lt;td colspan="3"&gt;&lt;a href="Evidences/BillPay/QBEF-31%20Bill%20Pay%20FAIL%20-%20Not%20name%20field%20step-02.png"&gt;&lt;img src="Evidences/BillPay/QBEF-31%20Bill%20Pay%20FAIL%20-%20Not%20name%20field%20step-02.png" width="800px"&gt;&lt;/a&gt;</msg>
<arg>${file}</arg>
<doc>Takes a screenshot of the current page and embeds it into a log file.</doc>
<status status="PASS" start="2026-03-12T18:04:59.537157" elapsed="0.095427"/>
</kw>
<arg>${TEST NAME} step-02</arg>
<arg>BillPay</arg>
<status status="PASS" start="2026-03-12T18:04:59.535130" elapsed="0.097576"/>
</kw>
<kw name="Então o pagamento NÃO deve ser realizado devido ao campo nome não estar preenchido" owner="KeywordsBillPay">
<kw name="Wait Until Element Is Visible" owner="SeleniumLibrary">
<arg>${MENSAGEM_ERRO_NOME}</arg>
<arg>10s</arg>
<doc>Waits until the element ``locator`` is visible.</doc>
<status status="PASS" start="2026-03-12T18:04:59.633228" elapsed="0.013763"/>
</kw>
<kw name="Element Should Be Visible" owner="SeleniumLibrary">
<msg time="2026-03-12T18:04:59.656742" level="INFO">Element 'css:span[id="validationModel-name"]' is displayed.</msg>
<arg>${MENSAGEM_ERRO_NOME}</arg>
<doc>Verifies that the element identified by ``locator`` is visible.</doc>
<status status="PASS" start="2026-03-12T18:04:59.647134" elapsed="0.009670"/>
</kw>
<status status="PASS" start="2026-03-12T18:04:59.632933" elapsed="0.023942"/>
</kw>
<kw name="Capturar Print Na Pasta Da Funcionalidade" owner="Common">
<kw name="Set Variable" owner="BuiltIn">
<msg time="2026-03-12T18:04:59.657723" level="INFO">${dir} = /home/runner/work/Parabank-Robot/Parabank-Robot/Results/Resources-BillPay/Evidences/BillPay</msg>
<var>${dir}</var>
<arg>${OUTPUT DIR}${/}Evidences${/}${feature}</arg>
<doc>Returns the given values which can then be assigned to a variables.</doc>
<status status="PASS" start="2026-03-12T18:04:59.657357" elapsed="0.000398"/>
</kw>
<kw name="Create Directory" owner="OperatingSystem">
<msg time="2026-03-12T18:04:59.657999" level="INFO" html="true">Directory '&lt;a href="file:///home/runner/work/Parabank-Robot/Parabank-Robot/Results/Resources-BillPay/Evidences/BillPay"&gt;/home/runner/work/Parabank-Robot/Parabank-Robot/Results/Resources-BillPay/Evidences/BillPay&lt;/a&gt;' already exists.</msg>
<arg>${dir}</arg>
<doc>Creates the specified directory.</doc>
<status status="PASS" start="2026-03-12T18:04:59.657863" elapsed="0.000183"/>
</kw>
<kw name="Set Variable" owner="BuiltIn">
<msg time="2026-03-12T18:04:59.658417" level="INFO">${file} = /home/runner/work/Parabank-Robot/Parabank-Robot/Results/Resources-BillPay/Evidences/BillPay/QBEF-31 Bill Pay FAIL - Not name field step-03.png</msg>
<var>${file}</var>
<arg>${dir}${/}${nome_arquivo}.png</arg>
<doc>Returns the given values which can then be assigned to a variables.</doc>
<status status="PASS" start="2026-03-12T18:04:59.658147" elapsed="0.000296"/>
</kw>
<kw name="Capture Page Screenshot" owner="SeleniumLibrary">
<msg time="2026-03-12T18:04:59.732527" level="INFO" html="true">&lt;/td&gt;&lt;/tr&gt;&lt;tr&gt;&lt;td colspan="3"&gt;&lt;a href="Evidences/BillPay/QBEF-31%20Bill%20Pay%20FAIL%20-%20Not%20name%20field%20step-03.png"&gt;&lt;img src="Evidences/BillPay/QBEF-31%20Bill%20Pay%20FAIL%20-%20Not%20name%20field%20step-03.png" width="800px"&gt;&lt;/a&gt;</msg>
<arg>${file}</arg>
<doc>Takes a screenshot of the current page and embeds it into a log file.</doc>
<status status="PASS" start="2026-03-12T18:04:59.658552" elapsed="0.074082"/>
</kw>
<arg>${TEST NAME} step-03</arg>
<arg>BillPay</arg>
<status status="PASS" start="2026-03-12T18:04:59.657040" elapsed="0.075718"/>
</kw>
<kw name="Teardown Padrao" owner="Common" type="TEARDOWN">
<kw name="Run Keyword If Test Failed" owner="BuiltIn">
<arg>Capture Page Screenshot</arg>
<arg>${OUTPUTDIR}/FAIL_${TEST NAME}.png</arg>
<doc>Runs the given keyword with the given arguments, if the test failed.</doc>
<status status="PASS" start="2026-03-12T18:04:59.733354" elapsed="0.000260"/>
</kw>
<kw name="Close Browser" owner="SeleniumLibrary">
<doc>Closes the current browser.</doc>
<status status="PASS" start="2026-03-12T18:04:59.733755" elapsed="0.061969"/>
</kw>
<status status="PASS" start="2026-03-12T18:04:59.733061" elapsed="0.062778"/>
</kw>
<tag>BillPay</tag>
<tag>Negative</tag>
<status status="PASS" start="2026-03-12T18:04:57.266316" elapsed="2.529580"/>
</test>
<test id="s1-s1-t3" name="QBEF-32 Bill Pay FAIL - Incomplete address" line="30">
<kw name="Iniciar Sessao Autenticada" owner="Common" type="SETUP">
<kw name="Dado que eu acesse o site Parabank" owner="setup_teardown">
<kw name="Criar Opcoes Do Browser" owner="setup_teardown">
<kw name="Evaluate" owner="BuiltIn">
<msg time="2026-03-12T18:04:59.797968" level="INFO">${is_chrome} = True</msg>
<var>${is_chrome}</var>
<arg>'${BROWSER}'.lower() == 'chrome'</arg>
<doc>Evaluates the given expression in Python and returns the result.</doc>
<status status="PASS" start="2026-03-12T18:04:59.797494" elapsed="0.000506"/>
</kw>
<if>
<branch type="IF" condition="${is_chrome}">
<kw name="Evaluate" owner="BuiltIn">
<msg time="2026-03-12T18:04:59.798594" level="INFO">${options} = &lt;selenium.webdriver.chrome.options.Options object at 0x7effe5d849d0&gt;</msg>
<var>${options}</var>
<arg>sys.modules['selenium.webdriver'].ChromeOptions()</arg>
<arg>sys</arg>
<doc>Evaluates the given expression in Python and returns the result.</doc>
<status status="PASS" start="2026-03-12T18:04:59.798286" elapsed="0.000335"/>
</kw>
<kw name="Set Variable" owner="BuiltIn">
<msg time="2026-03-12T18:04:59.798993" level="INFO">${arg_window} = --window-size=1920,1080</msg>
<var>${arg_window}</var>
<arg>--window-size=1920,1080</arg>
<doc>Returns the given values which can then be assigned to a variables.</doc>
<status status="PASS" start="2026-03-12T18:04:59.798771" elapsed="0.000246"/>
</kw>
<kw name="Set Variable" owner="BuiltIn">
<msg time="2026-03-12T18:04:59.799327" level="INFO">${arg_dev_shm} = --disable-dev-shm-usage</msg>
<var>${arg_dev_shm}</var>
<arg>--disable-dev-shm-usage</arg>
<doc>Returns the given values which can then be assigned to a variables.</doc>
<status status="PASS" start="2026-03-12T18:04:59.799126" elapsed="0.000224"/>
</kw>
<kw name="Set Variable" owner="BuiltIn">
<msg time="2026-03-12T18:04:59.799642" level="INFO">${arg_sandbox} = --no-sandbox</msg>
<var>${arg_sandbox}</var>
<arg>--no-sandbox</arg>
<doc>Returns the given values which can then be assigned to a variables.</doc>
<status status="PASS" start="2026-03-12T18:04:59.799451" elapsed="0.000240"/>
</kw>
<kw name="Call Method" owner="BuiltIn">
<arg>${options}</arg>
<arg>add_argument</arg>
<arg>${arg_window}</arg>
<doc>Calls the named method of the given object with the provided arguments.</doc>
<status status="PASS" start="2026-03-12T18:04:59.799793" elapsed="0.000234"/>
</kw>
<kw name="Call Method" owner="BuiltIn">
<arg>${options}</arg>
<arg>add_argument</arg>
<arg>${arg_dev_shm}</arg>
<doc>Calls the named method of the given object with the provided arguments.</doc>
<status status="PASS" start="2026-03-12T18:04:59.800128" elapsed="0.000225"/>
</kw>
<kw name="Call Method" owner="BuiltIn">
<arg>${options}</arg>
<arg>add_argument</arg>
<arg>${arg_sandbox}</arg>
<doc>Calls the named method of the given object with the provided arguments.</doc>
<status status="PASS" start="2026-03-12T18:04:59.800452" elapsed="0.000252"/>
</kw>
<kw name="Evaluate" owner="BuiltIn">
<msg time="2026-03-12T18:04:59.801097" level="INFO">${headless} = True</msg>
<var>${headless}</var>
<arg>str('${HEADLESS}').lower() in ['true','1','yes']</arg>
<doc>Evaluates the given expression in Python and returns the result.</doc>
<status status="PASS" start="2026-03-12T18:04:59.800814" elapsed="0.000309"/>
</kw>
<if>
<branch type="IF" condition="${headless}">
<kw name="Set Variable" owner="BuiltIn">
<msg time="2026-03-12T18:04:59.801537" level="INFO">${arg_headless} = --headless=new</msg>
<var>${arg_headless}</var>
<arg>--headless=new</arg>
<doc>Returns the given values which can then be assigned to a variables.</doc>
<status status="PASS" start="2026-03-12T18:04:59.801321" elapsed="0.000240"/>
</kw>
<kw name="Call Method" owner="BuiltIn">
<arg>${options}</arg>
<arg>add_argument</arg>
<arg>${arg_headless}</arg>
<doc>Calls the named method of the given object with the provided arguments.</doc>
<status status="PASS" start="2026-03-12T18:04:59.801677" elapsed="0.000230"/>
</kw>
<status status="PASS" start="2026-03-12T18:04:59.801194" elapsed="0.000754"/>
</branch>
<status status="PASS" start="2026-03-12T18:04:59.801175" elapsed="0.000809"/>
</if>
<return>
<value>${options}</value>
<status status="PASS" start="2026-03-12T18:04:59.802017" elapsed="0.000044"/>
</return>
<status status="PASS" start="2026-03-12T18:04:59.798125" elapsed="0.003973"/>
</branch>
<status status="PASS" start="2026-03-12T18:04:59.798101" elapsed="0.004029"/>
</if>
<return>
<value>${None}</value>
<status status="NOT RUN" start="2026-03-12T18:04:59.802161" elapsed="0.000019"/>
</return>
<msg time="2026-03-12T18:04:59.802285" level="INFO">${options} = &lt;selenium.webdriver.chrome.options.Options object at 0x7effe5d849d0&gt;</msg>
<var>${options}</var>
<status status="PASS" start="2026-03-12T18:04:59.797289" elapsed="0.005019"/>
</kw>
<kw name="Open Browser" owner="SeleniumLibrary">
<msg time="2026-03-12T18:04:59.802642" level="INFO">Opening browser 'chrome' to base url 'http://parabank.parasoft.com/parabank/index.htm'.</msg>
<msg time="2026-03-12T18:04:59.850928" level="WARN">The chromedriver version (145.0.7632.117) detected in PATH at /usr/bin/chromedriver might not be compatible with the detected chrome version (146.0.7680.71); currently, chromedriver 146.0.7680.72 is recommended for chrome 146.*, so it is advised to delete the driver in PATH and retry</msg>
<arg>${BASE_URL_QAA}</arg>
<arg>${BROWSER}</arg>
<arg>options=${options}</arg>
<doc>Opens a new browser instance to the optional ``url``.</doc>
<status status="PASS" start="2026-03-12T18:04:59.802426" elapsed="0.868209"/>
</kw>
<if>
<branch type="IF" condition="'${HEADLESS}' != 'True'">
<kw name="Maximize Browser Window" owner="SeleniumLibrary">
<doc>Maximizes current browser window.</doc>
<status status="NOT RUN" start="2026-03-12T18:05:00.671122" elapsed="0.000031"/>
</kw>
<status status="NOT RUN" start="2026-03-12T18:05:00.670832" elapsed="0.000374"/>
</branch>
<status status="PASS" start="2026-03-12T18:05:00.670798" elapsed="0.000466"/>
</if>
<kw name="Set Selenium Timeout" owner="SeleniumLibrary">
<arg>10s</arg>
<doc>Sets the timeout that is used by various keywords.</doc>
<status status="PASS" start="2026-03-12T18:05:00.671390" elapsed="0.001123"/>
</kw>
<status status="PASS" start="2026-03-12T18:04:59.796976" elapsed="0.875621"/>
</kw>
<kw name="Fazer login com Sucesso" owner="Common">
<kw name="Dado que o usuário esteja na tela de Login" owner="KeywordsLogin">
<kw name="Wait Until Element Is Visible" owner="SeleniumLibrary">
<arg>${CAMPO_USUARIO}</arg>
<arg>10s</arg>
<doc>Waits until the element ``locator`` is visible.</doc>
<status status="PASS" start="2026-03-12T18:05:00.673271" elapsed="0.019148"/>
</kw>
<kw name="Element Should Be Visible" owner="SeleniumLibrary">
<msg time="2026-03-12T18:05:00.703609" level="INFO">Element 'css:input[name="username"]' is displayed.</msg>
<arg>${CAMPO_USUARIO}</arg>
<doc>Verifies that the element identified by ``locator`` is visible.</doc>
<status status="PASS" start="2026-03-12T18:05:00.692737" elapsed="0.010977"/>
</kw>
<kw name="Wait Until Element Is Visible" owner="SeleniumLibrary">
<arg>${CAMPO_SENHA}</arg>
<arg>10s</arg>
<doc>Waits until the element ``locator`` is visible.</doc>
<status status="PASS" start="2026-03-12T18:05:00.703893" elapsed="0.013519"/>
</kw>
<kw name="Element Should Be Visible" owner="SeleniumLibrary">
<msg time="2026-03-12T18:05:00.727424" level="INFO">Element 'css:input[name="password"]' is displayed.</msg>
<arg>${CAMPO_SENHA}</arg>
<doc>Verifies that the element identified by ``locator`` is visible.</doc>
<status status="PASS" start="2026-03-12T18:05:00.717582" elapsed="0.009905"/>
</kw>
<status status="PASS" start="2026-03-12T18:05:00.673074" elapsed="0.054500"/>
</kw>
<kw name="Quando ele preencher os campos de usuario e senha" owner="KeywordsLogin">
<kw name="Input Text" owner="SeleniumLibrary">
<msg time="2026-03-12T18:05:00.728327" level="INFO">Typing text 'john' into text field 'css:input[name="username"]'.</msg>
<arg>${CAMPO_USUARIO}</arg>
<arg>${usuario}</arg>
<doc>Types the given ``text`` into the text field identified by ``locator``.</doc>
<status status="PASS" start="2026-03-12T18:05:00.728136" elapsed="0.057071"/>
</kw>
<kw name="Input Text" owner="SeleniumLibrary">
<msg time="2026-03-12T18:05:00.785741" level="INFO">Typing text 'demo' into text field 'css:input[name="password"]'.</msg>
<arg>${CAMPO_SENHA}</arg>
<arg>${senha}</arg>
<doc>Types the given ``text`` into the text field identified by ``locator``.</doc>
<status status="PASS" start="2026-03-12T18:05:00.785434" elapsed="0.063441"/>
</kw>
<kw name="Click Button" owner="SeleniumLibrary">
<msg time="2026-03-12T18:05:00.849438" level="INFO">Clicking button 'css:input[type='submit'][value="Log In"]'.</msg>
<arg>${BOTAO_LOGIN}</arg>
<doc>Clicks the button identified by ``locator``.</doc>
<status status="PASS" start="2026-03-12T18:05:00.849094" elapsed="0.428088"/>
</kw>
<arg>${USUARIO_VALIDO}</arg>
<arg>${SENHA_VALIDO}</arg>
<status status="PASS" start="2026-03-12T18:05:00.727802" elapsed="0.549518"/>
</kw>
<kw name="Então ele deve ser redirecionado para a página inicial" owner="KeywordsLogin">
<kw name="Wait Until Element Is Visible" owner="SeleniumLibrary">
<arg>${BTN_LOGOUT}</arg>
<arg>10s</arg>
<doc>Waits until the element ``locator`` is visible.</doc>
<status status="PASS" start="2026-03-12T18:05:01.277925" elapsed="0.017857"/>
</kw>
<kw name="Element Should Be Visible" owner="SeleniumLibrary">
<msg time="2026-03-12T18:05:01.308750" level="INFO">Element 'css:a[href="logout.htm"]' is displayed.</msg>
<arg>${BTN_LOGOUT}</arg>
<doc>Verifies that the element identified by ``locator`` is visible.</doc>
<status status="PASS" start="2026-03-12T18:05:01.296064" elapsed="0.012803"/>
</kw>
<kw name="Wait Until Element Is Visible" owner="SeleniumLibrary">
<arg>${TABELA_TRANSFERENCIA}</arg>
<arg>10s</arg>
<doc>Waits until the element ``locator`` is visible.</doc>
<status status="PASS" start="2026-03-12T18:05:01.309085" elapsed="0.014147"/>
</kw>
<kw name="Element Should Be Visible" owner="SeleniumLibrary">
<msg time="2026-03-12T18:05:01.333926" level="INFO">Element 'css:table[id="accountTable"]' is displayed.</msg>
<arg>${TABELA_TRANSFERENCIA}</arg>
<doc>Verifies that the element identified by ``locator`` is visible.</doc>
<status status="PASS" start="2026-03-12T18:05:01.323461" elapsed="0.010562"/>
</kw>
<status status="PASS" start="2026-03-12T18:05:01.277568" elapsed="0.056556"/>
</kw>
<status status="PASS" start="2026-03-12T18:05:00.672803" elapsed="0.661382"/>
</kw>
<status status="PASS" start="2026-03-12T18:04:59.796621" elapsed="1.537615"/>
</kw>
<kw name="Dado que o usuário esteja na página de pagamento de contas" owner="KeywordsBillPay">
<kw name="Click Element" owner="SeleniumLibrary">
<msg time="2026-03-12T18:05:01.335093" level="INFO">Clicking element 'css:a[href="billpay.htm"]'.</msg>
<arg>${BTN_PAGAMENTO_CONTAS}</arg>
<doc>Click the element identified by ``locator``.</doc>
<status status="PASS" start="2026-03-12T18:05:01.334856" elapsed="0.189024"/>
</kw>
<kw name="Wait Until Element Is Visible" owner="SeleniumLibrary">
<arg>${TABELA_PAGAMENTO_CONTAS}</arg>
<arg>10s</arg>
<doc>Waits until the element ``locator`` is visible.</doc>
<status status="PASS" start="2026-03-12T18:05:01.524180" elapsed="0.020090"/>
</kw>
<status status="PASS" start="2026-03-12T18:05:01.334477" elapsed="0.209917"/>
</kw>
<kw name="Capturar Print Na Pasta Da Funcionalidade" owner="Common">
<kw name="Set Variable" owner="BuiltIn">
<msg time="2026-03-12T18:05:01.545422" level="INFO">${dir} = /home/runner/work/Parabank-Robot/Parabank-Robot/Results/Resources-BillPay/Evidences/BillPay</msg>
<var>${dir}</var>
<arg>${OUTPUT DIR}${/}Evidences${/}${feature}</arg>
<doc>Returns the given values which can then be assigned to a variables.</doc>
<status status="PASS" start="2026-03-12T18:05:01.545055" elapsed="0.000398"/>
</kw>
<kw name="Create Directory" owner="OperatingSystem">
<msg time="2026-03-12T18:05:01.545740" level="INFO" html="true">Directory '&lt;a href="file:///home/runner/work/Parabank-Robot/Parabank-Robot/Results/Resources-BillPay/Evidences/BillPay"&gt;/home/runner/work/Parabank-Robot/Parabank-Robot/Results/Resources-BillPay/Evidences/BillPay&lt;/a&gt;' already exists.</msg>
<arg>${dir}</arg>
<doc>Creates the specified directory.</doc>
<status status="PASS" start="2026-03-12T18:05:01.545568" elapsed="0.000221"/>
</kw>
<kw name="Set Variable" owner="BuiltIn">
<msg time="2026-03-12T18:05:01.546180" level="INFO">${file} = /home/runner/work/Parabank-Robot/Parabank-Robot/Results/Resources-BillPay/Evidences/BillPay/QBEF-32 Bill Pay FAIL - Incomplete address step-01.png</msg>
<var>${file}</var>
<arg>${dir}${/}${nome_arquivo}.png</arg>
<doc>Returns the given values which can then be assigned to a variables.</doc>
<status status="PASS" start="2026-03-12T18:05:01.545897" elapsed="0.000309"/>
</kw>
<kw name="Capture Page Screenshot" owner="SeleniumLibrary">
<msg time="2026-03-12T18:05:01.649937" level="INFO" html="true">&lt;/td&gt;&lt;/tr&gt;&lt;tr&gt;&lt;td colspan="3"&gt;&lt;a href="Evidences/BillPay/QBEF-32%20Bill%20Pay%20FAIL%20-%20Incomplete%20address%20step-01.png"&gt;&lt;img src="Evidences/BillPay/QBEF-32%20Bill%20Pay%20FAIL%20-%20Incomplete%20address%20step-01.png" width="800px"&gt;&lt;/a&gt;</msg>
<arg>${file}</arg>
<doc>Takes a screenshot of the current page and embeds it into a log file.</doc>
<status status="PASS" start="2026-03-12T18:05:01.546325" elapsed="0.103728"/>
</kw>
<arg>${TEST NAME} step-01</arg>
<arg>BillPay</arg>
<status status="PASS" start="2026-03-12T18:05:01.544620" elapsed="0.105539"/>
</kw>
<kw name="Quando ele preenche os campos de pagamento" owner="KeywordsBillPay">
<kw name="Wait Until Element Is Visible" owner="SeleniumLibrary">
<arg>${NOME_PAYEE}</arg>
<arg>10s</arg>
<doc>Waits until the element ``locator`` is visible.</doc>
<status status="PASS" start="2026-03-12T18:05:01.651457" elapsed="0.013605"/>
</kw>
<kw name="Input Text" owner="SeleniumLibrary">
<msg time="2026-03-12T18:05:01.665412" level="INFO">Typing text 'John Doe' into text field 'css:input[name="payee.name"]'.</msg>
<arg>${NOME_PAYEE}</arg>
<arg>${nome}</arg>
<doc>Types the given ``text`` into the text field identified by ``locator``.</doc>
<status status="PASS" start="2026-03-12T18:05:01.665208" elapsed="0.058488"/>
</kw>
<kw name="Input Text" owner="SeleniumLibrary">
<msg time="2026-03-12T18:05:01.724225" level="INFO">Typing text '' into text field 'css:input[name="payee.address.street"]'.</msg>
<arg>${CAMPO_ENDERECO}</arg>
<arg>${endereco}</arg>
<doc>Types the given ``text`` into the text field identified by ``locator``.</doc>
<status status="PASS" start="2026-03-12T18:05:01.723927" elapsed="0.056870"/>
</kw>
<kw name="Input Text" owner="SeleniumLibrary">
<msg time="2026-03-12T18:05:01.781298" level="INFO">Typing text 'Springfield' into text field 'css:input[name="payee.address.city"]'.</msg>
<arg>${CAMPO_CIDADE}</arg>
<arg>${cidade}</arg>
<doc>Types the given ``text`` into the text field identified by ``locator``.</doc>
<status status="PASS" start="2026-03-12T18:05:01.781018" elapsed="0.062256"/>
</kw>
<kw name="Input Text" owner="SeleniumLibrary">
<msg time="2026-03-12T18:05:01.843806" level="INFO">Typing text 'IL' into text field 'css:input[name="payee.address.state"]'.</msg>
<arg>${CAMPO_ESTADO}</arg>
<arg>${estado}</arg>
<doc>Types the given ``text`` into the text field identified by ``locator``.</doc>
<status status="PASS" start="2026-03-12T18:05:01.843496" elapsed="0.057318"/>
</kw>
<kw name="Input Text" owner="SeleniumLibrary">
<msg time="2026-03-12T18:05:01.901420" level="INFO">Typing text '62704' into text field 'css:input[name="payee.address.zipCode"]'.</msg>
<arg>${CAMPO_CEP}</arg>
<arg>${cep}</arg>
<doc>Types the given ``text`` into the text field identified by ``locator``.</doc>
<status status="PASS" start="2026-03-12T18:05:01.901103" elapsed="0.057866"/>
</kw>
<kw name="Input Text" owner="SeleniumLibrary">
<msg time="2026-03-12T18:05:01.959467" level="INFO">Typing text '555-1234' into text field 'css:input[name="payee.phoneNumber"]'.</msg>
<arg>${CAMPO_TELEFONE}</arg>
<arg>${telefone}</arg>
<doc>Types the given ``text`` into the text field identified by ``locator``.</doc>
<status status="PASS" start="2026-03-12T18:05:01.959189" elapsed="0.059278"/>
</kw>
<kw name="Input Text" owner="SeleniumLibrary">
<msg time="2026-03-12T18:05:02.019023" level="INFO">Typing text '13344' into text field 'css:input[name="payee.accountNumber"]'.</msg>
<arg>${CAMPO_CONTA}</arg>
<arg>${conta}</arg>
<doc>Types the given ``text`` into the text field identified by ``locator``.</doc>
<status status="PASS" start="2026-03-12T18:05:02.018727" elapsed="0.057786"/>
</kw>
<kw name="Input Text" owner="SeleniumLibrary">
<msg time="2026-03-12T18:05:02.077066" level="INFO">Typing text '13344' into text field 'css:input[name="verifyAccount"]'.</msg>
<arg>${CAMPO_VERIFICAR_CONTA}</arg>
<arg>${verificar_conta}</arg>
<doc>Types the given ``text`` into the text field identified by ``locator``.</doc>
<status status="PASS" start="2026-03-12T18:05:02.076772" elapsed="0.058040"/>
</kw>
<kw name="Input Text" owner="SeleniumLibrary">
<msg time="2026-03-12T18:05:02.135333" level="INFO">Typing text '900' into text field 'css:input[name="amount"]'.</msg>
<arg>${CAMPO_QUANTIDADE}</arg>
<arg>${quantidade}</arg>
<doc>Types the given ``text`` into the text field identified by ``locator``.</doc>
<status status="PASS" start="2026-03-12T18:05:02.135042" elapsed="0.056542"/>
</kw>
<kw name="Click Element" owner="SeleniumLibrary">
<msg time="2026-03-12T18:05:02.192096" level="INFO">Clicking element 'css:input[type="button"][value="Send Payment"]'.</msg>
<arg>${BOTAO_ENVIAR_PAGAMENTO}</arg>
<doc>Click the element identified by ``locator``.</doc>
<status status="PASS" start="2026-03-12T18:05:02.191834" elapsed="0.061903"/>
</kw>
<arg>${VALOR_NOME_PAYEE}</arg>
<arg>${EMPTY}</arg>
<arg>${VALOR_CIDADE}</arg>
<arg>${VALOR_ESTADO}</arg>
<arg>${VALOR_CEP}</arg>
<arg>${VALOR_TELEFONE}</arg>
<arg>${VALOR_CONTA}</arg>
<arg>${VALOR_VERIFICAR_CONTA}</arg>
<arg>${VALOR_QUANTIDADE}</arg>
<status status="PASS" start="2026-03-12T18:05:01.650425" elapsed="0.603456"/>
</kw>
<kw name="Capturar Print Na Pasta Da Funcionalidade" owner="Common">
<kw name="Set Variable" owner="BuiltIn">
<msg time="2026-03-12T18:05:02.255118" level="INFO">${dir} = /home/runner/work/Parabank-Robot/Parabank-Robot/Results/Resources-BillPay/Evidences/BillPay</msg>
<var>${dir}</var>
<arg>${OUTPUT DIR}${/}Evidences${/}${feature}</arg>
<doc>Returns the given values which can then be assigned to a variables.</doc>
<status status="PASS" start="2026-03-12T18:05:02.254624" elapsed="0.000544"/>
</kw>
<kw name="Create Directory" owner="OperatingSystem">
<msg time="2026-03-12T18:05:02.255560" level="INFO" html="true">Directory '&lt;a href="file:///home/runner/work/Parabank-Robot/Parabank-Robot/Results/Resources-BillPay/Evidences/BillPay"&gt;/home/runner/work/Parabank-Robot/Parabank-Robot/Results/Resources-BillPay/Evidences/BillPay&lt;/a&gt;' already exists.</msg>
<arg>${dir}</arg>
<doc>Creates the specified directory.</doc>
<status status="PASS" start="2026-03-12T18:05:02.255347" elapsed="0.000284"/>
</kw>
<kw name="Set Variable" owner="BuiltIn">
<msg time="2026-03-12T18:05:02.256208" level="INFO">${file} = /home/runner/work/Parabank-Robot/Parabank-Robot/Results/Resources-BillPay/Evidences/BillPay/QBEF-32 Bill Pay FAIL - Incomplete address step-02.png</msg>
<var>${file}</var>
<arg>${dir}${/}${nome_arquivo}.png</arg>
<doc>Returns the given values which can then be assigned to a variables.</doc>
<status status="PASS" start="2026-03-12T18:05:02.255810" elapsed="0.000426"/>
</kw>
<kw name="Capture Page Screenshot" owner="SeleniumLibrary">
<msg time="2026-03-12T18:05:02.349696" level="INFO" html="true">&lt;/td&gt;&lt;/tr&gt;&lt;tr&gt;&lt;td colspan="3"&gt;&lt;a href="Evidences/BillPay/QBEF-32%20Bill%20Pay%20FAIL%20-%20Incomplete%20address%20step-02.png"&gt;&lt;img src="Evidences/BillPay/QBEF-32%20Bill%20Pay%20FAIL%20-%20Incomplete%20address%20step-02.png" width="800px"&gt;&lt;/a&gt;</msg>
<arg>${file}</arg>
<doc>Takes a screenshot of the current page and embeds it into a log file.</doc>
<status status="PASS" start="2026-03-12T18:05:02.256360" elapsed="0.093451"/>
</kw>
<arg>${TEST NAME} step-02</arg>
<arg>BillPay</arg>
<status status="PASS" start="2026-03-12T18:05:02.254170" elapsed="0.095747"/>
</kw>
<kw name="Então o pagamento NÃO deve ser realizado devido ao campo endereço não estar preenchido" owner="KeywordsBillPay">
<kw name="Wait Until Element Is Visible" owner="SeleniumLibrary">
<arg>${MENSAGEM_ERRO_ENDERECO}</arg>
<arg>10s</arg>
<doc>Waits until the element ``locator`` is visible.</doc>
<status status="PASS" start="2026-03-12T18:05:02.350508" elapsed="0.013877"/>
</kw>
<kw name="Element Should Be Visible" owner="SeleniumLibrary">
<msg time="2026-03-12T18:05:02.374068" level="INFO">Element 'css:span[id="validationModel-address"]' is displayed.</msg>
<arg>${MENSAGEM_ERRO_ENDERECO}</arg>
<doc>Verifies that the element identified by ``locator`` is visible.</doc>
<status status="PASS" start="2026-03-12T18:05:02.364545" elapsed="0.009585"/>
</kw>
<status status="PASS" start="2026-03-12T18:05:02.350172" elapsed="0.024030"/>
</kw>
<kw name="Capturar Print Na Pasta Da Funcionalidade" owner="Common">
<kw name="Set Variable" owner="BuiltIn">
<msg time="2026-03-12T18:05:02.375074" level="INFO">${dir} = /home/runner/work/Parabank-Robot/Parabank-Robot/Results/Resources-BillPay/Evidences/BillPay</msg>
<var>${dir}</var>
<arg>${OUTPUT DIR}${/}Evidences${/}${feature}</arg>
<doc>Returns the given values which can then be assigned to a variables.</doc>
<status status="PASS" start="2026-03-12T18:05:02.374727" elapsed="0.000373"/>
</kw>
<kw name="Create Directory" owner="OperatingSystem">
<msg time="2026-03-12T18:05:02.375345" level="INFO" html="true">Directory '&lt;a href="file:///home/runner/work/Parabank-Robot/Parabank-Robot/Results/Resources-BillPay/Evidences/BillPay"&gt;/home/runner/work/Parabank-Robot/Parabank-Robot/Results/Resources-BillPay/Evidences/BillPay&lt;/a&gt;' already exists.</msg>
<arg>${dir}</arg>
<doc>Creates the specified directory.</doc>
<status status="PASS" start="2026-03-12T18:05:02.375206" elapsed="0.000186"/>
</kw>
<kw name="Set Variable" owner="BuiltIn">
<msg time="2026-03-12T18:05:02.375792" level="INFO">${file} = /home/runner/work/Parabank-Robot/Parabank-Robot/Results/Resources-BillPay/Evidences/BillPay/QBEF-32 Bill Pay FAIL - Incomplete address step-03.png</msg>
<var>${file}</var>
<arg>${dir}${/}${nome_arquivo}.png</arg>
<doc>Returns the given values which can then be assigned to a variables.</doc>
<status status="PASS" start="2026-03-12T18:05:02.375494" elapsed="0.000325"/>
</kw>
<kw name="Capture Page Screenshot" owner="SeleniumLibrary">
<msg time="2026-03-12T18:05:02.449112" level="INFO" html="true">&lt;/td&gt;&lt;/tr&gt;&lt;tr&gt;&lt;td colspan="3"&gt;&lt;a href="Evidences/BillPay/QBEF-32%20Bill%20Pay%20FAIL%20-%20Incomplete%20address%20step-03.png"&gt;&lt;img src="Evidences/BillPay/QBEF-32%20Bill%20Pay%20FAIL%20-%20Incomplete%20address%20step-03.png" width="800px"&gt;&lt;/a&gt;</msg>
<arg>${file}</arg>
<doc>Takes a screenshot of the current page and embeds it into a log file.</doc>
<status status="PASS" start="2026-03-12T18:05:02.375931" elapsed="0.073289"/>
</kw>
<arg>${TEST NAME} step-03</arg>
<arg>BillPay</arg>
<status status="PASS" start="2026-03-12T18:05:02.374374" elapsed="0.074946"/>
</kw>
<kw name="Teardown Padrao" owner="Common" type="TEARDOWN">
<kw name="Run Keyword If Test Failed" owner="BuiltIn">
<arg>Capture Page Screenshot</arg>
<arg>${OUTPUTDIR}/FAIL_${TEST NAME}.png</arg>
<doc>Runs the given keyword with the given arguments, if the test failed.</doc>
<status status="PASS" start="2026-03-12T18:05:02.449891" elapsed="0.000258"/>
</kw>
<kw name="Close Browser" owner="SeleniumLibrary">
<doc>Closes the current browser.</doc>
<status status="PASS" start="2026-03-12T18:05:02.450262" elapsed="0.062115"/>
</kw>
<status status="PASS" start="2026-03-12T18:05:02.449585" elapsed="0.062905"/>
</kw>
<tag>BillPay</tag>
<tag>Negative</tag>
<status status="PASS" start="2026-03-12T18:04:59.796211" elapsed="2.716335"/>
</test>
<test id="s1-s1-t4" name="QBEF-33 Bill Pay FAIL - Not city" line="41">
<kw name="Iniciar Sessao Autenticada" owner="Common" type="SETUP">
<kw name="Dado que eu acesse o site Parabank" owner="setup_teardown">
<kw name="Criar Opcoes Do Browser" owner="setup_teardown">
<kw name="Evaluate" owner="BuiltIn">
<msg time="2026-03-12T18:05:02.514881" level="INFO">${is_chrome} = True</msg>
<var>${is_chrome}</var>
<arg>'${BROWSER}'.lower() == 'chrome'</arg>
<doc>Evaluates the given expression in Python and returns the result.</doc>
<status status="PASS" start="2026-03-12T18:05:02.514437" elapsed="0.000472"/>
</kw>
<if>
<branch type="IF" condition="${is_chrome}">
<kw name="Evaluate" owner="BuiltIn">
<msg time="2026-03-12T18:05:02.515424" level="INFO">${options} = &lt;selenium.webdriver.chrome.options.Options object at 0x7effe5d9a890&gt;</msg>
<var>${options}</var>
<arg>sys.modules['selenium.webdriver'].ChromeOptions()</arg>
<arg>sys</arg>
<doc>Evaluates the given expression in Python and returns the result.</doc>
<status status="PASS" start="2026-03-12T18:05:02.515126" elapsed="0.000357"/>
</kw>
<kw name="Set Variable" owner="BuiltIn">
<msg time="2026-03-12T18:05:02.515840" level="INFO">${arg_window} = --window-size=1920,1080</msg>
<var>${arg_window}</var>
<arg>--window-size=1920,1080</arg>
<doc>Returns the given values which can then be assigned to a variables.</doc>
<status status="PASS" start="2026-03-12T18:05:02.515595" elapsed="0.000270"/>
</kw>
<kw name="Set Variable" owner="BuiltIn">
<msg time="2026-03-12T18:05:02.516169" level="INFO">${arg_dev_shm} = --disable-dev-shm-usage</msg>
<var>${arg_dev_shm}</var>
<arg>--disable-dev-shm-usage</arg>
<doc>Returns the given values which can then be assigned to a variables.</doc>
<status status="PASS" start="2026-03-12T18:05:02.515968" elapsed="0.000223"/>
</kw>
<kw name="Set Variable" owner="BuiltIn">
<msg time="2026-03-12T18:05:02.516487" level="INFO">${arg_sandbox} = --no-sandbox</msg>
<var>${arg_sandbox}</var>
<arg>--no-sandbox</arg>
<doc>Returns the given values which can then be assigned to a variables.</doc>
<status status="PASS" start="2026-03-12T18:05:02.516292" elapsed="0.000218"/>
</kw>
<kw name="Call Method" owner="BuiltIn">
<arg>${options}</arg>
<arg>add_argument</arg>
<arg>${arg_window}</arg>
<doc>Calls the named method of the given object with the provided arguments.</doc>
<status status="PASS" start="2026-03-12T18:05:02.516607" elapsed="0.000246"/>
</kw>
<kw name="Call Method" owner="BuiltIn">
<arg>${options}</arg>
<arg>add_argument</arg>
<arg>${arg_dev_shm}</arg>
<doc>Calls the named method of the given object with the provided arguments.</doc>
<status status="PASS" start="2026-03-12T18:05:02.516954" elapsed="0.000218"/>
</kw>
<kw name="Call Method" owner="BuiltIn">
<arg>${options}</arg>
<arg>add_argument</arg>
<arg>${arg_sandbox}</arg>
<doc>Calls the named method of the given object with the provided arguments.</doc>
<status status="PASS" start="2026-03-12T18:05:02.517271" elapsed="0.000213"/>
</kw>
<kw name="Evaluate" owner="BuiltIn">
<msg time="2026-03-12T18:05:02.517894" level="INFO">${headless} = True</msg>
<var>${headless}</var>
<arg>str('${HEADLESS}').lower() in ['true','1','yes']</arg>
<doc>Evaluates the given expression in Python and returns the result.</doc>
<status status="PASS" start="2026-03-12T18:05:02.517584" elapsed="0.000336"/>
</kw>
<if>
<branch type="IF" condition="${headless}">
<kw name="Set Variable" owner="BuiltIn">
<msg time="2026-03-12T18:05:02.518307" level="INFO">${arg_headless} = --headless=new</msg>
<var>${arg_headless}</var>
<arg>--headless=new</arg>
<doc>Returns the given values which can then be assigned to a variables.</doc>
<status status="PASS" start="2026-03-12T18:05:02.518105" elapsed="0.000225"/>
</kw>
<kw name="Call Method" owner="BuiltIn">
<arg>${options}</arg>
<arg>add_argument</arg>
<arg>${arg_headless}</arg>
<doc>Calls the named method of the given object with the provided arguments.</doc>
<status status="PASS" start="2026-03-12T18:05:02.518427" elapsed="0.000220"/>
</kw>
<status status="PASS" start="2026-03-12T18:05:02.517986" elapsed="0.000729"/>
</branch>
<status status="PASS" start="2026-03-12T18:05:02.517970" elapsed="0.000781"/>
</if>
<return>
<value>${options}</value>
<status status="PASS" start="2026-03-12T18:05:02.518784" elapsed="0.000047"/>
</return>
<status status="PASS" start="2026-03-12T18:05:02.514991" elapsed="0.003879"/>
</branch>
<status status="PASS" start="2026-03-12T18:05:02.514968" elapsed="0.003930"/>
</if>
<return>
<value>${None}</value>
<status status="NOT RUN" start="2026-03-12T18:05:02.518928" elapsed="0.000020"/>
</return>
<msg time="2026-03-12T18:05:02.519053" level="INFO">${options} = &lt;selenium.webdriver.chrome.options.Options object at 0x7effe5d9a890&gt;</msg>
<var>${options}</var>
<status status="PASS" start="2026-03-12T18:05:02.514244" elapsed="0.004832"/>
</kw>
<kw name="Open Browser" owner="SeleniumLibrary">
<msg time="2026-03-12T18:05:02.519410" level="INFO">Opening browser 'chrome' to base url 'http://parabank.parasoft.com/parabank/index.htm'.</msg>
<msg time="2026-03-12T18:05:02.568915" level="WARN">The chromedriver version (145.0.7632.117) detected in PATH at /usr/bin/chromedriver might not be compatible with the detected chrome version (146.0.7680.71); currently, chromedriver 146.0.7680.72 is recommended for chrome 146.*, so it is advised to delete the driver in PATH and retry</msg>
<arg>${BASE_URL_QAA}</arg>
<arg>${BROWSER}</arg>
<arg>options=${options}</arg>
<doc>Opens a new browser instance to the optional ``url``.</doc>
<status status="PASS" start="2026-03-12T18:05:02.519191" elapsed="0.721642"/>
</kw>
<if>
<branch type="IF" condition="'${HEADLESS}' != 'True'">
<kw name="Maximize Browser Window" owner="SeleniumLibrary">
<doc>Maximizes current browser window.</doc>
<status status="NOT RUN" start="2026-03-12T18:05:03.241352" elapsed="0.000046"/>
</kw>
<status status="NOT RUN" start="2026-03-12T18:05:03.241041" elapsed="0.000408"/>
</branch>
<status status="PASS" start="2026-03-12T18:05:03.241000" elapsed="0.000489"/>
</if>
<kw name="Set Selenium Timeout" owner="SeleniumLibrary">
<arg>10s</arg>
<doc>Sets the timeout that is used by various keywords.</doc>
<status status="PASS" start="2026-03-12T18:05:03.241594" elapsed="0.001173"/>
</kw>
<status status="PASS" start="2026-03-12T18:05:02.513927" elapsed="0.728923"/>
</kw>
<kw name="Fazer login com Sucesso" owner="Common">
<kw name="Dado que o usuário esteja na tela de Login" owner="KeywordsLogin">
<kw name="Wait Until Element Is Visible" owner="SeleniumLibrary">
<arg>${CAMPO_USUARIO}</arg>
<arg>10s</arg>
<doc>Waits until the element ``locator`` is visible.</doc>
<status status="PASS" start="2026-03-12T18:05:03.243498" elapsed="0.019964"/>
</kw>
<kw name="Element Should Be Visible" owner="SeleniumLibrary">
[...]
<arg>${CAMPO_SENHA}</arg>
<arg>${senha}</arg>
<doc>Types the given ``text`` into the text field identified by ``locator``.</doc>
<status status="PASS" start="2026-03-12T18:05:20.038059" elapsed="0.059982"/>
</kw>
<kw name="Click Button" owner="SeleniumLibrary">
<msg time="2026-03-12T18:05:20.098546" level="INFO">Clicking button 'css:input[type='submit'][value="Log In"]'.</msg>
<arg>${BOTAO_LOGIN}</arg>
<doc>Clicks the button identified by ``locator``.</doc>
<status status="PASS" start="2026-03-12T18:05:20.098257" elapsed="0.397889"/>
</kw>
<arg>${USUARIO_VALIDO}</arg>
<arg>${SENHA_VALIDO}</arg>
<status status="PASS" start="2026-03-12T18:05:19.980833" elapsed="0.515460"/>
</kw>
<kw name="Então ele deve ser redirecionado para a página inicial" owner="KeywordsLogin">
<kw name="Wait Until Element Is Visible" owner="SeleniumLibrary">
<arg>${BTN_LOGOUT}</arg>
<arg>10s</arg>
<doc>Waits until the element ``locator`` is visible.</doc>
<status status="PASS" start="2026-03-12T18:05:20.496948" elapsed="0.018038"/>
</kw>
<kw name="Element Should Be Visible" owner="SeleniumLibrary">
<msg time="2026-03-12T18:05:20.525244" level="INFO">Element 'css:a[href="logout.htm"]' is displayed.</msg>
<arg>${BTN_LOGOUT}</arg>
<doc>Verifies that the element identified by ``locator`` is visible.</doc>
<status status="PASS" start="2026-03-12T18:05:20.515234" elapsed="0.010082"/>
</kw>
<kw name="Wait Until Element Is Visible" owner="SeleniumLibrary">
<arg>${TABELA_TRANSFERENCIA}</arg>
<arg>10s</arg>
<doc>Waits until the element ``locator`` is visible.</doc>
<status status="PASS" start="2026-03-12T18:05:20.525508" elapsed="0.013093"/>
</kw>
<kw name="Element Should Be Visible" owner="SeleniumLibrary">
<msg time="2026-03-12T18:05:20.548311" level="INFO">Element 'css:table[id="accountTable"]' is displayed.</msg>
<arg>${TABELA_TRANSFERENCIA}</arg>
<doc>Verifies that the element identified by ``locator`` is visible.</doc>
<status status="PASS" start="2026-03-12T18:05:20.538806" elapsed="0.009566"/>
</kw>
<status status="PASS" start="2026-03-12T18:05:20.496564" elapsed="0.051927"/>
</kw>
<status status="PASS" start="2026-03-12T18:05:19.926523" elapsed="0.622060"/>
</kw>
<status status="PASS" start="2026-03-12T18:05:19.063011" elapsed="1.485675"/>
</kw>
<kw name="Dado que o usuário esteja na página de pagamento de contas" owner="KeywordsBillPay">
<kw name="Click Element" owner="SeleniumLibrary">
<msg time="2026-03-12T18:05:20.549400" level="INFO">Clicking element 'css:a[href="billpay.htm"]'.</msg>
<arg>${BTN_PAGAMENTO_CONTAS}</arg>
<doc>Click the element identified by ``locator``.</doc>
<status status="PASS" start="2026-03-12T18:05:20.549219" elapsed="0.175132"/>
</kw>
<kw name="Wait Until Element Is Visible" owner="SeleniumLibrary">
<arg>${TABELA_PAGAMENTO_CONTAS}</arg>
<arg>10s</arg>
<doc>Waits until the element ``locator`` is visible.</doc>
<status status="PASS" start="2026-03-12T18:05:20.724714" elapsed="0.019849"/>
</kw>
<status status="PASS" start="2026-03-12T18:05:20.548927" elapsed="0.195786"/>
</kw>
<kw name="Capturar Print Na Pasta Da Funcionalidade" owner="Common">
<kw name="Set Variable" owner="BuiltIn">
<msg time="2026-03-12T18:05:20.745691" level="INFO">${dir} = /home/runner/work/Parabank-Robot/Parabank-Robot/Results/Resources-BillPay/Evidences/BillPay</msg>
<var>${dir}</var>
<arg>${OUTPUT DIR}${/}Evidences${/}${feature}</arg>
<doc>Returns the given values which can then be assigned to a variables.</doc>
<status status="PASS" start="2026-03-12T18:05:20.745308" elapsed="0.000414"/>
</kw>
<kw name="Create Directory" owner="OperatingSystem">
<msg time="2026-03-12T18:05:20.745999" level="INFO" html="true">Directory '&lt;a href="file:///home/runner/work/Parabank-Robot/Parabank-Robot/Results/Resources-BillPay/Evidences/BillPay"&gt;/home/runner/work/Parabank-Robot/Parabank-Robot/Results/Resources-BillPay/Evidences/BillPay&lt;/a&gt;' already exists.</msg>
<arg>${dir}</arg>
<doc>Creates the specified directory.</doc>
<status status="PASS" start="2026-03-12T18:05:20.745836" elapsed="0.000212"/>
</kw>
<kw name="Set Variable" owner="BuiltIn">
<msg time="2026-03-12T18:05:20.746431" level="INFO">${file} = /home/runner/work/Parabank-Robot/Parabank-Robot/Results/Resources-BillPay/Evidences/BillPay/QBEF-39 Bill Pay FAIL - Not Value step-01.png</msg>
<var>${file}</var>
<arg>${dir}${/}${nome_arquivo}.png</arg>
<doc>Returns the given values which can then be assigned to a variables.</doc>
<status status="PASS" start="2026-03-12T18:05:20.746153" elapsed="0.000303"/>
</kw>
<kw name="Capture Page Screenshot" owner="SeleniumLibrary">
<msg time="2026-03-12T18:05:20.868785" level="INFO" html="true">&lt;/td&gt;&lt;/tr&gt;&lt;tr&gt;&lt;td colspan="3"&gt;&lt;a href="Evidences/BillPay/QBEF-39%20Bill%20Pay%20FAIL%20-%20Not%20Value%20step-01.png"&gt;&lt;img src="Evidences/BillPay/QBEF-39%20Bill%20Pay%20FAIL%20-%20Not%20Value%20step-01.png" width="800px"&gt;&lt;/a&gt;</msg>
<arg>${file}</arg>
<doc>Takes a screenshot of the current page and embeds it into a log file.</doc>
<status status="PASS" start="2026-03-12T18:05:20.746568" elapsed="0.122322"/>
</kw>
<arg>${TEST NAME} step-01</arg>
<arg>BillPay</arg>
<status status="PASS" start="2026-03-12T18:05:20.744933" elapsed="0.124056"/>
</kw>
<kw name="Quando ele preenche os campos de pagamento" owner="KeywordsBillPay">
<kw name="Wait Until Element Is Visible" owner="SeleniumLibrary">
<arg>${NOME_PAYEE}</arg>
<arg>10s</arg>
<doc>Waits until the element ``locator`` is visible.</doc>
<status status="PASS" start="2026-03-12T18:05:20.870174" elapsed="0.013656"/>
</kw>
<kw name="Input Text" owner="SeleniumLibrary">
<msg time="2026-03-12T18:05:20.884209" level="INFO">Typing text 'John Doe' into text field 'css:input[name="payee.name"]'.</msg>
<arg>${NOME_PAYEE}</arg>
<arg>${nome}</arg>
<doc>Types the given ``text`` into the text field identified by ``locator``.</doc>
<status status="PASS" start="2026-03-12T18:05:20.883989" elapsed="0.058825"/>
</kw>
<kw name="Input Text" owner="SeleniumLibrary">
<msg time="2026-03-12T18:05:20.943318" level="INFO">Typing text '123 Elm St' into text field 'css:input[name="payee.address.street"]'.</msg>
<arg>${CAMPO_ENDERECO}</arg>
<arg>${endereco}</arg>
<doc>Types the given ``text`` into the text field identified by ``locator``.</doc>
<status status="PASS" start="2026-03-12T18:05:20.943039" elapsed="0.065388"/>
</kw>
<kw name="Input Text" owner="SeleniumLibrary">
<msg time="2026-03-12T18:05:21.008969" level="INFO">Typing text 'Springfield' into text field 'css:input[name="payee.address.city"]'.</msg>
<arg>${CAMPO_CIDADE}</arg>
<arg>${cidade}</arg>
<doc>Types the given ``text`` into the text field identified by ``locator``.</doc>
<status status="PASS" start="2026-03-12T18:05:21.008649" elapsed="0.061848"/>
</kw>
<kw name="Input Text" owner="SeleniumLibrary">
<msg time="2026-03-12T18:05:21.071032" level="INFO">Typing text 'IL' into text field 'css:input[name="payee.address.state"]'.</msg>
<arg>${CAMPO_ESTADO}</arg>
<arg>${estado}</arg>
<doc>Types the given ``text`` into the text field identified by ``locator``.</doc>
<status status="PASS" start="2026-03-12T18:05:21.070751" elapsed="0.057197"/>
</kw>
<kw name="Input Text" owner="SeleniumLibrary">
<msg time="2026-03-12T18:05:21.128447" level="INFO">Typing text '62704' into text field 'css:input[name="payee.address.zipCode"]'.</msg>
<arg>${CAMPO_CEP}</arg>
<arg>${cep}</arg>
<doc>Types the given ``text`` into the text field identified by ``locator``.</doc>
<status status="PASS" start="2026-03-12T18:05:21.128169" elapsed="0.058059"/>
</kw>
<kw name="Input Text" owner="SeleniumLibrary">
<msg time="2026-03-12T18:05:21.186796" level="INFO">Typing text '555-1234' into text field 'css:input[name="payee.phoneNumber"]'.</msg>
<arg>${CAMPO_TELEFONE}</arg>
<arg>${telefone}</arg>
<doc>Types the given ``text`` into the text field identified by ``locator``.</doc>
<status status="PASS" start="2026-03-12T18:05:21.186465" elapsed="0.058123"/>
</kw>
<kw name="Input Text" owner="SeleniumLibrary">
<msg time="2026-03-12T18:05:21.245159" level="INFO">Typing text '13344' into text field 'css:input[name="payee.accountNumber"]'.</msg>
<arg>${CAMPO_CONTA}</arg>
<arg>${conta}</arg>
<doc>Types the given ``text`` into the text field identified by ``locator``.</doc>
<status status="PASS" start="2026-03-12T18:05:21.244868" elapsed="0.058932"/>
</kw>
<kw name="Input Text" owner="SeleniumLibrary">
<msg time="2026-03-12T18:05:21.304309" level="INFO">Typing text '13344' into text field 'css:input[name="verifyAccount"]'.</msg>
<arg>${CAMPO_VERIFICAR_CONTA}</arg>
<arg>${verificar_conta}</arg>
<doc>Types the given ``text`` into the text field identified by ``locator``.</doc>
<status status="PASS" start="2026-03-12T18:05:21.304023" elapsed="0.055550"/>
</kw>
<kw name="Input Text" owner="SeleniumLibrary">
<msg time="2026-03-12T18:05:21.360086" level="INFO">Typing text '' into text field 'css:input[name="amount"]'.</msg>
<arg>${CAMPO_QUANTIDADE}</arg>
<arg>${quantidade}</arg>
<doc>Types the given ``text`` into the text field identified by ``locator``.</doc>
<status status="PASS" start="2026-03-12T18:05:21.359809" elapsed="0.053353"/>
</kw>
<kw name="Click Element" owner="SeleniumLibrary">
<msg time="2026-03-12T18:05:21.413617" level="INFO">Clicking element 'css:input[type="button"][value="Send Payment"]'.</msg>
<arg>${BOTAO_ENVIAR_PAGAMENTO}</arg>
<doc>Click the element identified by ``locator``.</doc>
<status status="PASS" start="2026-03-12T18:05:21.413373" elapsed="0.061122"/>
</kw>
<arg>${VALOR_NOME_PAYEE}</arg>
<arg>${VALOR_ENDERECO}</arg>
<arg>${VALOR_CIDADE}</arg>
<arg>${VALOR_ESTADO}</arg>
<arg>${VALOR_CEP}</arg>
<arg>${VALOR_TELEFONE}</arg>
<arg>${VALOR_CONTA}</arg>
<arg>${VALOR_VERIFICAR_CONTA}</arg>
<arg>${EMPTY}</arg>
<status status="PASS" start="2026-03-12T18:05:20.869224" elapsed="0.605393"/>
</kw>
<kw name="Capturar Print Na Pasta Da Funcionalidade" owner="Common">
<kw name="Set Variable" owner="BuiltIn">
<msg time="2026-03-12T18:05:21.475643" level="INFO">${dir} = /home/runner/work/Parabank-Robot/Parabank-Robot/Results/Resources-BillPay/Evidences/BillPay</msg>
<var>${dir}</var>
<arg>${OUTPUT DIR}${/}Evidences${/}${feature}</arg>
<doc>Returns the given values which can then be assigned to a variables.</doc>
<status status="PASS" start="2026-03-12T18:05:21.475278" elapsed="0.000412"/>
</kw>
<kw name="Create Directory" owner="OperatingSystem">
<msg time="2026-03-12T18:05:21.475958" level="INFO" html="true">Directory '&lt;a href="file:///home/runner/work/Parabank-Robot/Parabank-Robot/Results/Resources-BillPay/Evidences/BillPay"&gt;/home/runner/work/Parabank-Robot/Parabank-Robot/Results/Resources-BillPay/Evidences/BillPay&lt;/a&gt;' already exists.</msg>
<arg>${dir}</arg>
<doc>Creates the specified directory.</doc>
<status status="PASS" start="2026-03-12T18:05:21.475804" elapsed="0.000201"/>
</kw>
<kw name="Set Variable" owner="BuiltIn">
<msg time="2026-03-12T18:05:21.476392" level="INFO">${file} = /home/runner/work/Parabank-Robot/Parabank-Robot/Results/Resources-BillPay/Evidences/BillPay/QBEF-39 Bill Pay FAIL - Not Value step-02.png</msg>
<var>${file}</var>
<arg>${dir}${/}${nome_arquivo}.png</arg>
<doc>Returns the given values which can then be assigned to a variables.</doc>
<status status="PASS" start="2026-03-12T18:05:21.476109" elapsed="0.000356"/>
</kw>
<kw name="Capture Page Screenshot" owner="SeleniumLibrary">
<msg time="2026-03-12T18:05:21.566509" level="INFO" html="true">&lt;/td&gt;&lt;/tr&gt;&lt;tr&gt;&lt;td colspan="3"&gt;&lt;a href="Evidences/BillPay/QBEF-39%20Bill%20Pay%20FAIL%20-%20Not%20Value%20step-02.png"&gt;&lt;img src="Evidences/BillPay/QBEF-39%20Bill%20Pay%20FAIL%20-%20Not%20Value%20step-02.png" width="800px"&gt;&lt;/a&gt;</msg>
<arg>${file}</arg>
<doc>Takes a screenshot of the current page and embeds it into a log file.</doc>
<status status="PASS" start="2026-03-12T18:05:21.476588" elapsed="0.090033"/>
</kw>
<arg>${TEST NAME} step-02</arg>
<arg>BillPay</arg>
<status status="PASS" start="2026-03-12T18:05:21.474887" elapsed="0.091864"/>
</kw>
<kw name="Então o pagamento NÃO deve ser realizado devido ao campo quantidade não estar preenchido" owner="KeywordsBillPay">
<kw name="Wait Until Element Is Visible" owner="SeleniumLibrary">
<arg>${MENSAGEM_ERRO_QUANTIDADE}</arg>
<arg>10s</arg>
<doc>Waits until the element ``locator`` is visible.</doc>
<status status="PASS" start="2026-03-12T18:05:21.567265" elapsed="0.014126"/>
</kw>
<kw name="Element Should Be Visible" owner="SeleniumLibrary">
<msg time="2026-03-12T18:05:21.591302" level="INFO">Element 'css:span[id="validationModel-amount-empty"]' is displayed.</msg>
<arg>${MENSAGEM_ERRO_QUANTIDADE}</arg>
<doc>Verifies that the element identified by ``locator`` is visible.</doc>
<status status="PASS" start="2026-03-12T18:05:21.581566" elapsed="0.009802"/>
</kw>
<status status="PASS" start="2026-03-12T18:05:21.566977" elapsed="0.024471"/>
</kw>
<kw name="Capturar Print Na Pasta Da Funcionalidade" owner="Common">
<kw name="Set Variable" owner="BuiltIn">
<msg time="2026-03-12T18:05:21.592339" level="INFO">${dir} = /home/runner/work/Parabank-Robot/Parabank-Robot/Results/Resources-BillPay/Evidences/BillPay</msg>
<var>${dir}</var>
<arg>${OUTPUT DIR}${/}Evidences${/}${feature}</arg>
<doc>Returns the given values which can then be assigned to a variables.</doc>
<status status="PASS" start="2026-03-12T18:05:21.591996" elapsed="0.000371"/>
</kw>
<kw name="Create Directory" owner="OperatingSystem">
<msg time="2026-03-12T18:05:21.592612" level="INFO" html="true">Directory '&lt;a href="file:///home/runner/work/Parabank-Robot/Parabank-Robot/Results/Resources-BillPay/Evidences/BillPay"&gt;/home/runner/work/Parabank-Robot/Parabank-Robot/Results/Resources-BillPay/Evidences/BillPay&lt;/a&gt;' already exists.</msg>
<arg>${dir}</arg>
<doc>Creates the specified directory.</doc>
<status status="PASS" start="2026-03-12T18:05:21.592474" elapsed="0.000199"/>
</kw>
<kw name="Set Variable" owner="BuiltIn">
<msg time="2026-03-12T18:05:21.593062" level="INFO">${file} = /home/runner/work/Parabank-Robot/Parabank-Robot/Results/Resources-BillPay/Evidences/BillPay/QBEF-39 Bill Pay FAIL - Not Value step-03.png</msg>
<var>${file}</var>
<arg>${dir}${/}${nome_arquivo}.png</arg>
<doc>Returns the given values which can then be assigned to a variables.</doc>
<status status="PASS" start="2026-03-12T18:05:21.592781" elapsed="0.000307"/>
</kw>
<kw name="Capture Page Screenshot" owner="SeleniumLibrary">
<msg time="2026-03-12T18:05:21.667356" level="INFO" html="true">&lt;/td&gt;&lt;/tr&gt;&lt;tr&gt;&lt;td colspan="3"&gt;&lt;a href="Evidences/BillPay/QBEF-39%20Bill%20Pay%20FAIL%20-%20Not%20Value%20step-03.png"&gt;&lt;img src="Evidences/BillPay/QBEF-39%20Bill%20Pay%20FAIL%20-%20Not%20Value%20step-03.png" width="800px"&gt;&lt;/a&gt;</msg>
<arg>${file}</arg>
<doc>Takes a screenshot of the current page and embeds it into a log file.</doc>
<status status="PASS" start="2026-03-12T18:05:21.593206" elapsed="0.074260"/>
</kw>
<arg>${TEST NAME} step-03</arg>
<arg>BillPay</arg>
<status status="PASS" start="2026-03-12T18:05:21.591632" elapsed="0.075938"/>
</kw>
<kw name="Teardown Padrao" owner="Common" type="TEARDOWN">
<kw name="Run Keyword If Test Failed" owner="BuiltIn">
<arg>Capture Page Screenshot</arg>
<arg>${OUTPUTDIR}/FAIL_${TEST NAME}.png</arg>
<doc>Runs the given keyword with the given arguments, if the test failed.</doc>
<status status="PASS" start="2026-03-12T18:05:21.668156" elapsed="0.000262"/>
</kw>
<kw name="Close Browser" owner="SeleniumLibrary">
<doc>Closes the current browser.</doc>
<status status="PASS" start="2026-03-12T18:05:21.668538" elapsed="0.061972"/>
</kw>
<status status="PASS" start="2026-03-12T18:05:21.667865" elapsed="0.062758"/>
</kw>
<tag>BillPay</tag>
<tag>Negative</tag>
<status status="PASS" start="2026-03-12T18:05:19.062531" elapsed="2.668169"/>
</test>
<status status="PASS" start="2026-03-12T18:04:47.989560" elapsed="33.741637"/>
</suite>
<status status="PASS" start="2026-03-12T18:04:47.961512" elapsed="33.770336"/>
</suite>
<statistics>
<total>
<stat pass="10" fail="0" skip="0">All Tests</stat>
</total>
<tag>
<stat pass="10" fail="0" skip="0">BillPay</stat>
<stat pass="9" fail="0" skip="0">Negative</stat>
<stat pass="1" fail="0" skip="0">Positive</stat>
</tag>
<suite>
<stat name="BillPay" id="s1" pass="10" fail="0" skip="0">BillPay</stat>
<stat name="TestCasesBillPay" id="s1-s1" pass="10" fail="0" skip="0">BillPay.TestCasesBillPay</stat>
</suite>
</statistics>
<errors>
<msg time="2026-03-12T18:04:48.722762" level="WARN">The chromedriver version (145.0.7632.117) detected in PATH at /usr/bin/chromedriver might not be compatible with the detected chrome version (146.0.7680.71); currently, chromedriver 146.0.7680.72 is recommended for chrome 146.*, so it is advised to delete the driver in PATH and retry</msg>
<msg time="2026-03-12T18:04:57.321886" level="WARN">The chromedriver version (145.0.7632.117) detected in PATH at /usr/bin/chromedriver might not be compatible with the detected chrome version (146.0.7680.71); currently, chromedriver 146.0.7680.72 is recommended for chrome 146.*, so it is advised to delete the driver in PATH and retry</msg>
<msg time="2026-03-12T18:04:59.850928" level="WARN">The chromedriver version (145.0.7632.117) detected in PATH at /usr/bin/chromedriver might not be compatible with the detected chrome version (146.0.7680.71); currently, chromedriver 146.0.7680.72 is recommended for chrome 146.*, so it is advised to delete the driver in PATH and retry</msg>
<msg time="2026-03-12T18:05:02.568915" level="WARN">The chromedriver version (145.0.7632.117) detected in PATH at /usr/bin/chromedriver might not be compatible with the detected chrome version (146.0.7680.71); currently, chromedriver 146.0.7680.72 is recommended for chrome 146.*, so it is advised to delete the driver in PATH and retry</msg>
<msg time="2026-03-12T18:05:05.287165" level="WARN">The chromedriver version (145.0.7632.117) detected in PATH at /usr/bin/chromedriver might not be compatible with the detected chrome version (146.0.7680.71); currently, chromedriver 146.0.7680.72 is recommended for chrome 146.*, so it is advised to delete the driver in PATH and retry</msg>
<msg time="2026-03-12T18:05:08.037107" level="WARN">The chromedriver version (145.0.7632.117) detected in PATH at /usr/bin/chromedriver might not be compatible with the detected chrome version (146.0.7680.71); currently, chromedriver 146.0.7680.72 is recommended for chrome 146.*, so it is advised to delete the driver in PATH and retry</msg>
<msg time="2026-03-12T18:05:10.934735" level="WARN">The chromedriver version (145.0.7632.117) detected in PATH at /usr/bin/chromedriver might not be compatible with the detected chrome version (146.0.7680.71); currently, chromedriver 146.0.7680.72 is recommended for chrome 146.*, so it is advised to delete the driver in PATH and retry</msg>
<msg time="2026-03-12T18:05:13.784211" level="WARN">The chromedriver version (145.0.7632.117) detected in PATH at /usr/bin/chromedriver might not be compatible with the detected chrome version (146.0.7680.71); currently, chromedriver 146.0.7680.72 is recommended for chrome 146.*, so it is advised to delete the driver in PATH and retry</msg>
<msg time="2026-03-12T18:05:16.417739" level="WARN">The chromedriver version (145.0.7632.117) detected in PATH at /usr/bin/chromedriver might not be compatible with the detected chrome version (146.0.7680.71); currently, chromedriver 146.0.7680.72 is recommended for chrome 146.*, so it is advised to delete the driver in PATH and retry</msg>
<msg time="2026-03-12T18:05:19.117889" level="WARN">The chromedriver version (145.0.7632.117) detected in PATH at /usr/bin/chromedriver might not be compatible with the detected chrome version (146.0.7680.71); currently, chromedriver 146.0.7680.72 is recommended for chrome 146.*, so it is advised to delete the driver in PATH and retry</msg>
</errors>
</robot>
