<?xml version="1.0" encoding="UTF-8"?>
<robot generator="Robot 7.4.1 (Python 3.11.15 on linux)" generated="2026-03-12T16:50:27.147220" rpa="false" schemaversion="5">
<suite id="s1" name="UpdateProfile" source="/home/runner/work/Parabank-Robot/Parabank-Robot/Resources/UpdateProfile">
<suite id="s1-s1" name="TestCasesUpdateProfile" source="/home/runner/work/Parabank-Robot/Parabank-Robot/Resources/UpdateProfile/TestCasesUpdateProfile.robot">
<test id="s1-s1-t1" name="QBEF-40 Update First Name Profile" line="11">
<kw name="Iniciar Sessao Autenticada" owner="Common" type="SETUP">
<kw name="Dado que eu acesse o site Parabank" owner="setup_teardown">
<kw name="Criar Opcoes Do Browser" owner="setup_teardown">
<kw name="Evaluate" owner="BuiltIn">
<msg time="2026-03-12T16:50:27.456605" level="INFO">${is_chrome} = True</msg>
<var>${is_chrome}</var>
<arg>'${BROWSER}'.lower() == 'chrome'</arg>
<doc>Evaluates the given expression in Python and returns the result.</doc>
<status status="PASS" start="2026-03-12T16:50:27.456162" elapsed="0.000478"/>
</kw>
<if>
<branch type="IF" condition="${is_chrome}">
<kw name="Evaluate" owner="BuiltIn">
<msg time="2026-03-12T16:50:27.457255" level="INFO">${options} = &lt;selenium.webdriver.chrome.options.Options object at 0x7f712c65a810&gt;</msg>
<var>${options}</var>
<arg>sys.modules['selenium.webdriver'].ChromeOptions()</arg>
<arg>sys</arg>
<doc>Evaluates the given expression in Python and returns the result.</doc>
<status status="PASS" start="2026-03-12T16:50:27.456907" elapsed="0.000378"/>
</kw>
<kw name="Set Variable" owner="BuiltIn">
<msg time="2026-03-12T16:50:27.457665" level="INFO">${arg_window} = --window-size=1920,1080</msg>
<var>${arg_window}</var>
<arg>--window-size=1920,1080</arg>
<doc>Returns the given values which can then be assigned to a variables.</doc>
<status status="PASS" start="2026-03-12T16:50:27.457418" elapsed="0.000273"/>
</kw>
<kw name="Set Variable" owner="BuiltIn">
<msg time="2026-03-12T16:50:27.458041" level="INFO">${arg_dev_shm} = --disable-dev-shm-usage</msg>
<var>${arg_dev_shm}</var>
<arg>--disable-dev-shm-usage</arg>
<doc>Returns the given values which can then be assigned to a variables.</doc>
<status status="PASS" start="2026-03-12T16:50:27.457812" elapsed="0.000256"/>
</kw>
<kw name="Set Variable" owner="BuiltIn">
<msg time="2026-03-12T16:50:27.458412" level="INFO">${arg_sandbox} = --no-sandbox</msg>
<var>${arg_sandbox}</var>
<arg>--no-sandbox</arg>
<doc>Returns the given values which can then be assigned to a variables.</doc>
<status status="PASS" start="2026-03-12T16:50:27.458193" elapsed="0.000243"/>
</kw>
<kw name="Call Method" owner="BuiltIn">
<arg>${options}</arg>
<arg>add_argument</arg>
<arg>${arg_window}</arg>
<doc>Calls the named method of the given object with the provided arguments.</doc>
<status status="PASS" start="2026-03-12T16:50:27.458551" elapsed="0.000380"/>
</kw>
<kw name="Call Method" owner="BuiltIn">
<arg>${options}</arg>
<arg>add_argument</arg>
<arg>${arg_dev_shm}</arg>
<doc>Calls the named method of the given object with the provided arguments.</doc>
<status status="PASS" start="2026-03-12T16:50:27.459068" elapsed="0.000238"/>
</kw>
<kw name="Call Method" owner="BuiltIn">
<arg>${options}</arg>
<arg>add_argument</arg>
<arg>${arg_sandbox}</arg>
<doc>Calls the named method of the given object with the provided arguments.</doc>
<status status="PASS" start="2026-03-12T16:50:27.459425" elapsed="0.000238"/>
</kw>
<kw name="Evaluate" owner="BuiltIn">
<msg time="2026-03-12T16:50:27.460101" level="INFO">${headless} = True</msg>
<var>${headless}</var>
<arg>str('${HEADLESS}').lower() in ['true','1','yes']</arg>
<doc>Evaluates the given expression in Python and returns the result.</doc>
<status status="PASS" start="2026-03-12T16:50:27.459785" elapsed="0.000344"/>
</kw>
<if>
<branch type="IF" condition="${headless}">
<kw name="Set Variable" owner="BuiltIn">
<msg time="2026-03-12T16:50:27.460545" level="INFO">${arg_headless} = --headless=new</msg>
<var>${arg_headless}</var>
<arg>--headless=new</arg>
<doc>Returns the given values which can then be assigned to a variables.</doc>
<status status="PASS" start="2026-03-12T16:50:27.460332" elapsed="0.000238"/>
</kw>
<kw name="Call Method" owner="BuiltIn">
<arg>${options}</arg>
<arg>add_argument</arg>
<arg>${arg_headless}</arg>
<doc>Calls the named method of the given object with the provided arguments.</doc>
<status status="PASS" start="2026-03-12T16:50:27.460673" elapsed="0.000222"/>
</kw>
<status status="PASS" start="2026-03-12T16:50:27.460201" elapsed="0.000734"/>
</branch>
<status status="PASS" start="2026-03-12T16:50:27.460183" elapsed="0.000809"/>
</if>
<return>
<value>${options}</value>
<status status="PASS" start="2026-03-12T16:50:27.461027" elapsed="0.000042"/>
</return>
<status status="PASS" start="2026-03-12T16:50:27.456745" elapsed="0.004361"/>
</branch>
<status status="PASS" start="2026-03-12T16:50:27.456721" elapsed="0.004415"/>
</if>
<return>
<value>${None}</value>
<status status="NOT RUN" start="2026-03-12T16:50:27.461169" elapsed="0.000019"/>
</return>
<msg time="2026-03-12T16:50:27.461308" level="INFO">${options} = &lt;selenium.webdriver.chrome.options.Options object at 0x7f712c65a810&gt;</msg>
<var>${options}</var>
<status status="PASS" start="2026-03-12T16:50:27.455461" elapsed="0.005873"/>
</kw>
<kw name="Open Browser" owner="SeleniumLibrary">
<msg time="2026-03-12T16:50:27.461681" level="INFO">Opening browser 'chrome' to base url 'http://parabank.parasoft.com/parabank/index.htm'.</msg>
<msg time="2026-03-12T16:50:27.761629" level="WARN">The chromedriver version (145.0.7632.117) detected in PATH at /usr/bin/chromedriver might not be compatible with the detected chrome version (146.0.7680.71); currently, chromedriver 146.0.7680.72 is recommended for chrome 146.*, so it is advised to delete the driver in PATH and retry</msg>
<arg>${BASE_URL_QAA}</arg>
<arg>${BROWSER}</arg>
<arg>options=${options}</arg>
<doc>Opens a new browser instance to the optional ``url``.</doc>
<status status="PASS" start="2026-03-12T16:50:27.461462" elapsed="2.270787"/>
</kw>
<if>
<branch type="IF" condition="'${HEADLESS}' != 'True'">
<kw name="Maximize Browser Window" owner="SeleniumLibrary">
<doc>Maximizes current browser window.</doc>
<status status="NOT RUN" start="2026-03-12T16:50:29.733157" elapsed="0.000054"/>
</kw>
<status status="NOT RUN" start="2026-03-12T16:50:29.732486" elapsed="0.000769"/>
</branch>
<status status="PASS" start="2026-03-12T16:50:29.732430" elapsed="0.000869"/>
</if>
<kw name="Set Selenium Timeout" owner="SeleniumLibrary">
<arg>10s</arg>
<doc>Sets the timeout that is used by various keywords.</doc>
<status status="PASS" start="2026-03-12T16:50:29.733408" elapsed="0.000993"/>
</kw>
<status status="PASS" start="2026-03-12T16:50:27.455109" elapsed="2.279378"/>
</kw>
<kw name="Fazer login com Sucesso" owner="Common">
<kw name="Dado que o usuário esteja na tela de Login" owner="KeywordsLogin">
<kw name="Wait Until Element Is Visible" owner="SeleniumLibrary">
<arg>${CAMPO_USUARIO}</arg>
<arg>10s</arg>
<doc>Waits until the element ``locator`` is visible.</doc>
<status status="PASS" start="2026-03-12T16:50:29.735225" elapsed="0.024527"/>
</kw>
<kw name="Element Should Be Visible" owner="SeleniumLibrary">
<msg time="2026-03-12T16:50:29.771291" level="INFO">Element 'css:input[name="username"]' is displayed.</msg>
<arg>${CAMPO_USUARIO}</arg>
<doc>Verifies that the element identified by ``locator`` is visible.</doc>
<status status="PASS" start="2026-03-12T16:50:29.760033" elapsed="0.011322"/>
</kw>
<kw name="Wait Until Element Is Visible" owner="SeleniumLibrary">
<arg>${CAMPO_SENHA}</arg>
<arg>10s</arg>
<doc>Waits until the element ``locator`` is visible.</doc>
<status status="PASS" start="2026-03-12T16:50:29.771501" elapsed="0.013628"/>
</kw>
<kw name="Element Should Be Visible" owner="SeleniumLibrary">
<msg time="2026-03-12T16:50:29.795676" level="INFO">Element 'css:input[name="password"]' is displayed.</msg>
<arg>${CAMPO_SENHA}</arg>
<doc>Verifies that the element identified by ``locator`` is visible.</doc>
<status status="PASS" start="2026-03-12T16:50:29.785271" elapsed="0.010462"/>
</kw>
<status status="PASS" start="2026-03-12T16:50:29.734992" elapsed="0.060822"/>
</kw>
<kw name="Quando ele preencher os campos de usuario e senha" owner="KeywordsLogin">
<kw name="Input Text" owner="SeleniumLibrary">
<msg time="2026-03-12T16:50:29.796589" level="INFO">Typing text 'test' into text field 'css:input[name="username"]'.</msg>
<arg>${CAMPO_USUARIO}</arg>
<arg>${usuario}</arg>
<doc>Types the given ``text`` into the text field identified by ``locator``.</doc>
<status status="PASS" start="2026-03-12T16:50:29.796411" elapsed="0.061068"/>
</kw>
<kw name="Input Text" owner="SeleniumLibrary">
<msg time="2026-03-12T16:50:29.857925" level="INFO">Typing text 'test' into text field 'css:input[name="password"]'.</msg>
<arg>${CAMPO_SENHA}</arg>
<arg>${senha}</arg>
<doc>Types the given ``text`` into the text field identified by ``locator``.</doc>
<status status="PASS" start="2026-03-12T16:50:29.857674" elapsed="0.067211"/>
</kw>
<kw name="Click Button" owner="SeleniumLibrary">
<msg time="2026-03-12T16:50:29.925486" level="INFO">Clicking button 'css:input[type='submit'][value="Log In"]'.</msg>
<arg>${BOTAO_LOGIN}</arg>
<doc>Clicks the button identified by ``locator``.</doc>
<status status="PASS" start="2026-03-12T16:50:29.925187" elapsed="0.215995"/>
</kw>
<arg>${USUARIO_VALIDO}</arg>
<arg>${SENHA_VALIDO}</arg>
<status status="PASS" start="2026-03-12T16:50:29.796076" elapsed="0.345332"/>
</kw>
<kw name="Então ele deve ser redirecionado para a página inicial" owner="KeywordsLogin">
<kw name="Wait Until Element Is Visible" owner="SeleniumLibrary">
<msg time="2026-03-12T16:50:40.248309" level="INFO" html="true">&lt;/td&gt;&lt;/tr&gt;&lt;tr&gt;&lt;td colspan="3"&gt;&lt;a href="selenium-screenshot-1.png"&gt;&lt;img src="selenium-screenshot-1.png" width="800px"&gt;&lt;/a&gt;</msg>
<msg time="2026-03-12T16:50:40.248481" level="FAIL">Element 'css:a[href="logout.htm"]' not visible after 10 seconds.</msg>
<arg>${BTN_LOGOUT}</arg>
<arg>10s</arg>
<doc>Waits until the element ``locator`` is visible.</doc>
<status status="FAIL" start="2026-03-12T16:50:30.142393" elapsed="10.106929">Element 'css:a[href="logout.htm"]' not visible after 10 seconds.</status>
</kw>
<kw name="Element Should Be Visible" owner="SeleniumLibrary">
<arg>${BTN_LOGOUT}</arg>
<doc>Verifies that the element identified by ``locator`` is visible.</doc>
<status status="NOT RUN" start="2026-03-12T16:50:40.249554" elapsed="0.000035"/>
</kw>
<kw name="Wait Until Element Is Visible" owner="SeleniumLibrary">
<arg>${TABELA_TRANSFERENCIA}</arg>
<arg>10s</arg>
<doc>Waits until the element ``locator`` is visible.</doc>
<status status="NOT RUN" start="2026-03-12T16:50:40.249699" elapsed="0.000028"/>
</kw>
<kw name="Element Should Be Visible" owner="SeleniumLibrary">
<arg>${TABELA_TRANSFERENCIA}</arg>
<doc>Verifies that the element identified by ``locator`` is visible.</doc>
<status status="NOT RUN" start="2026-03-12T16:50:40.249836" elapsed="0.000023"/>
</kw>
<status status="FAIL" start="2026-03-12T16:50:30.141835" elapsed="10.108164">Element 'css:a[href="logout.htm"]' not visible after 10 seconds.</status>
</kw>
<status status="FAIL" start="2026-03-12T16:50:29.734668" elapsed="10.515435">Element 'css:a[href="logout.htm"]' not visible after 10 seconds.</status>
</kw>
<status status="FAIL" start="2026-03-12T16:50:27.454747" elapsed="12.795438">Element 'css:a[href="logout.htm"]' not visible after 10 seconds.</status>
</kw>
<kw name="Teardown Padrao" owner="Common" type="TEARDOWN">
<kw name="Run Keyword If Test Failed" owner="BuiltIn">
<kw name="Capture Page Screenshot" owner="SeleniumLibrary">
<msg time="2026-03-12T16:50:40.328991" level="INFO" html="true">&lt;/td&gt;&lt;/tr&gt;&lt;tr&gt;&lt;td colspan="3"&gt;&lt;a href="FAIL_QBEF-40%20Update%20First%20Name%20Profile.png"&gt;&lt;img src="FAIL_QBEF-40%20Update%20First%20Name%20Profile.png" width="800px"&gt;&lt;/a&gt;</msg>
<arg>${OUTPUTDIR}/FAIL_${TEST NAME}.png</arg>
<doc>Takes a screenshot of the current page and embeds it into a log file.</doc>
<status status="PASS" start="2026-03-12T16:50:40.251133" elapsed="0.077980"/>
</kw>
<arg>Capture Page Screenshot</arg>
<arg>${OUTPUTDIR}/FAIL_${TEST NAME}.png</arg>
<doc>Runs the given keyword with the given arguments, if the test failed.</doc>
<status status="PASS" start="2026-03-12T16:50:40.250767" elapsed="0.078433"/>
</kw>
<kw name="Close Browser" owner="SeleniumLibrary">
<doc>Closes the current browser.</doc>
<status status="PASS" start="2026-03-12T16:50:40.329381" elapsed="0.061436"/>
</kw>
<status status="PASS" start="2026-03-12T16:50:40.250476" elapsed="0.140465"/>
</kw>
<tag>Positive</tag>
<tag>update-profile</tag>
<status status="FAIL" start="2026-03-12T16:50:27.453806" elapsed="12.937236">Setup failed:
Element 'css:a[href="logout.htm"]' not visible after 10 seconds.</status>
</test>
<test id="s1-s1-t2" name="QBEF-41 Update Last Name Profile" line="22">
<kw name="Iniciar Sessao Autenticada" owner="Common" type="SETUP">
<kw name="Dado que eu acesse o site Parabank" owner="setup_teardown">
<kw name="Criar Opcoes Do Browser" owner="setup_teardown">
<kw name="Evaluate" owner="BuiltIn">
<msg time="2026-03-12T16:50:40.393884" level="INFO">${is_chrome} = True</msg>
<var>${is_chrome}</var>
<arg>'${BROWSER}'.lower() == 'chrome'</arg>
<doc>Evaluates the given expression in Python and returns the result.</doc>
<status status="PASS" start="2026-03-12T16:50:40.393391" elapsed="0.000523"/>
</kw>
<if>
<branch type="IF" condition="${is_chrome}">
<kw name="Evaluate" owner="BuiltIn">
<msg time="2026-03-12T16:50:40.394538" level="INFO">${options} = &lt;selenium.webdriver.chrome.options.Options object at 0x7f712b829e90&gt;</msg>
<var>${options}</var>
<arg>sys.modules['selenium.webdriver'].ChromeOptions()</arg>
<arg>sys</arg>
<doc>Evaluates the given expression in Python and returns the result.</doc>
<status status="PASS" start="2026-03-12T16:50:40.394221" elapsed="0.000344"/>
</kw>
<kw name="Set Variable" owner="BuiltIn">
<msg time="2026-03-12T16:50:40.394900" level="INFO">${arg_window} = --window-size=1920,1080</msg>
<var>${arg_window}</var>
<arg>--window-size=1920,1080</arg>
<doc>Returns the given values which can then be assigned to a variables.</doc>
<status status="PASS" start="2026-03-12T16:50:40.394682" elapsed="0.000242"/>
</kw>
<kw name="Set Variable" owner="BuiltIn">
<msg time="2026-03-12T16:50:40.395303" level="INFO">${arg_dev_shm} = --disable-dev-shm-usage</msg>
<var>${arg_dev_shm}</var>
<arg>--disable-dev-shm-usage</arg>
<doc>Returns the given values which can then be assigned to a variables.</doc>
<status status="PASS" start="2026-03-12T16:50:40.395089" elapsed="0.000238"/>
</kw>
<kw name="Set Variable" owner="BuiltIn">
<msg time="2026-03-12T16:50:40.395633" level="INFO">${arg_sandbox} = --no-sandbox</msg>
<var>${arg_sandbox}</var>
<arg>--no-sandbox</arg>
<doc>Returns the given values which can then be assigned to a variables.</doc>
<status status="PASS" start="2026-03-12T16:50:40.395435" elapsed="0.000221"/>
</kw>
<kw name="Call Method" owner="BuiltIn">
<arg>${options}</arg>
<arg>add_argument</arg>
<arg>${arg_window}</arg>
<doc>Calls the named method of the given object with the provided arguments.</doc>
<status status="PASS" start="2026-03-12T16:50:40.395763" elapsed="0.000258"/>
</kw>
<kw name="Call Method" owner="BuiltIn">
<arg>${options}</arg>
<arg>add_argument</arg>
<arg>${arg_dev_shm}</arg>
<doc>Calls the named method of the given object with the provided arguments.</doc>
<status status="PASS" start="2026-03-12T16:50:40.396135" elapsed="0.000237"/>
</kw>
<kw name="Call Method" owner="BuiltIn">
<arg>${options}</arg>
<arg>add_argument</arg>
<arg>${arg_sandbox}</arg>
<doc>Calls the named method of the given object with the provided arguments.</doc>
<status status="PASS" start="2026-03-12T16:50:40.396478" elapsed="0.000219"/>
</kw>
<kw name="Evaluate" owner="BuiltIn">
<msg time="2026-03-12T16:50:40.397125" level="INFO">${headless} = True</msg>
<var>${headless}</var>
<arg>str('${HEADLESS}').lower() in ['true','1','yes']</arg>
<doc>Evaluates the given expression in Python and returns the result.</doc>
<status status="PASS" start="2026-03-12T16:50:40.396808" elapsed="0.000342"/>
</kw>
<if>
<branch type="IF" condition="${headless}">
<kw name="Set Variable" owner="BuiltIn">
<msg time="2026-03-12T16:50:40.397566" level="INFO">${arg_headless} = --headless=new</msg>
<var>${arg_headless}</var>
<arg>--headless=new</arg>
<doc>Returns the given values which can then be assigned to a variables.</doc>
<status status="PASS" start="2026-03-12T16:50:40.397353" elapsed="0.000268"/>
</kw>
<kw name="Call Method" owner="BuiltIn">
<arg>${options}</arg>
<arg>add_argument</arg>
<arg>${arg_headless}</arg>
<doc>Calls the named method of the given object with the provided arguments.</doc>
<status status="PASS" start="2026-03-12T16:50:40.397731" elapsed="0.000272"/>
</kw>
<status status="PASS" start="2026-03-12T16:50:40.397222" elapsed="0.000827"/>
</branch>
<status status="PASS" start="2026-03-12T16:50:40.397204" elapsed="0.000882"/>
</if>
<return>
<value>${options}</value>
<status status="PASS" start="2026-03-12T16:50:40.398121" elapsed="0.000044"/>
</return>
<status status="PASS" start="2026-03-12T16:50:40.394064" elapsed="0.004143"/>
</branch>
<status status="PASS" start="2026-03-12T16:50:40.394036" elapsed="0.004203"/>
</if>
<return>
<value>${None}</value>
<status status="NOT RUN" start="2026-03-12T16:50:40.398270" elapsed="0.000020"/>
</return>
<msg time="2026-03-12T16:50:40.398398" level="INFO">${options} = &lt;selenium.webdriver.chrome.options.Options object at 0x7f712b829e90&gt;</msg>
<var>${options}</var>
<status status="PASS" start="2026-03-12T16:50:40.392818" elapsed="0.005604"/>
</kw>
<kw name="Open Browser" owner="SeleniumLibrary">
<msg time="2026-03-12T16:50:40.398766" level="INFO">Opening browser 'chrome' to base url 'http://parabank.parasoft.com/parabank/index.htm'.</msg>
<msg time="2026-03-12T16:50:40.448352" level="WARN">The chromedriver version (145.0.7632.117) detected in PATH at /usr/bin/chromedriver might not be compatible with the detected chrome version (146.0.7680.71); currently, chromedriver 146.0.7680.72 is recommended for chrome 146.*, so it is advised to delete the driver in PATH and retry</msg>
<arg>${BASE_URL_QAA}</arg>
<arg>${BROWSER}</arg>
<arg>options=${options}</arg>
<doc>Opens a new browser instance to the optional ``url``.</doc>
<status status="PASS" start="2026-03-12T16:50:40.398543" elapsed="1.011677"/>
</kw>
<if>
<branch type="IF" condition="'${HEADLESS}' != 'True'">
<kw name="Maximize Browser Window" owner="SeleniumLibrary">
<doc>Maximizes current browser window.</doc>
<status status="NOT RUN" start="2026-03-12T16:50:41.410858" elapsed="0.000048"/>
</kw>
<status status="NOT RUN" start="2026-03-12T16:50:41.410432" elapsed="0.000568"/>
</branch>
<status status="PASS" start="2026-03-12T16:50:41.410381" elapsed="0.000685"/>
</if>
<kw name="Set Selenium Timeout" owner="SeleniumLibrary">
<arg>10s</arg>
<doc>Sets the timeout that is used by various keywords.</doc>
<status status="PASS" start="2026-03-12T16:50:41.411236" elapsed="0.001309"/>
</kw>
<status status="PASS" start="2026-03-12T16:50:40.392488" elapsed="1.020168"/>
</kw>
<kw name="Fazer login com Sucesso" owner="Common">
<kw name="Dado que o usuário esteja na tela de Login" owner="KeywordsLogin">
<kw name="Wait Until Element Is Visible" owner="SeleniumLibrary">
<arg>${CAMPO_USUARIO}</arg>
<arg>10s</arg>
<doc>Waits until the element ``locator`` is visible.</doc>
<status status="PASS" start="2026-03-12T16:50:41.413669" elapsed="0.019605"/>
</kw>
<kw name="Element Should Be Visible" owner="SeleniumLibrary">
<msg time="2026-03-12T16:50:41.445032" level="INFO">Element 'css:input[name="username"]' is displayed.</msg>
<arg>${CAMPO_USUARIO}</arg>
<doc>Verifies that the element identified by ``locator`` is visible.</doc>
<status status="PASS" start="2026-03-12T16:50:41.433453" elapsed="0.011646"/>
</kw>
<kw name="Wait Until Element Is Visible" owner="SeleniumLibrary">
<arg>${CAMPO_SENHA}</arg>
<arg>10s</arg>
<doc>Waits until the element ``locator`` is visible.</doc>
<status status="PASS" start="2026-03-12T16:50:41.445249" elapsed="0.013866"/>
</kw>
<kw name="Element Should Be Visible" owner="SeleniumLibrary">
<msg time="2026-03-12T16:50:41.470380" level="INFO">Element 'css:input[name="password"]' is displayed.</msg>
<arg>${CAMPO_SENHA}</arg>
<doc>Verifies that the element identified by ``locator`` is visible.</doc>
<status status="PASS" start="2026-03-12T16:50:41.459262" elapsed="0.011175"/>
</kw>
<status status="PASS" start="2026-03-12T16:50:41.413348" elapsed="0.057164"/>
</kw>
<kw name="Quando ele preencher os campos de usuario e senha" owner="KeywordsLogin">
<kw name="Input Text" owner="SeleniumLibrary">
<msg time="2026-03-12T16:50:41.471214" level="INFO">Typing text 'test' into text field 'css:input[name="username"]'.</msg>
<arg>${CAMPO_USUARIO}</arg>
<arg>${usuario}</arg>
<doc>Types the given ``text`` into the text field identified by ``locator``.</doc>
<status status="PASS" start="2026-03-12T16:50:41.471034" elapsed="0.059912"/>
</kw>
<kw name="Input Text" owner="SeleniumLibrary">
<msg time="2026-03-12T16:50:41.531441" level="INFO">Typing text 'test' into text field 'css:input[name="password"]'.</msg>
<arg>${CAMPO_SENHA}</arg>
<arg>${senha}</arg>
<doc>Types the given ``text`` into the text field identified by ``locator``.</doc>
<status status="PASS" start="2026-03-12T16:50:41.531192" elapsed="0.071085"/>
</kw>
<kw name="Click Button" owner="SeleniumLibrary">
<msg time="2026-03-12T16:50:41.603049" level="INFO">Clicking button 'css:input[type='submit'][value="Log In"]'.</msg>
<arg>${BOTAO_LOGIN}</arg>
<doc>Clicks the button identified by ``locator``.</doc>
<status status="PASS" start="2026-03-12T16:50:41.602598" elapsed="0.227157"/>
</kw>
<arg>${USUARIO_VALIDO}</arg>
<arg>${SENHA_VALIDO}</arg>
<status status="PASS" start="2026-03-12T16:50:41.470683" elapsed="0.359240"/>
</kw>
<kw name="Então ele deve ser redirecionado para a página inicial" owner="KeywordsLogin">
<kw name="Wait Until Element Is Visible" owner="SeleniumLibrary">
<msg time="2026-03-12T16:50:52.015057" level="INFO" html="true">&lt;/td&gt;&lt;/tr&gt;&lt;tr&gt;&lt;td colspan="3"&gt;&lt;a href="selenium-screenshot-2.png"&gt;&lt;img src="selenium-screenshot-2.png" width="800px"&gt;&lt;/a&gt;</msg>
<msg time="2026-03-12T16:50:52.015220" level="FAIL">Element 'css:a[href="logout.htm"]' not visible after 10 seconds.</msg>
<arg>${BTN_LOGOUT}</arg>
<arg>10s</arg>
<doc>Waits until the element ``locator`` is visible.</doc>
<status status="FAIL" start="2026-03-12T16:50:41.832911" elapsed="10.182725">Element 'css:a[href="logout.htm"]' not visible after 10 seconds.</status>
</kw>
<kw name="Element Should Be Visible" owner="SeleniumLibrary">
<arg>${BTN_LOGOUT}</arg>
<doc>Verifies that the element identified by ``locator`` is visible.</doc>
<status status="NOT RUN" start="2026-03-12T16:50:52.015855" elapsed="0.000034"/>
</kw>
<kw name="Wait Until Element Is Visible" owner="SeleniumLibrary">
<arg>${TABELA_TRANSFERENCIA}</arg>
<arg>10s</arg>
<doc>Waits until the element ``locator`` is visible.</doc>
<status status="NOT RUN" start="2026-03-12T16:50:52.016033" elapsed="0.000027"/>
</kw>
<kw name="Element Should Be Visible" owner="SeleniumLibrary">
<arg>${TABELA_TRANSFERENCIA}</arg>
<doc>Verifies that the element identified by ``locator`` is visible.</doc>
<status status="NOT RUN" start="2026-03-12T16:50:52.016180" elapsed="0.000023"/>
</kw>
<status status="FAIL" start="2026-03-12T16:50:41.832491" elapsed="10.183818">Element 'css:a[href="logout.htm"]' not visible after 10 seconds.</status>
</kw>
<status status="FAIL" start="2026-03-12T16:50:41.412900" elapsed="10.603493">Element 'css:a[href="logout.htm"]' not visible after 10 seconds.</status>
</kw>
<status status="FAIL" start="2026-03-12T16:50:40.392039" elapsed="11.624427">Element 'css:a[href="logout.htm"]' not visible after 10 seconds.</status>
</kw>
<kw name="Teardown Padrao" owner="Common" type="TEARDOWN">
<kw name="Run Keyword If Test Failed" owner="BuiltIn">
<kw name="Capture Page Screenshot" owner="SeleniumLibrary">
<msg time="2026-03-12T16:50:52.094939" level="INFO" html="true">&lt;/td&gt;&lt;/tr&gt;&lt;tr&gt;&lt;td colspan="3"&gt;&lt;a href="FAIL_QBEF-41%20Update%20Last%20Name%20Profile.png"&gt;&lt;img src="FAIL_QBEF-41%20Update%20Last%20Name%20Profile.png" width="800px"&gt;&lt;/a&gt;</msg>
<arg>${OUTPUTDIR}/FAIL_${TEST NAME}.png</arg>
<doc>Takes a screenshot of the current page and embeds it into a log file.</doc>
<status status="PASS" start="2026-03-12T16:50:52.017340" elapsed="0.077740"/>
</kw>
<arg>Capture Page Screenshot</arg>
<arg>${OUTPUTDIR}/FAIL_${TEST NAME}.png</arg>
<doc>Runs the given keyword with the given arguments, if the test failed.</doc>
<status status="PASS" start="2026-03-12T16:50:52.017006" elapsed="0.078200"/>
</kw>
<kw name="Close Browser" owner="SeleniumLibrary">
<doc>Closes the current browser.</doc>
<status status="PASS" start="2026-03-12T16:50:52.095383" elapsed="0.061447"/>
</kw>
<status status="PASS" start="2026-03-12T16:50:52.016724" elapsed="0.140219"/>
</kw>
<tag>Positive</tag>
<tag>update-profile</tag>
<status status="FAIL" start="2026-03-12T16:50:40.391413" elapsed="11.765621">Setup failed:
Element 'css:a[href="logout.htm"]' not visible after 10 seconds.</status>
</test>
<test id="s1-s1-t3" name="QBEF-42 Update Address Profile" line="33">
<kw name="Iniciar Sessao Autenticada" owner="Common" type="SETUP">
<kw name="Dado que eu acesse o site Parabank" owner="setup_teardown">
<kw name="Criar Opcoes Do Browser" owner="setup_teardown">
<kw name="Evaluate" owner="BuiltIn">
<msg time="2026-03-12T16:50:52.159727" level="INFO">${is_chrome} = True</msg>
<var>${is_chrome}</var>
<arg>'${BROWSER}'.lower() == 'chrome'</arg>
<doc>Evaluates the given expression in Python and returns the result.</doc>
<status status="PASS" start="2026-03-12T16:50:52.159325" elapsed="0.000430"/>
</kw>
<if>
<branch type="IF" condition="${is_chrome}">
<kw name="Evaluate" owner="BuiltIn">
<msg time="2026-03-12T16:50:52.160333" level="INFO">${options} = &lt;selenium.webdriver.chrome.options.Options object at 0x7f712bf7c250&gt;</msg>
<var>${options}</var>
<arg>sys.modules['selenium.webdriver'].ChromeOptions()</arg>
<arg>sys</arg>
<doc>Evaluates the given expression in Python and returns the result.</doc>
<status status="PASS" start="2026-03-12T16:50:52.160012" elapsed="0.000348"/>
</kw>
<kw name="Set Variable" owner="BuiltIn">
<msg time="2026-03-12T16:50:52.160694" level="INFO">${arg_window} = --window-size=1920,1080</msg>
<var>${arg_window}</var>
<arg>--window-size=1920,1080</arg>
<doc>Returns the given values which can then be assigned to a variables.</doc>
<status status="PASS" start="2026-03-12T16:50:52.160478" elapsed="0.000240"/>
</kw>
<kw name="Set Variable" owner="BuiltIn">
<msg time="2026-03-12T16:50:52.161059" level="INFO">${arg_dev_shm} = --disable-dev-shm-usage</msg>
<var>${arg_dev_shm}</var>
<arg>--disable-dev-shm-usage</arg>
<doc>Returns the given values which can then be assigned to a variables.</doc>
<status status="PASS" start="2026-03-12T16:50:52.160827" elapsed="0.000256"/>
</kw>
<kw name="Set Variable" owner="BuiltIn">
<msg time="2026-03-12T16:50:52.161387" level="INFO">${arg_sandbox} = --no-sandbox</msg>
<var>${arg_sandbox}</var>
<arg>--no-sandbox</arg>
<doc>Returns the given values which can then be assigned to a variables.</doc>
<status status="PASS" start="2026-03-12T16:50:52.161192" elapsed="0.000229"/>
</kw>
<kw name="Call Method" owner="BuiltIn">
<arg>${options}</arg>
<arg>add_argument</arg>
<arg>${arg_window}</arg>
<doc>Calls the named method of the given object with the provided arguments.</doc>
<status status="PASS" start="2026-03-12T16:50:52.161525" elapsed="0.000222"/>
</kw>
<kw name="Call Method" owner="BuiltIn">
<arg>${options}</arg>
<arg>add_argument</arg>
<arg>${arg_dev_shm}</arg>
<doc>Calls the named method of the given object with the provided arguments.</doc>
<status status="PASS" start="2026-03-12T16:50:52.161853" elapsed="0.000280"/>
</kw>
<kw name="Call Method" owner="BuiltIn">
<arg>${options}</arg>
<arg>add_argument</arg>
<arg>${arg_sandbox}</arg>
<doc>Calls the named method of the given object with the provided arguments.</doc>
<status status="PASS" start="2026-03-12T16:50:52.162245" elapsed="0.000224"/>
</kw>
<kw name="Evaluate" owner="BuiltIn">
<msg time="2026-03-12T16:50:52.162862" level="INFO">${headless} = True</msg>
<var>${headless}</var>
<arg>str('${HEADLESS}').lower() in ['true','1','yes']</arg>
<doc>Evaluates the given expression in Python and returns the result.</doc>
<status status="PASS" start="2026-03-12T16:50:52.162578" elapsed="0.000309"/>
</kw>
<if>
<branch type="IF" condition="${headless}">
<kw name="Set Variable" owner="BuiltIn">
<msg time="2026-03-12T16:50:52.163531" level="INFO">${arg_headless} = --headless=new</msg>
<var>${arg_headless}</var>
<arg>--headless=new</arg>
<doc>Returns the given values which can then be assigned to a variables.</doc>
<status status="PASS" start="2026-03-12T16:50:52.163140" elapsed="0.000416"/>
</kw>
<kw name="Call Method" owner="BuiltIn">
<arg>${options}</arg>
<arg>add_argument</arg>
<arg>${arg_headless}</arg>
<doc>Calls the named method of the given object with the provided arguments.</doc>
<status status="PASS" start="2026-03-12T16:50:52.163667" elapsed="0.000224"/>
</kw>
<status status="PASS" start="2026-03-12T16:50:52.162990" elapsed="0.000943"/>
</branch>
<status status="PASS" start="2026-03-12T16:50:52.162940" elapsed="0.001066"/>
</if>
<return>
<value>${options}</value>
<status status="PASS" start="2026-03-12T16:50:52.164049" elapsed="0.000046"/>
</return>
<status status="PASS" start="2026-03-12T16:50:52.159840" elapsed="0.004293"/>
</branch>
<status status="PASS" start="2026-03-12T16:50:52.159816" elapsed="0.004349"/>
</if>
<return>
<value>${None}</value>
<status status="NOT RUN" start="2026-03-12T16:50:52.164196" elapsed="0.000018"/>
</return>
<msg time="2026-03-12T16:50:52.164321" level="INFO">${options} = &lt;selenium.webdriver.chrome.options.Options object at 0x7f712bf7c250&gt;</msg>
<var>${options}</var>
<status status="PASS" start="2026-03-12T16:50:52.159109" elapsed="0.005236"/>
</kw>
<kw name="Open Browser" owner="SeleniumLibrary">
<msg time="2026-03-12T16:50:52.164704" level="INFO">Opening browser 'chrome' to base url 'http://parabank.parasoft.com/parabank/index.htm'.</msg>
<msg time="2026-03-12T16:50:52.213938" level="WARN">The chromedriver version (145.0.7632.117) detected in PATH at /usr/bin/chromedriver might not be compatible with the detected chrome version (146.0.7680.71); currently, chromedriver 146.0.7680.72 is recommended for chrome 146.*, so it is advised to delete the driver in PATH and retry</msg>
<arg>${BASE_URL_QAA}</arg>
<arg>${BROWSER}</arg>
<arg>options=${options}</arg>
<doc>Opens a new browser instance to the optional ``url``.</doc>
<status status="PASS" start="2026-03-12T16:50:52.164474" elapsed="0.931339"/>
</kw>
<if>
<branch type="IF" condition="'${HEADLESS}' != 'True'">
<kw name="Maximize Browser Window" owner="SeleniumLibrary">
<doc>Maximizes current browser window.</doc>
<status status="NOT RUN" start="2026-03-12T16:50:53.096402" elapsed="0.000041"/>
</kw>
<status status="NOT RUN" start="2026-03-12T16:50:53.096051" elapsed="0.000430"/>
</branch>
<status status="PASS" start="2026-03-12T16:50:53.096003" elapsed="0.000536"/>
</if>
<kw name="Set Selenium Timeout" owner="SeleniumLibrary">
<arg>10s</arg>
<doc>Sets the timeout that is used by various keywords.</doc>
<status status="PASS" start="2026-03-12T16:50:53.096691" elapsed="0.001082"/>
</kw>
<status status="PASS" start="2026-03-12T16:50:52.158745" elapsed="0.939146"/>
</kw>
<kw name="Fazer login com Sucesso" owner="Common">
<kw name="Dado que o usuário esteja na tela de Login" owner="KeywordsLogin">
<kw name="Wait Until Element Is Visible" owner="SeleniumLibrary">
<arg>${CAMPO_USUARIO}</arg>
<arg>10s</arg>
<doc>Waits until the element ``locator`` is visible.</doc>
<status status="PASS" start="2026-03-12T16:50:53.098884" elapsed="0.021824"/>
</kw>
<kw name="Element Should Be Visible" owner="SeleniumLibrary">
<msg time="2026-03-12T16:50:53.131737" level="INFO">Element 'css:input[name="username"]' is displayed.</msg>
<arg>${CAMPO_USUARIO}</arg>
<doc>Verifies that the element identified by ``locator`` is visible.</doc>
<status status="PASS" start="2026-03-12T16:50:53.120981" elapsed="0.010820"/>
</kw>
<kw name="Wait Until Element Is Visible" owner="SeleniumLibrary">
<arg>${CAMPO_SENHA}</arg>
<arg>10s</arg>
<doc>Waits until the element ``locator`` is visible.</doc>
<status status="PASS" start="2026-03-12T16:50:53.131951" elapsed="0.015488"/>
</kw>
<kw name="Element Should Be Visible" owner="SeleniumLibrary">
<msg time="2026-03-12T16:50:53.158504" level="INFO">Element 'css:input[name="password"]' is displayed.</msg>
<arg>${CAMPO_SENHA}</arg>
<doc>Verifies that the element identified by ``locator`` is visible.</doc>
<status status="PASS" start="2026-03-12T16:50:53.147594" elapsed="0.010969"/>
</kw>
<status status="PASS" start="2026-03-12T16:50:53.098556" elapsed="0.060080"/>
</kw>
<kw name="Quando ele preencher os campos de usuario e senha" owner="KeywordsLogin">
<kw name="Input Text" owner="SeleniumLibrary">
<msg time="2026-03-12T16:50:53.159333" level="INFO">Typing text 'test' into text field 'css:input[name="username"]'.</msg>
<arg>${CAMPO_USUARIO}</arg>
<arg>${usuario}</arg>
<doc>Types the given ``text`` into the text field identified by ``locator``.</doc>
<status status="PASS" start="2026-03-12T16:50:53.159158" elapsed="0.060440"/>
</kw>
<kw name="Input Text" owner="SeleniumLibrary">
<msg time="2026-03-12T16:50:53.220226" level="INFO">Typing text 'test' into text field 'css:input[name="password"]'.</msg>
<arg>${CAMPO_SENHA}</arg>
<arg>${senha}</arg>
<doc>Types the given ``text`` into the text field identified by ``locator``.</doc>
<status status="PASS" start="2026-03-12T16:50:53.219849" elapsed="0.067743"/>
</kw>
<kw name="Click Button" owner="SeleniumLibrary">
<msg time="2026-03-12T16:50:53.288221" level="INFO">Clicking button 'css:input[type='submit'][value="Log In"]'.</msg>
<arg>${BOTAO_LOGIN}</arg>
<doc>Clicks the button identified by ``locator``.</doc>
<status status="PASS" start="2026-03-12T16:50:53.287874" elapsed="0.258179"/>
</kw>
<arg>${USUARIO_VALIDO}</arg>
<arg>${SENHA_VALIDO}</arg>
<status status="PASS" start="2026-03-12T16:50:53.158813" elapsed="0.387415"/>
</kw>
<kw name="Então ele deve ser redirecionado para a página inicial" owner="KeywordsLogin">
<kw name="Wait Until Element Is Visible" owner="SeleniumLibrary">
<msg time="2026-03-12T16:51:03.678865" level="INFO" html="true">&lt;/td&gt;&lt;/tr&gt;&lt;tr&gt;&lt;td colspan="3"&gt;&lt;a href="selenium-screenshot-3.png"&gt;&lt;img src="selenium-screenshot-3.png" width="800px"&gt;&lt;/a&gt;</msg>
<msg time="2026-03-12T16:51:03.679054" level="FAIL">Element 'css:a[href="logout.htm"]' not visible after 10 seconds.</msg>
<arg>${BTN_LOGOUT}</arg>
<arg>10s</arg>
<doc>Waits until the element ``locator`` is visible.</doc>
<status status="FAIL" start="2026-03-12T16:50:53.547011" elapsed="10.132432">Element 'css:a[href="logout.htm"]' not visible after 10 seconds.</status>
</kw>
<kw name="Element Should Be Visible" owner="SeleniumLibrary">
<arg>${BTN_LOGOUT}</arg>
<doc>Verifies that the element identified by ``locator`` is visible.</doc>
<status status="NOT RUN" start="2026-03-12T16:51:03.679667" elapsed="0.000034"/>
</kw>
<kw name="Wait Until Element Is Visible" owner="SeleniumLibrary">
<arg>${TABELA_TRANSFERENCIA}</arg>
<arg>10s</arg>
<doc>Waits until the element ``locator`` is visible.</doc>
<status status="NOT RUN" start="2026-03-12T16:51:03.679810" elapsed="0.000023"/>
</kw>
<kw name="Element Should Be Visible" owner="SeleniumLibrary">
<arg>${TABELA_TRANSFERENCIA}</arg>
<doc>Verifies that the element identified by ``locator`` is visible.</doc>
<status status="NOT RUN" start="2026-03-12T16:51:03.679937" elapsed="0.000052"/>
</kw>
<status status="FAIL" start="2026-03-12T16:50:53.546567" elapsed="10.133527">Element 'css:a[href="logout.htm"]' not visible after 10 seconds.</status>
</kw>
<status status="FAIL" start="2026-03-12T16:50:53.098165" elapsed="10.582013">Element 'css:a[href="logout.htm"]' not visible after 10 seconds.</status>
</kw>
<status status="FAIL" start="2026-03-12T16:50:52.158390" elapsed="11.521860">Element 'css:a[href="logout.htm"]' not visible after 10 seconds.</status>
</kw>
<kw name="Teardown Padrao" owner="Common" type="TEARDOWN">
<kw name="Run Keyword If Test Failed" owner="BuiltIn">
<kw name="Capture Page Screenshot" owner="SeleniumLibrary">
<msg time="2026-03-12T16:51:03.747688" level="INFO" html="true">&lt;/td&gt;&lt;/tr&gt;&lt;tr&gt;&lt;td colspan="3"&gt;&lt;a href="FAIL_QBEF-42%20Update%20Address%20Profile.png"&gt;&lt;img src="FAIL_QBEF-42%20Update%20Address%20Profile.png" width="800px"&gt;&lt;/a&gt;</msg>
<arg>${OUTPUTDIR}/FAIL_${TEST NAME}.png</arg>
<doc>Takes a screenshot of the current page and embeds it into a log file.</doc>
<status status="PASS" start="2026-03-12T16:51:03.681368" elapsed="0.066429"/>
</kw>
<arg>Capture Page Screenshot</arg>
<arg>${OUTPUTDIR}/FAIL_${TEST NAME}.png</arg>
<doc>Runs the given keyword with the given arguments, if the test failed.</doc>
<status status="PASS" start="2026-03-12T16:51:03.680798" elapsed="0.067084"/>
</kw>
<kw name="Close Browser" owner="SeleniumLibrary">
<doc>Closes the current browser.</doc>
<status status="PASS" start="2026-03-12T16:51:03.748090" elapsed="0.061438"/>
</kw>
<status status="PASS" start="2026-03-12T16:51:03.680532" elapsed="0.129106"/>
</kw>
<tag>Positive</tag>
<tag>update-profile</tag>
<status status="FAIL" start="2026-03-12T16:50:52.157479" elapsed="11.652220">Setup failed:
Element 'css:a[href="logout.htm"]' not visible after 10 seconds.</status>
</test>
<test id="s1-s1-t4" name="QBEF-43 Update City Profile" line="44">
<kw name="Iniciar Sessao Autenticada" owner="Common" type="SETUP">
<kw name="Dado que eu acesse o site Parabank" owner="setup_teardown">
<kw name="Criar Opcoes Do Browser" owner="setup_teardown">
<kw name="Evaluate" owner="BuiltIn">
<msg time="2026-03-12T16:51:03.812450" level="INFO">${is_chrome} = True</msg>
<var>${is_chrome}</var>
<arg>'${BROWSER}'.lower() == 'chrome'</arg>
<doc>Evaluates the given expression in Python and returns the result.</doc>
<status status="PASS" start="2026-03-12T16:51:03.812038" elapsed="0.000442"/>
</kw>
<if>
<branch type="IF" condition="${is_chrome}">
<kw name="Evaluate" owner="BuiltIn">
<msg time="2026-03-12T16:51:03.813037" level="INFO">${options} = &lt;selenium.webdriver.chrome.options.Options object at 0x7f712b8c09d0&gt;</msg>
<var>${options}</var>
<arg>sys.modules['selenium.webdriver'].ChromeOptions()</arg>
<arg>sys</arg>
<doc>Evaluates the given expression in Python and returns the result.</doc>
<status status="PASS" start="2026-03-12T16:51:03.812708" elapsed="0.000356"/>
</kw>
<kw name="Set Variable" owner="BuiltIn">
<msg time="2026-03-12T16:51:03.813407" level="INFO">${arg_window} = --window-size=1920,1080</msg>
<var>${arg_window}</var>
<arg>--window-size=1920,1080</arg>
<doc>Returns the given values which can then be assigned to a variables.</doc>
<status status="PASS" start="2026-03-12T16:51:03.813182" elapsed="0.000249"/>
</kw>
<kw name="Set Variable" owner="BuiltIn">
<msg time="2026-03-12T16:51:03.813729" level="INFO">${arg_dev_shm} = --disable-dev-shm-usage</msg>
<var>${arg_dev_shm}</var>
<arg>--disable-dev-shm-usage</arg>
<doc>Returns the given values which can then be assigned to a variables.</doc>
<status status="PASS" start="2026-03-12T16:51:03.813537" elapsed="0.000215"/>
</kw>
<kw name="Set Variable" owner="BuiltIn">
<msg time="2026-03-12T16:51:03.814080" level="INFO">${arg_sandbox} = --no-sandbox</msg>
<var>${arg_sandbox}</var>
<arg>--no-sandbox</arg>
<doc>Returns the given values which can then be assigned to a variables.</doc>
<status status="PASS" start="2026-03-12T16:51:03.813855" elapsed="0.000249"/>
</kw>
<kw name="Call Method" owner="BuiltIn">
<arg>${options}</arg>
<arg>add_argument</arg>
<arg>${arg_window}</arg>
<doc>Calls the named method of the given object with the provided arguments.</doc>
<status status="PASS" start="2026-03-12T16:51:03.814209" elapsed="0.000229"/>
</kw>
<kw name="Call Method" owner="BuiltIn">
<arg>${options}</arg>
<arg>add_argument</arg>
<arg>${arg_dev_shm}</arg>
<doc>Calls the named method of the given object with the provided arguments.</doc>
<status status="PASS" start="2026-03-12T16:51:03.814544" elapsed="0.000213"/>
</kw>
<kw name="Call Method" owner="BuiltIn">
<arg>${options}</arg>
<arg>add_argument</arg>
<arg>${arg_sandbox}</arg>
<doc>Calls the named method of the given object with the provided arguments.</doc>
<status status="PASS" start="2026-03-12T16:51:03.814860" elapsed="0.000239"/>
</kw>
<kw name="Evaluate" owner="BuiltIn">
<msg time="2026-03-12T16:51:03.815493" level="INFO">${headless} = True</msg>
<var>${headless}</var>
<arg>str('${HEADLESS}').lower() in ['true','1','yes']</arg>
<doc>Evaluates the given expression in Python and returns the result.</doc>
<status status="PASS" start="2026-03-12T16:51:03.815206" elapsed="0.000345"/>
</kw>
<if>
<branch type="IF" condition="${headless}">
<kw name="Set Variable" owner="BuiltIn">
<msg time="2026-03-12T16:51:03.815951" level="INFO">${arg_headless} = --headless=new</msg>
<var>${arg_headless}</var>
<arg>--headless=new</arg>
<doc>Returns the given values which can then be assigned to a variables.</doc>
<status status="PASS" start="2026-03-12T16:51:03.815748" elapsed="0.000261"/>
</kw>
<kw name="Call Method" owner="BuiltIn">
<arg>${options}</arg>
<arg>add_argument</arg>
<arg>${arg_headless}</arg>
<doc>Calls the named method of the given object with the provided arguments.</doc>
<status status="PASS" start="2026-03-12T16:51:03.816119" elapsed="0.000221"/>
</kw>
<status status="PASS" start="2026-03-12T16:51:03.815620" elapsed="0.000766"/>
</branch>
<status status="PASS" start="2026-03-12T16:51:03.815605" elapsed="0.000814"/>
</if>
<return>
<value>${options}</value>
<status status="PASS" start="2026-03-12T16:51:03.816453" elapsed="0.000045"/>
</return>
<status status="PASS" start="2026-03-12T16:51:03.812559" elapsed="0.003976"/>
</branch>
<status status="PASS" start="2026-03-12T16:51:03.812538" elapsed="0.004025"/>
</if>
<return>
<value>${None}</value>
<status status="NOT RUN" start="2026-03-12T16:51:03.816595" elapsed="0.000021"/>
</return>
<msg time="2026-03-12T16:51:03.816722" level="INFO">${options} = &lt;selenium.webdriver.chrome.options.Options object at 0x7f712b8c09d0&gt;</msg>
<var>${options}</var>
<status status="PASS" start="2026-03-12T16:51:03.811798" elapsed="0.004948"/>
</kw>
<kw name="Open Browser" owner="SeleniumLibrary">
<msg time="2026-03-12T16:51:03.817123" level="INFO">Opening browser 'chrome' to base url 'http://parabank.parasoft.com/parabank/index.htm'.</msg>
<msg time="2026-03-12T16:51:03.866144" level="WARN">The chromedriver version (145.0.7632.117) detected in PATH at /usr/bin/chromedriver might not be compatible with the detected chrome version (146.0.7680.71); currently, chromedriver 146.0.7680.72 is recommended for chrome 146.*, so it is advised to delete the driver in PATH and retry</msg>
<arg>${BASE_URL_QAA}</arg>
<arg>${BROWSER}</arg>
<arg>options=${options}</arg>
<doc>Opens a new browser instance to the optional ``url``.</doc>
<status status="PASS" start="2026-03-12T16:51:03.816869" elapsed="0.956811"/>
</kw>
<if>
<branch type="IF" condition="'${HEADLESS}' != 'True'">
<kw name="Maximize Browser Window" owner="SeleniumLibrary">
<doc>Maximizes current browser window.</doc>
<status status="NOT RUN" start="2026-03-12T16:51:04.774621" elapsed="0.000044"/>
</kw>
<status status="NOT RUN" start="2026-03-12T16:51:04.773897" elapsed="0.000926"/>
</branch>
<status status="PASS" start="2026-03-12T16:51:04.773852" elapsed="0.001023"/>
</if>
<kw name="Set Selenium Timeout" owner="SeleniumLibrary">
<arg>10s</arg>
<doc>Sets the timeout that is used by various keywords.</doc>
<status status="PASS" start="2026-03-12T16:51:04.775079" elapsed="0.001938"/>
</kw>
<status status="PASS" start="2026-03-12T16:51:03.811490" elapsed="0.965637"/>
</kw>
<kw name="Fazer login com Sucesso" owner="Common">
<kw name="Dado que o usuário esteja na tela de Login" owner="KeywordsLogin">
<kw name="Wait Until Element Is Visible" owner="SeleniumLibrary">
<arg>${CAMPO_USUARIO}</arg>
<arg>10s</arg>
<doc>Waits until the element ``locator`` is visible.</doc>
<status status="PASS" start="2026-03-12T16:51:04.778100" elapsed="0.020843"/>
</kw>
<kw name="Element Should Be Visible" owner="SeleniumLibrary">
<msg time="2026-03-12T16:51:04.809844" level="INFO">Element 'css:input[name="username"]' is displayed.</msg>
<arg>${CAMPO_USUARIO}</arg>
<doc>Verifies that the element identified by ``locator`` is visible.</doc>
<status status="PASS" start="2026-03-12T16:51:04.799171" elapsed="0.010735"/>
</kw>
<kw name="Wait Until Element Is Visible" owner="SeleniumLibrary">
<arg>${CAMPO_SENHA}</arg>
<arg>10s</arg>
<doc>Waits until the element ``locator`` is visible.</doc>
<status status="PASS" start="2026-03-12T16:51:04.810078" elapsed="0.016181"/>
</kw>
<kw name="Element Should Be Visible" owner="SeleniumLibrary">
<msg time="2026-03-12T16:51:04.836700" level="INFO">Element 'css:input[name="password"]' is displayed.</msg>
<arg>${CAMPO_SENHA}</arg>
<doc>Verifies that the element identified by ``locator`` is visible.</doc>
<status status="PASS" start="2026-03-12T16:51:04.826423" elapsed="0.010335"/>
</kw>
<status status="PASS" start="2026-03-12T16:51:04.777763" elapsed="0.059070"/>
</kw>
<kw name="Quando ele preencher os campos de usuario e senha" owner="KeywordsLogin">
<kw name="Input Text" owner="SeleniumLibrary">
<msg time="2026-03-12T16:51:04.837527" level="INFO">Typing text 'test' into text field 'css:input[name="username"]'.</msg>
<arg>${CAMPO_USUARIO}</arg>
<arg>${usuario}</arg>
<doc>Types the given ``text`` into the text field identified by ``locator``.</doc>
<status status="PASS" start="2026-03-12T16:51:04.837353" elapsed="0.060528"/>
</kw>
<kw name="Input Text" owner="SeleniumLibrary">
<msg time="2026-03-12T16:51:04.898322" level="INFO">Typing text 'test' into text field 'css:input[name="password"]'.</msg>
<arg>${CAMPO_SENHA}</arg>
<arg>${senha}</arg>
<doc>Types the given ``text`` into the text field identified by ``locator``.</doc>
<status status="PASS" start="2026-03-12T16:51:04.898093" elapsed="0.065544"/>
</kw>
<kw name="Click Button" owner="SeleniumLibrary">
<msg time="2026-03-12T16:51:04.964118" level="INFO">Clicking button 'css:input[type='submit'][value="Log In"]'.</msg>
<arg>${BOTAO_LOGIN}</arg>
<doc>Clicks the button identified by ``locator``.</doc>
<status status="PASS" start="2026-03-12T16:51:04.963851" elapsed="0.063553"/>
</kw>
<arg>${USUARIO_VALIDO}</arg>
<arg>${SENHA_VALIDO}</arg>
<status status="PASS" start="2026-03-12T16:51:04.837036" elapsed="0.190539"/>
</kw>
<kw name="Então ele deve ser redirecionado para a página inicial" owner="KeywordsLogin">
<kw name="Wait Until Element Is Visible" owner="SeleniumLibrary">
<msg time="2026-03-12T16:51:15.312745" level="INFO" html="true">&lt;/td&gt;&lt;/tr&gt;&lt;tr&gt;&lt;td colspan="3"&gt;&lt;a href="selenium-screenshot-4.png"&gt;&lt;img src="selenium-screenshot-4.png" width="800px"&gt;&lt;/a&gt;</msg>
<msg time="2026-03-12T16:51:15.312910" level="FAIL">Element 'css:a[href="logout.htm"]' not visible after 10 seconds.</msg>
<arg>${BTN_LOGOUT}</arg>
<arg>10s</arg>
<doc>Waits until the element ``locator`` is visible.</doc>
<status status="FAIL" start="2026-03-12T16:51:05.028342" elapsed="10.285002">Element 'css:a[href="logout.htm"]' not visible after 10 seconds.</status>
</kw>
<kw name="Element Should Be Visible" owner="SeleniumLibrary">
<arg>${BTN_LOGOUT}</arg>
<doc>Verifies that the element identified by ``locator`` is visible.</doc>
<status status="NOT RUN" start="2026-03-12T16:51:15.313572" elapsed="0.000034"/>
</kw>
<kw name="Wait Until Element Is Visible" owner="SeleniumLibrary">
<arg>${TABELA_TRANSFERENCIA}</arg>
<arg>10s</arg>
<doc>Waits until the element ``locator`` is visible.</doc>
<status status="NOT RUN" start="2026-03-12T16:51:15.313712" elapsed="0.000022"/>
</kw>
<kw name="Element Should Be Visible" owner="SeleniumLibrary">
<arg>${TABELA_TRANSFERENCIA}</arg>
<doc>Verifies that the element identified by ``locator`` is visible.</doc>
<status status="NOT RUN" start="2026-03-12T16:51:15.313831" elapsed="0.000022"/>
</kw>
<status status="FAIL" start="2026-03-12T16:51:05.027917" elapsed="10.286032">Element 'css:a[href="logout.htm"]' not visible after 10 seconds.</status>
</kw>
<status status="FAIL" start="2026-03-12T16:51:04.777371" elapsed="10.536695">Element 'css:a[href="logout.htm"]' not visible after 10 seconds.</status>
</kw>
<status status="FAIL" start="2026-03-12T16:51:03.811179" elapsed="11.502963">Element 'css:a[href="logout.htm"]' not visible after 10 seconds.</status>
</kw>
<kw name="Teardown Padrao" owner="Common" type="TEARDOWN">
<kw name="Run Keyword If Test Failed" owner="BuiltIn">
<kw name="Capture Page Screenshot" owner="SeleniumLibrary">
<msg time="2026-03-12T16:51:15.381725" level="INFO" html="true">&lt;/td&gt;&lt;/tr&gt;&lt;tr&gt;&lt;td colspan="3"&gt;&lt;a href="FAIL_QBEF-43%20Update%20City%20Profile.png"&gt;&lt;img src="FAIL_QBEF-43%20Update%20City%20Profile.png" width="800px"&gt;&lt;/a&gt;</msg>
<arg>${OUTPUTDIR}/FAIL_${TEST NAME}.png</arg>
<doc>Takes a screenshot of the current page and embeds it into a log file.</doc>
<status status="PASS" start="2026-03-12T16:51:15.315044" elapsed="0.066791"/>
</kw>
<arg>Capture Page Screenshot</arg>
<arg>${OUTPUTDIR}/FAIL_${TEST NAME}.png</arg>
<doc>Runs the given keyword with the given arguments, if the test failed.</doc>
<status status="PASS" start="2026-03-12T16:51:15.314687" elapsed="0.067233"/>
</kw>
<kw name="Close Browser" owner="SeleniumLibrary">
<doc>Closes the current browser.</doc>
<status status="PASS" start="2026-03-12T16:51:15.382116" elapsed="0.061427"/>
</kw>
<status status="PASS" start="2026-03-12T16:51:15.314416" elapsed="0.129238"/>
</kw>
<tag>Positive</tag>
<tag>update-profile</tag>
<status status="FAIL" start="2026-03-12T16:51:03.810629" elapsed="11.633090">Setup failed:
Element 'css:a[href="logout.htm"]' not visible after 10 seconds.</status>
</test>
<test id="s1-s1-t5" name="QBEF-44 Update State Profile" line="55">
<kw name="Iniciar Sessao Autenticada" owner="Common" type="SETUP">
<kw name="Dado que eu acesse o site Parabank" owner="setup_teardown">
<kw name="Criar Opcoes Do Browser" owner="setup_teardown">
<kw name="Evaluate" owner="BuiltIn">
<msg time="2026-03-12T16:51:15.446763" level="INFO">${is_chrome} = True</msg>
<var>${is_chrome}</var>
<arg>'${BROWSER}'.lower() == 'chrome'</arg>
<doc>Evaluates the given expression in Python and returns the result.</doc>
<status status="PASS" start="2026-03-12T16:51:15.446363" elapsed="0.000429"/>
</kw>
<if>
<branch type="IF" condition="${is_chrome}">
<kw name="Evaluate" owner="BuiltIn">
<msg time="2026-03-12T16:51:15.447372" level="INFO">${options} = &lt;selenium.webdriver.chrome.options.Options object at 0x7f712b8c1490&gt;</msg>
<var>${options}</var>
<arg>sys.modules['selenium.webdriver'].ChromeOptions()</arg>
<arg>sys</arg>
<doc>Evaluates the given expression in Python and returns the result.</doc>
<status status="PASS" start="2026-03-12T16:51:15.447069" elapsed="0.000329"/>
</kw>
<kw name="Set Variable" owner="BuiltIn">
<msg time="2026-03-12T16:51:15.447726" level="INFO">${arg_window} = --window-size=1920,1080</msg>
<var>${arg_window}</var>
<arg>--window-size=1920,1080</arg>
<doc>Returns the given values which can then be assigned to a variables.</doc>
<status status="PASS" start="2026-03-12T16:51:15.447514" elapsed="0.000238"/>
</kw>
<kw name="Set Variable" owner="BuiltIn">
<msg time="2026-03-12T16:51:15.448089" level="INFO">${arg_dev_shm} = --disable-dev-shm-usage</msg>
<var>${arg_dev_shm}</var>
<arg>--disable-dev-shm-usage</arg>
<doc>Returns the given values which can then be assigned to a variables.</doc>
<status status="PASS" start="2026-03-12T16:51:15.447862" elapsed="0.000251"/>
</kw>
<kw name="Set Variable" owner="BuiltIn">
<msg time="2026-03-12T16:51:15.448414" level="INFO">${arg_sandbox} = --no-sandbox</msg>
<var>${arg_sandbox}</var>
<arg>--no-sandbox</arg>
<doc>Returns the given values which can then be assigned to a variables.</doc>
<status status="PASS" start="2026-03-12T16:51:15.448222" elapsed="0.000215"/>
</kw>
<kw name="Call Method" owner="BuiltIn">
<arg>${options}</arg>
<arg>add_argument</arg>
<arg>${arg_window}</arg>
<doc>Calls the named method of the given object with the provided arguments.</doc>
<status status="PASS" start="2026-03-12T16:51:15.448542" elapsed="0.000228"/>
</kw>
<kw name="Call Method" owner="BuiltIn">
<arg>${options}</arg>
<arg>add_argument</arg>
<arg>${arg_dev_shm}</arg>
<doc>Calls the named method of the given object with the provided arguments.</doc>
<status status="PASS" start="2026-03-12T16:51:15.448882" elapsed="0.000273"/>
</kw>
<kw name="Call Method" owner="BuiltIn">
<arg>${options}</arg>
<arg>add_argument</arg>
<arg>${arg_sandbox}</arg>
<doc>Calls the named method of the given object with the provided arguments.</doc>
<status status="PASS" start="2026-03-12T16:51:15.449272" elapsed="0.000222"/>
</kw>
<kw name="Evaluate" owner="BuiltIn">
<msg time="2026-03-12T16:51:15.449876" level="INFO">${headless} = True</msg>
<var>${headless}</var>
<arg>str('${HEADLESS}').lower() in ['true','1','yes']</arg>
<doc>Evaluates the given expression in Python and returns the result.</doc>
<status status="PASS" start="2026-03-12T16:51:15.449600" elapsed="0.000302"/>
</kw>
<if>
<branch type="IF" condition="${headless}">
<kw name="Set Variable" owner="BuiltIn">
<msg time="2026-03-12T16:51:15.450344" level="INFO">${arg_headless} = --headless=new</msg>
<var>${arg_headless}</var>
<arg>--headless=new</arg>
<doc>Returns the given values which can then be assigned to a variables.</doc>
<status status="PASS" start="2026-03-12T16:51:15.450131" elapsed="0.000235"/>
</kw>
<kw name="Call Method" owner="BuiltIn">
<arg>${options}</arg>
<arg>add_argument</arg>
<arg>${arg_headless}</arg>
<doc>Calls the named method of the given object with the provided arguments.</doc>
<status status="PASS" start="2026-03-12T16:51:15.450471" elapsed="0.000220"/>
</kw>
<status status="PASS" start="2026-03-12T16:51:15.449997" elapsed="0.000736"/>
</branch>
<status status="PASS" start="2026-03-12T16:51:15.449972" elapsed="0.000795"/>
</if>
<return>
<value>${options}</value>
<status status="PASS" start="2026-03-12T16:51:15.450799" elapsed="0.000043"/>
</return>
<status status="PASS" start="2026-03-12T16:51:15.446874" elapsed="0.004004"/>
</branch>
<status status="PASS" start="2026-03-12T16:51:15.446851" elapsed="0.004054"/>
</if>
<return>
<value>${None}</value>
<status status="NOT RUN" start="2026-03-12T16:51:15.450934" elapsed="0.000017"/>
</return>
<msg time="2026-03-12T16:51:15.451095" level="INFO">${options} = &lt;selenium.webdriver.chrome.options.Options object at 0x7f712b8c1490&gt;</msg>
<var>${options}</var>
<status status="PASS" start="2026-03-12T16:51:15.446143" elapsed="0.004976"/>
</kw>
<kw name="Open Browser" owner="SeleniumLibrary">
<msg time="2026-03-12T16:51:15.451477" level="INFO">Opening browser 'chrome' to base url 'http://parabank.parasoft.com/parabank/index.htm'.</msg>
<msg time="2026-03-12T16:51:15.501485" level="WARN">The chromedriver version (145.0.7632.117) detected in PATH at /usr/bin/chromedriver might not be compatible with the detected chrome version (146.0.7680.71); currently, chromedriver 146.0.7680.72 is recommended for chrome 146.*, so it is advised to delete the driver in PATH and retry</msg>
<arg>${BASE_URL_QAA}</arg>
<arg>${BROWSER}</arg>
<arg>options=${options}</arg>
<doc>Opens a new browser instance to the optional ``url``.</doc>
<status status="PASS" start="2026-03-12T16:51:15.451257" elapsed="1.013604"/>
</kw>
<if>
<branch type="IF" condition="'${HEADLESS}' != 'True'">
<kw name="Maximize Browser Window" owner="SeleniumLibrary">
<doc>Maximizes current browser window.</doc>
<status status="NOT RUN" start="2026-03-12T16:51:16.465428" elapsed="0.000050"/>
</kw>
<status status="NOT RUN" start="2026-03-12T16:51:16.465073" elapsed="0.000446"/>
</branch>
<status status="PASS" start="2026-03-12T16:51:16.465036" elapsed="0.000545"/>
</if>
<kw name="Set Selenium Timeout" owner="SeleniumLibrary">
<arg>10s</arg>
<doc>Sets the timeout that is used by various keywords.</doc>
<status status="PASS" start="2026-03-12T16:51:16.465753" elapsed="0.001142"/>
</kw>
<status status="PASS" start="2026-03-12T16:51:15.445608" elapsed="1.021422"/>
</kw>
<kw name="Fazer login com Sucesso" owner="Common">
<kw name="Dado que o usuário esteja na tela de Login" owner="KeywordsLogin">
<kw name="Wait Until Element Is Visible" owner="SeleniumLibrary">
<arg>${CAMPO_USUARIO}</arg>
<arg>10s</arg>
<doc>Waits until the element ``locator`` is visible.</doc>
<status status="PASS" start="2026-03-12T16:51:16.468052" elapsed="0.024082"/>
</kw>
<kw name="Element Should Be Visible" owner="SeleniumLibrary">
<msg time="2026-03-12T16:51:16.503013" level="INFO">Element 'css:input[name="username"]' is displayed.</msg>
<arg>${CAMPO_USUARIO}</arg>
<doc>Verifies that the element identified by ``locator`` is visible.</doc>
<status status="PASS" start="2026-03-12T16:51:16.492340" elapsed="0.010745"/>
</kw>
<kw name="Wait Until Element Is Visible" owner="SeleniumLibrary">
<arg>${CAMPO_SENHA}</arg>
<arg>10s</arg>
<doc>Waits until the element ``locator`` is visible.</doc>
<status status="PASS" start="2026-03-12T16:51:16.503279" elapsed="0.016444"/>
</kw>
<kw name="Element Should Be Visible" owner="SeleniumLibrary">
<msg time="2026-03-12T16:51:16.530175" level="INFO">Element 'css:input[name="password"]' is displayed.</msg>
<arg>${CAMPO_SENHA}</arg>
<doc>Verifies that the element identified by ``locator`` is visible.</doc>
<status status="PASS" start="2026-03-12T16:51:16.519870" elapsed="0.010362"/>
</kw>
<status status="PASS" start="2026-03-12T16:51:16.467689" elapsed="0.062616"/>
</kw>
<kw name="Quando ele preencher os campos de usuario e senha" owner="KeywordsLogin">
<kw name="Input Text" owner="SeleniumLibrary">
<msg time="2026-03-12T16:51:16.531187" level="INFO">Typing text 'test' into text field 'css:input[name="username"]'.</msg>
<arg>${CAMPO_USUARIO}</arg>
<arg>${usuario}</arg>
<doc>Types the given ``text`` into the text field identified by ``locator``.</doc>
<status status="PASS" start="2026-03-12T16:51:16.530790" elapsed="0.061013"/>
</kw>
<kw name="Input Text" owner="SeleniumLibrary">
<msg time="2026-03-12T16:51:16.592248" level="INFO">Typing text 'test' into text field 'css:input[name="password"]'.</msg>
<arg>${CAMPO_SENHA}</arg>
<arg>${senha}</arg>
<doc>Types the given ``text`` into the text field identified by ``locator``.</doc>
<status status="PASS" start="2026-03-12T16:51:16.592020" elapsed="0.068703"/>
</kw>
<kw name="Click Button" owner="SeleniumLibrary">
<msg time="2026-03-12T16:51:16.661282" level="INFO">Clicking button 'css:input[type='submit'][value="Log In"]'.</msg>
<arg>${BOTAO_LOGIN}</arg>
<doc>Clicks the button identified by ``locator``.</doc>
<status status="PASS" start="2026-03-12T16:51:16.661023" elapsed="0.065426"/>
</kw>
<arg>${USUARIO_VALIDO}</arg>
<arg>${SENHA_VALIDO}</arg>
<status status="PASS" start="2026-03-12T16:51:16.530481" elapsed="0.196138"/>
</kw>
<kw name="Então ele deve ser redirecionado para a página inicial" owner="KeywordsLogin">
<kw name="Wait Until Element Is Visible" owner="SeleniumLibrary">
<msg time="2026-03-12T16:51:26.911441" level="INFO" html="true">&lt;/td&gt;&lt;/tr&gt;&lt;tr&gt;&lt;td colspan="3"&gt;&lt;a href="selenium-screenshot-5.png"&gt;&lt;img src="selenium-screenshot-5.png" width="800px"&gt;&lt;/a&gt;</msg>
<msg time="2026-03-12T16:51:26.911598" level="FAIL">Element 'css:a[href="logout.htm"]' not visible after 10 seconds.</msg>
<arg>${BTN_LOGOUT}</arg>
<arg>10s</arg>
<doc>Waits until the element ``locator`` is visible.</doc>
<status status="FAIL" start="2026-03-12T16:51:16.727393" elapsed="10.184609">Element 'css:a[href="logout.htm"]' not visible after 10 seconds.</status>
</kw>
<kw name="Element Should Be Visible" owner="SeleniumLibrary">
<arg>${BTN_LOGOUT}</arg>
<doc>Verifies that the element identified by ``locator`` is visible.</doc>
<status status="NOT RUN" start="2026-03-12T16:51:26.912225" elapsed="0.000035"/>
</kw>
<kw name="Wait Until Element Is Visible" owner="SeleniumLibrary">
<arg>${TABELA_TRANSFERENCIA}</arg>
<arg>10s</arg>
<doc>Waits until the element ``locator`` is visible.</doc>
<status status="NOT RUN" start="2026-03-12T16:51:26.912400" elapsed="0.000028"/>
</kw>
<kw name="Element Should Be Visible" owner="SeleniumLibrary">
<arg>${TABELA_TRANSFERENCIA}</arg>
<doc>Verifies that the element identified by ``locator`` is visible.</doc>
<status status="NOT RUN" start="2026-03-12T16:51:26.912532" elapsed="0.000022"/>
</kw>
<status status="FAIL" start="2026-03-12T16:51:16.726983" elapsed="10.185668">Element 'css:a[href="logout.htm"]' not visible after 10 seconds.</status>
</kw>
<status status="FAIL" start="2026-03-12T16:51:16.467256" elapsed="10.445474">Element 'css:a[href="logout.htm"]' not visible after 10 seconds.</status>
</kw>
<status status="FAIL" start="2026-03-12T16:51:15.445297" elapsed="11.467504">Element 'css:a[href="logout.htm"]' not visible after 10 seconds.</status>
</kw>
<kw name="Teardown Padrao" owner="Common" type="TEARDOWN">
<kw name="Run Keyword If Test Failed" owner="BuiltIn">
<kw name="Capture Page Screenshot" owner="SeleniumLibrary">
<msg time="2026-03-12T16:51:26.980533" level="INFO" html="true">&lt;/td&gt;&lt;/tr&gt;&lt;tr&gt;&lt;td colspan="3"&gt;&lt;a href="FAIL_QBEF-44%20Update%20State%20Profile.png"&gt;&lt;img src="FAIL_QBEF-44%20Update%20State%20Profile.png" width="800px"&gt;&lt;/a&gt;</msg>
<arg>${OUTPUTDIR}/FAIL_${TEST NAME}.png</arg>
<doc>Takes a screenshot of the current page and embeds it into a log file.</doc>
<status status="PASS" start="2026-03-12T16:51:26.913689" elapsed="0.066951"/>
</kw>
<arg>Capture Page Screenshot</arg>
<arg>${OUTPUTDIR}/FAIL_${TEST NAME}.png</arg>
<doc>Runs the given keyword with the given arguments, if the test failed.</doc>
<status status="PASS" start="2026-03-12T16:51:26.913360" elapsed="0.067363"/>
</kw>
<kw name="Close Browser" owner="SeleniumLibrary">
<doc>Closes the current browser.</doc>
<status status="PASS" start="2026-03-12T16:51:26.980894" elapsed="0.062179"/>
</kw>
<status status="PASS" start="2026-03-12T16:51:26.913089" elapsed="0.130094"/>
</kw>
<tag>Positive</tag>
<tag>update-profile</tag>
<status status="FAIL" start="2026-03-12T16:51:15.444385" elapsed="11.598857">Setup failed:
Element 'css:a[href="logout.htm"]' not visible after 10 seconds.</status>
</test>
<test id="s1-s1-t6" name="QBEF-45 Update Zipcode Profile" line="66">
<kw name="Iniciar Sessao Autenticada" owner="Common" type="SETUP">
<kw name="Dado que eu acesse o site Parabank" owner="setup_teardown">
<kw name="Criar Opcoes Do Browser" owner="setup_teardown">
<kw name="Evaluate" owner="BuiltIn">
<msg time="2026-03-12T16:51:27.045501" level="INFO">${is_chrome} = True</msg>
<var>${is_chrome}</var>
<arg>'${BROWSER}'.lower() == 'chrome'</arg>
<doc>Evaluates the given expression in Python and returns the result.</doc>
<status status="PASS" start="2026-03-12T16:51:27.045068" elapsed="0.000462"/>
</kw>
<if>
<branch type="IF" condition="${is_chrome}">
<kw name="Evaluate" owner="BuiltIn">
<msg time="2026-03-12T16:51:27.046219" level="INFO">${options} = &lt;selenium.webdriver.chrome.options.Options object at 0x7f712b6e9950&gt;</msg>
<var>${options}</var>
<arg>sys.modules['selenium.webdriver'].ChromeOptions()</arg>
<arg>sys</arg>
<doc>Evaluates the given expression in Python and returns the result.</doc>
<status status="PASS" start="2026-03-12T16:51:27.045763" elapsed="0.000488"/>
</kw>
<kw name="Set Variable" owner="BuiltIn">
<msg time="2026-03-12T16:51:27.046598" level="INFO">${arg_window} = --window-size=1920,1080</msg>
<var>${arg_window}</var>
<arg>--window-size=1920,1080</arg>
<doc>Returns the given values which can then be assigned to a variables.</doc>
<status status="PASS" start="2026-03-12T16:51:27.046370" elapsed="0.000252"/>
</kw>
<kw name="Set Variable" owner="BuiltIn">
<msg time="2026-03-12T16:51:27.046927" level="INFO">${arg_dev_shm} = --disable-dev-shm-usage</msg>
<var>${arg_dev_shm}</var>
<arg>--disable-dev-shm-usage</arg>
<doc>Returns the given values which can then be assigned to a variables.</doc>
<status status="PASS" start="2026-03-12T16:51:27.046732" elapsed="0.000218"/>
</kw>
<kw name="Set Variable" owner="BuiltIn">
<msg time="2026-03-12T16:51:27.047305" level="INFO">${arg_sandbox} = --no-sandbox</msg>
<var>${arg_sandbox}</var>
<arg>--no-sandbox</arg>
<doc>Returns the given values which can then be assigned to a variables.</doc>
<status status="PASS" start="2026-03-12T16:51:27.047109" elapsed="0.000218"/>
</kw>
<kw name="Call Method" owner="BuiltIn">
<arg>${options}</arg>
<arg>add_argument</arg>
<arg>${arg_window}</arg>
<doc>Calls the named method of the given object with the provided arguments.</doc>
<status status="PASS" start="2026-03-12T16:51:27.047430" elapsed="0.000225"/>
</kw>
<kw name="Call Method" owner="BuiltIn">
<arg>${options}</arg>
<arg>add_argument</arg>
<arg>${arg_dev_shm}</arg>
<doc>Calls the named method of the given object with the provided arguments.</doc>
<status status="PASS" start="2026-03-12T16:51:27.047757" elapsed="0.000244"/>
</kw>
<kw name="Call Method" owner="BuiltIn">
<arg>${options}</arg>
<arg>add_argument</arg>
<arg>${arg_sandbox}</arg>
<doc>Calls the named method of the given object with the provided arguments.</doc>
<status status="PASS" start="2026-03-12T16:51:27.048152" elapsed="0.000228"/>
</kw>
<kw name="Evaluate" owner="BuiltIn">
<msg time="2026-03-12T16:51:27.048937" level="INFO">${headless} = True</msg>
<var>${headless}</var>
<arg>str('${HEADLESS}').lower() in ['true','1','yes']</arg>
<doc>Evaluates the given expression in Python and returns the result.</doc>
<status status="PASS" start="2026-03-12T16:51:27.048490" elapsed="0.000496"/>
</kw>
<if>
<branch type="IF" condition="${headless}">
<kw name="Set Variable" owner="BuiltIn">
<msg time="2026-03-12T16:51:27.049394" level="INFO">${arg_headless} = --headless=new</msg>
<var>${arg_headless}</var>
<arg>--headless=new</arg>
<doc>Returns the given values which can then be assigned to a variables.</doc>
<status status="PASS" start="2026-03-12T16:51:27.049187" elapsed="0.000230"/>
</kw>
<kw name="Call Method" owner="BuiltIn">
<arg>${options}</arg>
<arg>add_argument</arg>
<arg>${arg_headless}</arg>
<doc>Calls the named method of the given object with the provided arguments.</doc>
<status status="PASS" start="2026-03-12T16:51:27.049521" elapsed="0.000222"/>
</kw>
<status status="PASS" start="2026-03-12T16:51:27.049058" elapsed="0.000727"/>
</branch>
<status status="PASS" start="2026-03-12T16:51:27.049042" elapsed="0.000777"/>
</if>
<return>
<value>${options}</value>
<status status="PASS" start="2026-03-12T16:51:27.049851" elapsed="0.000042"/>
</return>
<status status="PASS" start="2026-03-12T16:51:27.045618" elapsed="0.004310"/>
</branch>
<status status="PASS" start="2026-03-12T16:51:27.045596" elapsed="0.004386"/>
</if>
<return>
<value>${None}</value>
<status status="NOT RUN" start="2026-03-12T16:51:27.050027" elapsed="0.000021"/>
</return>
<msg time="2026-03-12T16:51:27.050155" level="INFO">${options} = &lt;selenium.webdriver.chrome.options.Options object at 0x7f712b6e9950&gt;</msg>
<var>${options}</var>
<status status="PASS" start="2026-03-12T16:51:27.044789" elapsed="0.005390"/>
</kw>
<kw name="Open Browser" owner="SeleniumLibrary">
<msg time="2026-03-12T16:51:27.050514" level="INFO">Opening browser 'chrome' to base url 'http://parabank.parasoft.com/parabank/index.htm'.</msg>
<msg time="2026-03-12T16:51:27.101752" level="WARN">The chromedriver version (145.0.7632.117) detected in PATH at /usr/bin/chromedriver might not be compatible with the detected chrome version (146.0.7680.71); currently, chromedriver 146.0.7680.72 is recommended for chrome 146.*, so it is advised to delete the driver in PATH and retry</msg>
<arg>${BASE_URL_QAA}</arg>
<arg>${BROWSER}</arg>
<arg>options=${options}</arg>
<doc>Opens a new browser instance to the optional ``url``.</doc>
<status status="PASS" start="2026-03-12T16:51:27.050297" elapsed="0.909051"/>
</kw>
<if>
<branch type="IF" condition="'${HEADLESS}' != 'True'">
<kw name="Maximize Browser Window" owner="SeleniumLibrary">
<doc>Maximizes current browser window.</doc>
<status status="NOT RUN" start="2026-03-12T16:51:27.960173" elapsed="0.000074"/>
</kw>
<status status="NOT RUN" start="2026-03-12T16:51:27.959632" elapsed="0.000727"/>
</branch>
<status status="PASS" start="2026-03-12T16:51:27.959568" elapsed="0.000864"/>
</if>
<kw name="Set Selenium Timeout" owner="SeleniumLibrary">
<arg>10s</arg>
<doc>Sets the timeout that is used by various keywords.</doc>
<status status="PASS" start="2026-03-12T16:51:27.960617" elapsed="0.001189"/>
</kw>
<status status="PASS" start="2026-03-12T16:51:27.044477" elapsed="0.917409"/>
</kw>
<kw name="Fazer login com Sucesso" owner="Common">
<kw name="Dado que o usuário esteja na tela de Login" owner="KeywordsLogin">
<kw name="Wait Until Element Is Visible" owner="SeleniumLibrary">
<arg>${CAMPO_USUARIO}</arg>
<arg>10s</arg>
<doc>Waits until the element ``locator`` is visible.</doc>
<status status="PASS" start="2026-03-12T16:51:27.962577" elapsed="0.021984"/>
</kw>
<kw name="Element Should Be Visible" owner="SeleniumLibrary">
<msg time="2026-03-12T16:51:27.996422" level="INFO">Element 'css:input[name="username"]' is displayed.</msg>
<arg>${CAMPO_USUARIO}</arg>
<doc>Verifies that the element identified by ``locator`` is visible.</doc>
<status status="PASS" start="2026-03-12T16:51:27.984799" elapsed="0.011691"/>
</kw>
<kw name="Wait Until Element Is Visible" owner="SeleniumLibrary">
<arg>${CAMPO_SENHA}</arg>
<arg>10s</arg>
<doc>Waits until the element ``locator`` is visible.</doc>
<status status="PASS" start="2026-03-12T16:51:27.996646" elapsed="0.016807"/>
</kw>
<kw name="Element Should Be Visible" owner="SeleniumLibrary">
<msg time="2026-03-12T16:51:28.024625" level="INFO">Element 'css:input[name="password"]' is displayed.</msg>
<arg>${CAMPO_SENHA}</arg>
<doc>Verifies that the element identified by ``locator`` is visible.</doc>
<status status="PASS" start="2026-03-12T16:51:28.013609" elapsed="0.011074"/>
</kw>
<status status="PASS" start="2026-03-12T16:51:27.962363" elapsed="0.062393"/>
</kw>
<kw name="Quando ele preencher os campos de usuario e senha" owner="KeywordsLogin">
<kw name="Input Text" owner="SeleniumLibrary">
<msg time="2026-03-12T16:51:28.025444" level="INFO">Typing text 'test' into text field 'css:input[name="username"]'.</msg>
<arg>${CAMPO_USUARIO}</arg>
<arg>${usuario}</arg>
<doc>Types the given ``text`` into the text field identified by ``locator``.</doc>
<status status="PASS" start="2026-03-12T16:51:28.025270" elapsed="0.061654"/>
</kw>
<kw name="Input Text" owner="SeleniumLibrary">
<msg time="2026-03-12T16:51:28.087451" level="INFO">Typing text 'test' into text field 'css:input[name="password"]'.</msg>
<arg>${CAMPO_SENHA}</arg>
<arg>${senha}</arg>
<doc>Types the given ``text`` into the text field identified by ``locator``.</doc>
<status status="PASS" start="2026-03-12T16:51:28.087185" elapsed="0.064898"/>
</kw>
<kw name="Click Button" owner="SeleniumLibrary">
<msg time="2026-03-12T16:51:28.152756" level="INFO">Clicking button 'css:input[type='submit'][value="Log In"]'.</msg>
<arg>${BOTAO_LOGIN}</arg>
<doc>Clicks the button identified by ``locator``.</doc>
<status status="PASS" start="2026-03-12T16:51:28.152377" elapsed="0.062689"/>
</kw>
<arg>${USUARIO_VALIDO}</arg>
<arg>${SENHA_VALIDO}</arg>
<status status="PASS" start="2026-03-12T16:51:28.024930" elapsed="0.190312"/>
</kw>
<kw name="Então ele deve ser redirecionado para a página inicial" owner="KeywordsLogin">
<kw name="Wait Until Element Is Visible" owner="SeleniumLibrary">
<msg time="2026-03-12T16:51:38.361050" level="INFO" html="true">&lt;/td&gt;&lt;/tr&gt;&lt;tr&gt;&lt;td colspan="3"&gt;&lt;a href="selenium-screenshot-6.png"&gt;&lt;img src="selenium-screenshot-6.png" width="800px"&gt;&lt;/a&gt;</msg>
<msg time="2026-03-12T16:51:38.361204" level="FAIL">Element 'css:a[href="logout.htm"]' not visible after 10 seconds.</msg>
<arg>${BTN_LOGOUT}</arg>
<arg>10s</arg>
<doc>Waits until the element ``locator`` is visible.</doc>
<status status="FAIL" start="2026-03-12T16:51:28.215936" elapsed="10.145644">Element 'css:a[href="logout.htm"]' not visible after 10 seconds.</status>
</kw>
<kw name="Element Should Be Visible" owner="SeleniumLibrary">
<arg>${BTN_LOGOUT}</arg>
<doc>Verifies that the element identified by ``locator`` is visible.</doc>
<status status="NOT RUN" start="2026-03-12T16:51:38.361796" elapsed="0.000034"/>
</kw>
<kw name="Wait Until Element Is Visible" owner="SeleniumLibrary">
<arg>${TABELA_TRANSFERENCIA}</arg>
<arg>10s</arg>
<doc>Waits until the element ``locator`` is visible.</doc>
<status status="NOT RUN" start="2026-03-12T16:51:38.361935" elapsed="0.000053"/>
</kw>
<kw name="Element Should Be Visible" owner="SeleniumLibrary">
<arg>${TABELA_TRANSFERENCIA}</arg>
<doc>Verifies that the element identified by ``locator`` is visible.</doc>
<status status="NOT RUN" start="2026-03-12T16:51:38.362106" elapsed="0.000024"/>
</kw>
<status status="FAIL" start="2026-03-12T16:51:28.215603" elapsed="10.146630">Element 'css:a[href="logout.htm"]' not visible after 10 seconds.</status>
</kw>
<status status="FAIL" start="2026-03-12T16:51:27.962087" elapsed="10.400229">Element 'css:a[href="logout.htm"]' not visible after 10 seconds.</status>
</kw>
<status status="FAIL" start="2026-03-12T16:51:27.044150" elapsed="11.318281">Element 'css:a[href="logout.htm"]' not visible after 10 seconds.</status>
</kw>
<kw name="Teardown Padrao" owner="Common" type="TEARDOWN">
<kw name="Run Keyword If Test Failed" owner="BuiltIn">
<kw name="Capture Page Screenshot" owner="SeleniumLibrary">
<msg time="2026-03-12T16:51:38.429970" level="INFO" html="true">&lt;/td&gt;&lt;/tr&gt;&lt;tr&gt;&lt;td colspan="3"&gt;&lt;a href="FAIL_QBEF-45%20Update%20Zipcode%20Profile.png"&gt;&lt;img src="FAIL_QBEF-45%20Update%20Zipcode%20Profile.png" width="800px"&gt;&lt;/a&gt;</msg>
<arg>${OUTPUTDIR}/FAIL_${TEST NAME}.png</arg>
<doc>Takes a screenshot of the current page and embeds it into a log file.</doc>
<status status="PASS" start="2026-03-12T16:51:38.363527" elapsed="0.066552"/>
</kw>
<arg>Capture Page Screenshot</arg>
<arg>${OUTPUTDIR}/FAIL_${TEST NAME}.png</arg>
<doc>Runs the given keyword with the given arguments, if the test failed.</doc>
<status status="PASS" start="2026-03-12T16:51:38.363194" elapsed="0.066970"/>
</kw>
<kw name="Close Browser" owner="SeleniumLibrary">
<doc>Closes the current browser.</doc>
<status status="PASS" start="2026-03-12T16:51:38.430335" elapsed="0.061435"/>
</kw>
<status status="PASS" start="2026-03-12T16:51:38.362687" elapsed="0.129198"/>
</kw>
<tag>Positive</tag>
<tag>update-profile</tag>
<status status="FAIL" start="2026-03-12T16:51:27.043584" elapsed="11.448360">Setup failed:
Element 'css:a[href="logout.htm"]' not visible after 10 seconds.</status>
</test>
<test id="s1-s1-t7" name="QBEF-46 Update Phone Number Profile" line="77">
<kw name="Iniciar Sessao Autenticada" owner="Common" type="SETUP">
<kw name="Dado que eu acesse o site Parabank" owner="setup_teardown">
<kw name="Criar Opcoes Do Browser" owner="setup_teardown">
<kw name="Evaluate" owner="BuiltIn">
<msg time="2026-03-12T16:51:38.494206" level="INFO">${is_chrome} = True</msg>
<var>${is_chrome}</var>
<arg>'${BROWSER}'.lower() == 'chrome'</arg>
<doc>Evaluates the given expression in Python and returns the result.</doc>
<status status="PASS" start="2026-03-12T16:51:38.493753" elapsed="0.000482"/>
</kw>
<if>
<branch type="IF" condition="${is_chrome}">
<kw name="Evaluate" owner="BuiltIn">
<msg time="2026-03-12T16:51:38.494759" level="INFO">${options} = &lt;selenium.webdriver.chrome.options.Options object at 0x7f712b6f5150&gt;</msg>
<var>${options}</var>
<arg>sys.modules['selenium.webdriver'].ChromeOptions()</arg>
<arg>sys</arg>
<doc>Evaluates the given expression in Python and returns the result.</doc>
<status status="PASS" start="2026-03-12T16:51:38.494459" elapsed="0.000327"/>
</kw>
<kw name="Set Variable" owner="BuiltIn">
<msg time="2026-03-12T16:51:38.495210" level="INFO">${arg_window} = --window-size=1920,1080</msg>
<var>${arg_window}</var>
<arg>--window-size=1920,1080</arg>
<doc>Returns the given values which can then be assigned to a variables.</doc>
<status status="PASS" start="2026-03-12T16:51:38.494903" elapsed="0.000333"/>
</kw>
<kw name="Set Variable" owner="BuiltIn">
<msg time="2026-03-12T16:51:38.495552" level="INFO">${arg_dev_shm} = --disable-dev-shm-usage</msg>
<var>${arg_dev_shm}</var>
<arg>--disable-dev-shm-usage</arg>
<doc>Returns the given values which can then be assigned to a variables.</doc>
<status status="PASS" start="2026-03-12T16:51:38.495348" elapsed="0.000227"/>
</kw>
<kw name="Set Variable" owner="BuiltIn">
<msg time="2026-03-12T16:51:38.495877" level="INFO">${arg_sandbox} = --no-sandbox</msg>
<var>${arg_sandbox}</var>
<arg>--no-sandbox</arg>
<doc>Returns the given values which can then be assigned to a variables.</doc>
<status status="PASS" start="2026-03-12T16:51:38.495682" elapsed="0.000218"/>
</kw>
<kw name="Call Method" owner="BuiltIn">
<arg>${options}</arg>
<arg>add_argument</arg>
<arg>${arg_window}</arg>
<doc>Calls the named method of the given object with the provided arguments.</doc>
<status status="PASS" start="2026-03-12T16:51:38.496046" elapsed="0.000244"/>
</kw>
<kw name="Call Method" owner="BuiltIn">
<arg>${options}</arg>
<arg>add_argument</arg>
<arg>${arg_dev_shm}</arg>
<doc>Calls the named method of the given object with the provided arguments.</doc>
<status status="PASS" start="2026-03-12T16:51:38.496397" elapsed="0.000221"/>
</kw>
<kw name="Call Method" owner="BuiltIn">
<arg>${options}</arg>
<arg>add_argument</arg>
<arg>${arg_sandbox}</arg>
<doc>Calls the named method of the given object with the provided arguments.</doc>
<status status="PASS" start="2026-03-12T16:51:38.496721" elapsed="0.000225"/>
</kw>
<kw name="Evaluate" owner="BuiltIn">
<msg time="2026-03-12T16:51:38.497369" level="INFO">${headless} = True</msg>
<var>${headless}</var>
<arg>str('${HEADLESS}').lower() in ['true','1','yes']</arg>
<doc>Evaluates the given expression in Python and returns the result.</doc>
<status status="PASS" start="2026-03-12T16:51:38.497075" elapsed="0.000319"/>
</kw>
<if>
<branch type="IF" condition="${headless}">
<kw name="Set Variable" owner="BuiltIn">
<msg time="2026-03-12T16:51:38.497802" level="INFO">${arg_headless} = --headless=new</msg>
<var>${arg_headless}</var>
<arg>--headless=new</arg>
<doc>Returns the given values which can then be assigned to a variables.</doc>
<status status="PASS" start="2026-03-12T16:51:38.497590" elapsed="0.000235"/>
</kw>
<kw name="Call Method" owner="BuiltIn">
<arg>${options}</arg>
<arg>add_argument</arg>
<arg>${arg_headless}</arg>
<doc>Calls the named method of the given object with the provided arguments.</doc>
<status status="PASS" start="2026-03-12T16:51:38.497933" elapsed="0.000257"/>
</kw>
<status status="PASS" start="2026-03-12T16:51:38.497461" elapsed="0.000771"/>
</branch>
<status status="PASS" start="2026-03-12T16:51:38.497446" elapsed="0.000820"/>
</if>
<return>
<value>${options}</value>
<status status="PASS" start="2026-03-12T16:51:38.498299" elapsed="0.000042"/>
</return>
<status status="PASS" start="2026-03-12T16:51:38.494319" elapsed="0.004060"/>
</branch>
[...]
<doc>Waits until the element ``locator`` is visible.</doc>
<status status="NOT RUN" start="2026-03-12T16:52:55.225856" elapsed="0.000023"/>
</kw>
<kw name="Element Should Be Visible" owner="SeleniumLibrary">
<arg>${TABELA_TRANSFERENCIA}</arg>
<doc>Verifies that the element identified by ``locator`` is visible.</doc>
<status status="NOT RUN" start="2026-03-12T16:52:55.226009" elapsed="0.000025"/>
</kw>
<status status="FAIL" start="2026-03-12T16:52:45.037835" elapsed="10.188296">Element 'css:a[href="logout.htm"]' not visible after 10 seconds.</status>
</kw>
<status status="FAIL" start="2026-03-12T16:52:44.641098" elapsed="10.585110">Element 'css:a[href="logout.htm"]' not visible after 10 seconds.</status>
</kw>
<status status="FAIL" start="2026-03-12T16:52:43.671572" elapsed="11.554709">Element 'css:a[href="logout.htm"]' not visible after 10 seconds.</status>
</kw>
<kw name="Teardown Padrao" owner="Common" type="TEARDOWN">
<kw name="Run Keyword If Test Failed" owner="BuiltIn">
<kw name="Capture Page Screenshot" owner="SeleniumLibrary">
<msg time="2026-03-12T16:52:55.293627" level="INFO" html="true">&lt;/td&gt;&lt;/tr&gt;&lt;tr&gt;&lt;td colspan="3"&gt;&lt;a href="FAIL_QBEF-51%20Update%20Profile%20FAIL%20-%20Not%20State.png"&gt;&lt;img src="FAIL_QBEF-51%20Update%20Profile%20FAIL%20-%20Not%20State.png" width="800px"&gt;&lt;/a&gt;</msg>
<arg>${OUTPUTDIR}/FAIL_${TEST NAME}.png</arg>
<doc>Takes a screenshot of the current page and embeds it into a log file.</doc>
<status status="PASS" start="2026-03-12T16:52:55.227098" elapsed="0.066634"/>
</kw>
<arg>Capture Page Screenshot</arg>
<arg>${OUTPUTDIR}/FAIL_${TEST NAME}.png</arg>
<doc>Runs the given keyword with the given arguments, if the test failed.</doc>
<status status="PASS" start="2026-03-12T16:52:55.226769" elapsed="0.067054"/>
</kw>
<kw name="Close Browser" owner="SeleniumLibrary">
<doc>Closes the current browser.</doc>
<status status="PASS" start="2026-03-12T16:52:55.294011" elapsed="0.061379"/>
</kw>
<status status="PASS" start="2026-03-12T16:52:55.226519" elapsed="0.128986"/>
</kw>
<tag>Negative</tag>
<tag>update-profile</tag>
<status status="FAIL" start="2026-03-12T16:52:43.671193" elapsed="11.684368">Setup failed:
Element 'css:a[href="logout.htm"]' not visible after 10 seconds.</status>
</test>
<test id="s1-s1-t13" name="QBEF-52 Update Profile FAIL - Not ZipCode" line="145">
<kw name="Iniciar Sessao Autenticada" owner="Common" type="SETUP">
<kw name="Dado que eu acesse o site Parabank" owner="setup_teardown">
<kw name="Criar Opcoes Do Browser" owner="setup_teardown">
<kw name="Evaluate" owner="BuiltIn">
<msg time="2026-03-12T16:52:55.359165" level="INFO">${is_chrome} = True</msg>
<var>${is_chrome}</var>
<arg>'${BROWSER}'.lower() == 'chrome'</arg>
<doc>Evaluates the given expression in Python and returns the result.</doc>
<status status="PASS" start="2026-03-12T16:52:55.358705" elapsed="0.000492"/>
</kw>
<if>
<branch type="IF" condition="${is_chrome}">
<kw name="Evaluate" owner="BuiltIn">
<msg time="2026-03-12T16:52:55.359713" level="INFO">${options} = &lt;selenium.webdriver.chrome.options.Options object at 0x7f712b834e90&gt;</msg>
<var>${options}</var>
<arg>sys.modules['selenium.webdriver'].ChromeOptions()</arg>
<arg>sys</arg>
<doc>Evaluates the given expression in Python and returns the result.</doc>
<status status="PASS" start="2026-03-12T16:52:55.359420" elapsed="0.000320"/>
</kw>
<kw name="Set Variable" owner="BuiltIn">
<msg time="2026-03-12T16:52:55.360103" level="INFO">${arg_window} = --window-size=1920,1080</msg>
<var>${arg_window}</var>
<arg>--window-size=1920,1080</arg>
<doc>Returns the given values which can then be assigned to a variables.</doc>
<status status="PASS" start="2026-03-12T16:52:55.359854" elapsed="0.000275"/>
</kw>
<kw name="Set Variable" owner="BuiltIn">
<msg time="2026-03-12T16:52:55.360433" level="INFO">${arg_dev_shm} = --disable-dev-shm-usage</msg>
<var>${arg_dev_shm}</var>
<arg>--disable-dev-shm-usage</arg>
<doc>Returns the given values which can then be assigned to a variables.</doc>
<status status="PASS" start="2026-03-12T16:52:55.360237" elapsed="0.000219"/>
</kw>
<kw name="Set Variable" owner="BuiltIn">
<msg time="2026-03-12T16:52:55.360751" level="INFO">${arg_sandbox} = --no-sandbox</msg>
<var>${arg_sandbox}</var>
<arg>--no-sandbox</arg>
<doc>Returns the given values which can then be assigned to a variables.</doc>
<status status="PASS" start="2026-03-12T16:52:55.360560" elapsed="0.000213"/>
</kw>
<kw name="Call Method" owner="BuiltIn">
<arg>${options}</arg>
<arg>add_argument</arg>
<arg>${arg_window}</arg>
<doc>Calls the named method of the given object with the provided arguments.</doc>
<status status="PASS" start="2026-03-12T16:52:55.360883" elapsed="0.000286"/>
</kw>
<kw name="Call Method" owner="BuiltIn">
<arg>${options}</arg>
<arg>add_argument</arg>
<arg>${arg_dev_shm}</arg>
<doc>Calls the named method of the given object with the provided arguments.</doc>
<status status="PASS" start="2026-03-12T16:52:55.361278" elapsed="0.000220"/>
</kw>
<kw name="Call Method" owner="BuiltIn">
<arg>${options}</arg>
<arg>add_argument</arg>
<arg>${arg_sandbox}</arg>
<doc>Calls the named method of the given object with the provided arguments.</doc>
<status status="PASS" start="2026-03-12T16:52:55.361601" elapsed="0.000227"/>
</kw>
<kw name="Evaluate" owner="BuiltIn">
<msg time="2026-03-12T16:52:55.362257" level="INFO">${headless} = True</msg>
<var>${headless}</var>
<arg>str('${HEADLESS}').lower() in ['true','1','yes']</arg>
<doc>Evaluates the given expression in Python and returns the result.</doc>
<status status="PASS" start="2026-03-12T16:52:55.361934" elapsed="0.000348"/>
</kw>
<if>
<branch type="IF" condition="${headless}">
<kw name="Set Variable" owner="BuiltIn">
<msg time="2026-03-12T16:52:55.362677" level="INFO">${arg_headless} = --headless=new</msg>
<var>${arg_headless}</var>
<arg>--headless=new</arg>
<doc>Returns the given values which can then be assigned to a variables.</doc>
<status status="PASS" start="2026-03-12T16:52:55.362475" elapsed="0.000225"/>
</kw>
<kw name="Call Method" owner="BuiltIn">
<arg>${options}</arg>
<arg>add_argument</arg>
<arg>${arg_headless}</arg>
<doc>Calls the named method of the given object with the provided arguments.</doc>
<status status="PASS" start="2026-03-12T16:52:55.362800" elapsed="0.000238"/>
</kw>
<status status="PASS" start="2026-03-12T16:52:55.362349" elapsed="0.000731"/>
</branch>
<status status="PASS" start="2026-03-12T16:52:55.362333" elapsed="0.000782"/>
</if>
<return>
<value>${options}</value>
<status status="PASS" start="2026-03-12T16:52:55.363147" elapsed="0.000042"/>
</return>
<status status="PASS" start="2026-03-12T16:52:55.359280" elapsed="0.003944"/>
</branch>
<status status="PASS" start="2026-03-12T16:52:55.359258" elapsed="0.003995"/>
</if>
<return>
<value>${None}</value>
<status status="NOT RUN" start="2026-03-12T16:52:55.363281" elapsed="0.000018"/>
</return>
<msg time="2026-03-12T16:52:55.363399" level="INFO">${options} = &lt;selenium.webdriver.chrome.options.Options object at 0x7f712b834e90&gt;</msg>
<var>${options}</var>
<status status="PASS" start="2026-03-12T16:52:55.358487" elapsed="0.004936"/>
</kw>
<kw name="Open Browser" owner="SeleniumLibrary">
<msg time="2026-03-12T16:52:55.363757" level="INFO">Opening browser 'chrome' to base url 'http://parabank.parasoft.com/parabank/index.htm'.</msg>
<msg time="2026-03-12T16:52:55.413913" level="WARN">The chromedriver version (145.0.7632.117) detected in PATH at /usr/bin/chromedriver might not be compatible with the detected chrome version (146.0.7680.71); currently, chromedriver 146.0.7680.72 is recommended for chrome 146.*, so it is advised to delete the driver in PATH and retry</msg>
<arg>${BASE_URL_QAA}</arg>
<arg>${BROWSER}</arg>
<arg>options=${options}</arg>
<doc>Opens a new browser instance to the optional ``url``.</doc>
<status status="PASS" start="2026-03-12T16:52:55.363547" elapsed="1.000742"/>
</kw>
<if>
<branch type="IF" condition="'${HEADLESS}' != 'True'">
<kw name="Maximize Browser Window" owner="SeleniumLibrary">
<doc>Maximizes current browser window.</doc>
<status status="NOT RUN" start="2026-03-12T16:52:56.366152" elapsed="0.000057"/>
</kw>
<status status="NOT RUN" start="2026-03-12T16:52:56.364502" elapsed="0.001769"/>
</branch>
<status status="PASS" start="2026-03-12T16:52:56.364455" elapsed="0.001877"/>
</if>
<kw name="Set Selenium Timeout" owner="SeleniumLibrary">
<arg>10s</arg>
<doc>Sets the timeout that is used by various keywords.</doc>
<status status="PASS" start="2026-03-12T16:52:56.366528" elapsed="0.001316"/>
</kw>
<status status="PASS" start="2026-03-12T16:52:55.356911" elapsed="1.011028"/>
</kw>
<kw name="Fazer login com Sucesso" owner="Common">
<kw name="Dado que o usuário esteja na tela de Login" owner="KeywordsLogin">
<kw name="Wait Until Element Is Visible" owner="SeleniumLibrary">
<arg>${CAMPO_USUARIO}</arg>
<arg>10s</arg>
<doc>Waits until the element ``locator`` is visible.</doc>
<status status="PASS" start="2026-03-12T16:52:56.368886" elapsed="0.022228"/>
</kw>
<kw name="Element Should Be Visible" owner="SeleniumLibrary">
<msg time="2026-03-12T16:52:56.402470" level="INFO">Element 'css:input[name="username"]' is displayed.</msg>
<arg>${CAMPO_USUARIO}</arg>
<doc>Verifies that the element identified by ``locator`` is visible.</doc>
<status status="PASS" start="2026-03-12T16:52:56.391291" elapsed="0.011242"/>
</kw>
<kw name="Wait Until Element Is Visible" owner="SeleniumLibrary">
<arg>${CAMPO_SENHA}</arg>
<arg>10s</arg>
<doc>Waits until the element ``locator`` is visible.</doc>
<status status="PASS" start="2026-03-12T16:52:56.402678" elapsed="0.014419"/>
</kw>
<kw name="Element Should Be Visible" owner="SeleniumLibrary">
<msg time="2026-03-12T16:52:56.428062" level="INFO">Element 'css:input[name="password"]' is displayed.</msg>
<arg>${CAMPO_SENHA}</arg>
<doc>Verifies that the element identified by ``locator`` is visible.</doc>
<status status="PASS" start="2026-03-12T16:52:56.417238" elapsed="0.010881"/>
</kw>
<status status="PASS" start="2026-03-12T16:52:56.368582" elapsed="0.059608"/>
</kw>
<kw name="Quando ele preencher os campos de usuario e senha" owner="KeywordsLogin">
<kw name="Input Text" owner="SeleniumLibrary">
<msg time="2026-03-12T16:52:56.429068" level="INFO">Typing text 'test' into text field 'css:input[name="username"]'.</msg>
<arg>${CAMPO_USUARIO}</arg>
<arg>${usuario}</arg>
<doc>Types the given ``text`` into the text field identified by ``locator``.</doc>
<status status="PASS" start="2026-03-12T16:52:56.428653" elapsed="0.060130"/>
</kw>
<kw name="Input Text" owner="SeleniumLibrary">
<msg time="2026-03-12T16:52:56.489227" level="INFO">Typing text 'test' into text field 'css:input[name="password"]'.</msg>
<arg>${CAMPO_SENHA}</arg>
<arg>${senha}</arg>
<doc>Types the given ``text`` into the text field identified by ``locator``.</doc>
<status status="PASS" start="2026-03-12T16:52:56.489000" elapsed="0.068234"/>
</kw>
<kw name="Click Button" owner="SeleniumLibrary">
<msg time="2026-03-12T16:52:56.557691" level="INFO">Clicking button 'css:input[type='submit'][value="Log In"]'.</msg>
<arg>${BOTAO_LOGIN}</arg>
<doc>Clicks the button identified by ``locator``.</doc>
<status status="PASS" start="2026-03-12T16:52:56.557451" elapsed="0.066069"/>
</kw>
<arg>${USUARIO_VALIDO}</arg>
<arg>${SENHA_VALIDO}</arg>
<status status="PASS" start="2026-03-12T16:52:56.428354" elapsed="0.195298"/>
</kw>
<kw name="Então ele deve ser redirecionado para a página inicial" owner="KeywordsLogin">
<kw name="Wait Until Element Is Visible" owner="SeleniumLibrary">
<msg time="2026-03-12T16:53:06.723997" level="INFO" html="true">&lt;/td&gt;&lt;/tr&gt;&lt;tr&gt;&lt;td colspan="3"&gt;&lt;a href="selenium-screenshot-13.png"&gt;&lt;img src="selenium-screenshot-13.png" width="800px"&gt;&lt;/a&gt;</msg>
<msg time="2026-03-12T16:53:06.724151" level="FAIL">Element 'css:a[href="logout.htm"]' not visible after 10 seconds.</msg>
<arg>${BTN_LOGOUT}</arg>
<arg>10s</arg>
<doc>Waits until the element ``locator`` is visible.</doc>
<status status="FAIL" start="2026-03-12T16:52:56.624308" elapsed="10.100194">Element 'css:a[href="logout.htm"]' not visible after 10 seconds.</status>
</kw>
<kw name="Element Should Be Visible" owner="SeleniumLibrary">
<arg>${BTN_LOGOUT}</arg>
<doc>Verifies that the element identified by ``locator`` is visible.</doc>
<status status="NOT RUN" start="2026-03-12T16:53:06.724720" elapsed="0.000033"/>
</kw>
<kw name="Wait Until Element Is Visible" owner="SeleniumLibrary">
<arg>${TABELA_TRANSFERENCIA}</arg>
<arg>10s</arg>
<doc>Waits until the element ``locator`` is visible.</doc>
<status status="NOT RUN" start="2026-03-12T16:53:06.724857" elapsed="0.000023"/>
</kw>
<kw name="Element Should Be Visible" owner="SeleniumLibrary">
<arg>${TABELA_TRANSFERENCIA}</arg>
<doc>Verifies that the element identified by ``locator`` is visible.</doc>
<status status="NOT RUN" start="2026-03-12T16:53:06.725009" elapsed="0.000031"/>
</kw>
<status status="FAIL" start="2026-03-12T16:52:56.623927" elapsed="10.101214">Element 'css:a[href="logout.htm"]' not visible after 10 seconds.</status>
</kw>
<status status="FAIL" start="2026-03-12T16:52:56.368219" elapsed="10.356999">Element 'css:a[href="logout.htm"]' not visible after 10 seconds.</status>
</kw>
<status status="FAIL" start="2026-03-12T16:52:55.356461" elapsed="11.368827">Element 'css:a[href="logout.htm"]' not visible after 10 seconds.</status>
</kw>
<kw name="Teardown Padrao" owner="Common" type="TEARDOWN">
<kw name="Run Keyword If Test Failed" owner="BuiltIn">
<kw name="Capture Page Screenshot" owner="SeleniumLibrary">
<msg time="2026-03-12T16:53:06.792268" level="INFO" html="true">&lt;/td&gt;&lt;/tr&gt;&lt;tr&gt;&lt;td colspan="3"&gt;&lt;a href="FAIL_QBEF-52%20Update%20Profile%20FAIL%20-%20Not%20ZipCode.png"&gt;&lt;img src="FAIL_QBEF-52%20Update%20Profile%20FAIL%20-%20Not%20ZipCode.png" width="800px"&gt;&lt;/a&gt;</msg>
<arg>${OUTPUTDIR}/FAIL_${TEST NAME}.png</arg>
<doc>Takes a screenshot of the current page and embeds it into a log file.</doc>
<status status="PASS" start="2026-03-12T16:53:06.726116" elapsed="0.066257"/>
</kw>
<arg>Capture Page Screenshot</arg>
<arg>${OUTPUTDIR}/FAIL_${TEST NAME}.png</arg>
<doc>Runs the given keyword with the given arguments, if the test failed.</doc>
<status status="PASS" start="2026-03-12T16:53:06.725780" elapsed="0.066678"/>
</kw>
<kw name="Close Browser" owner="SeleniumLibrary">
<doc>Closes the current browser.</doc>
<status status="PASS" start="2026-03-12T16:53:06.792630" elapsed="0.061357"/>
</kw>
<status status="PASS" start="2026-03-12T16:53:06.725527" elapsed="0.128573"/>
</kw>
<tag>Negative</tag>
<tag>update-profile</tag>
<status status="FAIL" start="2026-03-12T16:52:55.355890" elapsed="11.498267">Setup failed:
Element 'css:a[href="logout.htm"]' not visible after 10 seconds.</status>
</test>
<status status="FAIL" start="2026-03-12T16:50:27.176150" elapsed="159.678612"/>
</suite>
<status status="FAIL" start="2026-03-12T16:50:27.148051" elapsed="159.707539"/>
</suite>
<statistics>
<total>
<stat pass="0" fail="13" skip="0">All Tests</stat>
</total>
<tag>
<stat pass="0" fail="6" skip="0">Negative</stat>
<stat pass="0" fail="7" skip="0">Positive</stat>
<stat pass="0" fail="13" skip="0">update-profile</stat>
</tag>
<suite>
<stat name="UpdateProfile" id="s1" pass="0" fail="13" skip="0">UpdateProfile</stat>
<stat name="TestCasesUpdateProfile" id="s1-s1" pass="0" fail="13" skip="0">UpdateProfile.TestCasesUpdateProfile</stat>
</suite>
</statistics>
<errors>
<msg time="2026-03-12T16:50:27.761629" level="WARN">The chromedriver version (145.0.7632.117) detected in PATH at /usr/bin/chromedriver might not be compatible with the detected chrome version (146.0.7680.71); currently, chromedriver 146.0.7680.72 is recommended for chrome 146.*, so it is advised to delete the driver in PATH and retry</msg>
<msg time="2026-03-12T16:50:40.448352" level="WARN">The chromedriver version (145.0.7632.117) detected in PATH at /usr/bin/chromedriver might not be compatible with the detected chrome version (146.0.7680.71); currently, chromedriver 146.0.7680.72 is recommended for chrome 146.*, so it is advised to delete the driver in PATH and retry</msg>
<msg time="2026-03-12T16:50:52.213938" level="WARN">The chromedriver version (145.0.7632.117) detected in PATH at /usr/bin/chromedriver might not be compatible with the detected chrome version (146.0.7680.71); currently, chromedriver 146.0.7680.72 is recommended for chrome 146.*, so it is advised to delete the driver in PATH and retry</msg>
<msg time="2026-03-12T16:51:03.866144" level="WARN">The chromedriver version (145.0.7632.117) detected in PATH at /usr/bin/chromedriver might not be compatible with the detected chrome version (146.0.7680.71); currently, chromedriver 146.0.7680.72 is recommended for chrome 146.*, so it is advised to delete the driver in PATH and retry</msg>
<msg time="2026-03-12T16:51:15.501485" level="WARN">The chromedriver version (145.0.7632.117) detected in PATH at /usr/bin/chromedriver might not be compatible with the detected chrome version (146.0.7680.71); currently, chromedriver 146.0.7680.72 is recommended for chrome 146.*, so it is advised to delete the driver in PATH and retry</msg>
<msg time="2026-03-12T16:51:27.101752" level="WARN">The chromedriver version (145.0.7632.117) detected in PATH at /usr/bin/chromedriver might not be compatible with the detected chrome version (146.0.7680.71); currently, chromedriver 146.0.7680.72 is recommended for chrome 146.*, so it is advised to delete the driver in PATH and retry</msg>
<msg time="2026-03-12T16:51:38.547753" level="WARN">The chromedriver version (145.0.7632.117) detected in PATH at /usr/bin/chromedriver might not be compatible with the detected chrome version (146.0.7680.71); currently, chromedriver 146.0.7680.72 is recommended for chrome 146.*, so it is advised to delete the driver in PATH and retry</msg>
<msg time="2026-03-12T16:51:50.301883" level="WARN">The chromedriver version (145.0.7632.117) detected in PATH at /usr/bin/chromedriver might not be compatible with the detected chrome version (146.0.7680.71); currently, chromedriver 146.0.7680.72 is recommended for chrome 146.*, so it is advised to delete the driver in PATH and retry</msg>
<msg time="2026-03-12T16:52:02.064137" level="WARN">The chromedriver version (145.0.7632.117) detected in PATH at /usr/bin/chromedriver might not be compatible with the detected chrome version (146.0.7680.71); currently, chromedriver 146.0.7680.72 is recommended for chrome 146.*, so it is advised to delete the driver in PATH and retry</msg>
<msg time="2026-03-12T16:52:20.426273" level="WARN">The chromedriver version (145.0.7632.117) detected in PATH at /usr/bin/chromedriver might not be compatible with the detected chrome version (146.0.7680.71); currently, chromedriver 146.0.7680.72 is recommended for chrome 146.*, so it is advised to delete the driver in PATH and retry</msg>
<msg time="2026-03-12T16:52:32.160453" level="WARN">The chromedriver version (145.0.7632.117) detected in PATH at /usr/bin/chromedriver might not be compatible with the detected chrome version (146.0.7680.71); currently, chromedriver 146.0.7680.72 is recommended for chrome 146.*, so it is advised to delete the driver in PATH and retry</msg>
<msg time="2026-03-12T16:52:43.729287" level="WARN">The chromedriver version (145.0.7632.117) detected in PATH at /usr/bin/chromedriver might not be compatible with the detected chrome version (146.0.7680.71); currently, chromedriver 146.0.7680.72 is recommended for chrome 146.*, so it is advised to delete the driver in PATH and retry</msg>
<msg time="2026-03-12T16:52:55.413913" level="WARN">The chromedriver version (145.0.7632.117) detected in PATH at /usr/bin/chromedriver might not be compatible with the detected chrome version (146.0.7680.71); currently, chromedriver 146.0.7680.72 is recommended for chrome 146.*, so it is advised to delete the driver in PATH and retry</msg>
</errors>
</robot>
