<?xml version="1.0" encoding="UTF-8"?>
<robot generator="Robot 7.4.1 (Python 3.11.15 on linux)" generated="2026-03-12T17:28:26.713591" rpa="false" schemaversion="5">
<suite id="s1" name="Transfer" source="/home/runner/work/Parabank-Robot/Parabank-Robot/Resources/Transfer">
<suite id="s1-s1" name="TestCasesTransfer" source="/home/runner/work/Parabank-Robot/Parabank-Robot/Resources/Transfer/TestCasesTransfer.robot">
<test id="s1-s1-t1" name="QBEF-21 Transfer Funds Sucess" line="8">
<kw name="Iniciar Sessao Autenticada" owner="Common" type="SETUP">
<kw name="Dado que eu acesse o site Parabank" owner="setup_teardown">
<kw name="Criar Opcoes Do Browser" owner="setup_teardown">
<kw name="Evaluate" owner="BuiltIn">
<msg time="2026-03-12T17:28:27.039884" level="INFO">${is_chrome} = True</msg>
<var>${is_chrome}</var>
<arg>'${BROWSER}'.lower() == 'chrome'</arg>
<doc>Evaluates the given expression in Python and returns the result.</doc>
<status status="PASS" start="2026-03-12T17:28:27.039424" elapsed="0.000496"/>
</kw>
<if>
<branch type="IF" condition="${is_chrome}">
<kw name="Evaluate" owner="BuiltIn">
<msg time="2026-03-12T17:28:27.040551" level="INFO">${options} = &lt;selenium.webdriver.chrome.options.Options object at 0x7f92534f8c10&gt;</msg>
<var>${options}</var>
<arg>sys.modules['selenium.webdriver'].ChromeOptions()</arg>
<arg>sys</arg>
<doc>Evaluates the given expression in Python and returns the result.</doc>
<status status="PASS" start="2026-03-12T17:28:27.040215" elapsed="0.000366"/>
</kw>
<kw name="Set Variable" owner="BuiltIn">
<msg time="2026-03-12T17:28:27.040989" level="INFO">${arg_window} = --window-size=1920,1080</msg>
<var>${arg_window}</var>
<arg>--window-size=1920,1080</arg>
<doc>Returns the given values which can then be assigned to a variables.</doc>
<status status="PASS" start="2026-03-12T17:28:27.040713" elapsed="0.000304"/>
</kw>
<kw name="Set Variable" owner="BuiltIn">
<msg time="2026-03-12T17:28:27.041348" level="INFO">${arg_dev_shm} = --disable-dev-shm-usage</msg>
<var>${arg_dev_shm}</var>
<arg>--disable-dev-shm-usage</arg>
<doc>Returns the given values which can then be assigned to a variables.</doc>
<status status="PASS" start="2026-03-12T17:28:27.041136" elapsed="0.000238"/>
</kw>
<kw name="Set Variable" owner="BuiltIn">
<msg time="2026-03-12T17:28:27.041716" level="INFO">${arg_sandbox} = --no-sandbox</msg>
<var>${arg_sandbox}</var>
<arg>--no-sandbox</arg>
<doc>Returns the given values which can then be assigned to a variables.</doc>
<status status="PASS" start="2026-03-12T17:28:27.041494" elapsed="0.000246"/>
</kw>
<kw name="Call Method" owner="BuiltIn">
<arg>${options}</arg>
<arg>add_argument</arg>
<arg>${arg_window}</arg>
<doc>Calls the named method of the given object with the provided arguments.</doc>
<status status="PASS" start="2026-03-12T17:28:27.041848" elapsed="0.000276"/>
</kw>
<kw name="Call Method" owner="BuiltIn">
<arg>${options}</arg>
<arg>add_argument</arg>
<arg>${arg_dev_shm}</arg>
<doc>Calls the named method of the given object with the provided arguments.</doc>
<status status="PASS" start="2026-03-12T17:28:27.042241" elapsed="0.000240"/>
</kw>
<kw name="Call Method" owner="BuiltIn">
<arg>${options}</arg>
<arg>add_argument</arg>
<arg>${arg_sandbox}</arg>
<doc>Calls the named method of the given object with the provided arguments.</doc>
<status status="PASS" start="2026-03-12T17:28:27.042594" elapsed="0.000246"/>
</kw>
<kw name="Evaluate" owner="BuiltIn">
<msg time="2026-03-12T17:28:27.043275" level="INFO">${headless} = True</msg>
<var>${headless}</var>
<arg>str('${HEADLESS}').lower() in ['true','1','yes']</arg>
<doc>Evaluates the given expression in Python and returns the result.</doc>
<status status="PASS" start="2026-03-12T17:28:27.042974" elapsed="0.000328"/>
</kw>
<if>
<branch type="IF" condition="${headless}">
<kw name="Set Variable" owner="BuiltIn">
<msg time="2026-03-12T17:28:27.043850" level="INFO">${arg_headless} = --headless=new</msg>
<var>${arg_headless}</var>
<arg>--headless=new</arg>
<doc>Returns the given values which can then be assigned to a variables.</doc>
<status status="PASS" start="2026-03-12T17:28:27.043503" elapsed="0.000372"/>
</kw>
<kw name="Call Method" owner="BuiltIn">
<arg>${options}</arg>
<arg>add_argument</arg>
<arg>${arg_headless}</arg>
<doc>Calls the named method of the given object with the provided arguments.</doc>
<status status="PASS" start="2026-03-12T17:28:27.043995" elapsed="0.000235"/>
</kw>
<status status="PASS" start="2026-03-12T17:28:27.043375" elapsed="0.000897"/>
</branch>
<status status="PASS" start="2026-03-12T17:28:27.043356" elapsed="0.000955"/>
</if>
<return>
<value>${options}</value>
<status status="PASS" start="2026-03-12T17:28:27.044347" elapsed="0.000045"/>
</return>
<status status="PASS" start="2026-03-12T17:28:27.040054" elapsed="0.004378"/>
</branch>
<status status="PASS" start="2026-03-12T17:28:27.040026" elapsed="0.004437"/>
</if>
<return>
<value>${None}</value>
<status status="NOT RUN" start="2026-03-12T17:28:27.044496" elapsed="0.000020"/>
</return>
<msg time="2026-03-12T17:28:27.044634" level="INFO">${options} = &lt;selenium.webdriver.chrome.options.Options object at 0x7f92534f8c10&gt;</msg>
<var>${options}</var>
<status status="PASS" start="2026-03-12T17:28:27.038717" elapsed="0.005944"/>
</kw>
<kw name="Open Browser" owner="SeleniumLibrary">
<msg time="2026-03-12T17:28:27.045032" level="INFO">Opening browser 'chrome' to base url 'http://parabank.parasoft.com/parabank/index.htm'.</msg>
<msg time="2026-03-12T17:28:28.258200" level="WARN">The chromedriver version (145.0.7632.117) detected in PATH at /usr/bin/chromedriver might not be compatible with the detected chrome version (146.0.7680.71); currently, chromedriver 146.0.7680.72 is recommended for chrome 146.*, so it is advised to delete the driver in PATH and retry</msg>
<arg>${BASE_URL_QAA}</arg>
<arg>${BROWSER}</arg>
<arg>options=${options}</arg>
<doc>Opens a new browser instance to the optional ``url``.</doc>
<status status="PASS" start="2026-03-12T17:28:27.044784" elapsed="4.630179"/>
</kw>
<if>
<branch type="IF" condition="'${HEADLESS}' != 'True'">
<kw name="Maximize Browser Window" owner="SeleniumLibrary">
<doc>Maximizes current browser window.</doc>
<status status="NOT RUN" start="2026-03-12T17:28:31.675897" elapsed="0.000083"/>
</kw>
<status status="NOT RUN" start="2026-03-12T17:28:31.675185" elapsed="0.000852"/>
</branch>
<status status="PASS" start="2026-03-12T17:28:31.675129" elapsed="0.000950"/>
</if>
<kw name="Set Selenium Timeout" owner="SeleniumLibrary">
<arg>10s</arg>
<doc>Sets the timeout that is used by various keywords.</doc>
<status status="PASS" start="2026-03-12T17:28:31.676223" elapsed="0.001040"/>
</kw>
<status status="PASS" start="2026-03-12T17:28:27.038386" elapsed="4.638965"/>
</kw>
<kw name="Fazer login com Sucesso" owner="Common">
<kw name="Dado que o usuário esteja na tela de Login" owner="KeywordsLogin">
<kw name="Wait Until Element Is Visible" owner="SeleniumLibrary">
<arg>${CAMPO_USUARIO}</arg>
<arg>10s</arg>
<doc>Waits until the element ``locator`` is visible.</doc>
<status status="PASS" start="2026-03-12T17:28:31.678126" elapsed="0.023795"/>
</kw>
<kw name="Element Should Be Visible" owner="SeleniumLibrary">
<msg time="2026-03-12T17:28:31.712756" level="INFO">Element 'css:input[name="username"]' is displayed.</msg>
<arg>${CAMPO_USUARIO}</arg>
<doc>Verifies that the element identified by ``locator`` is visible.</doc>
<status status="PASS" start="2026-03-12T17:28:31.702176" elapsed="0.010649"/>
</kw>
<kw name="Wait Until Element Is Visible" owner="SeleniumLibrary">
<arg>${CAMPO_SENHA}</arg>
<arg>10s</arg>
<doc>Waits until the element ``locator`` is visible.</doc>
<status status="PASS" start="2026-03-12T17:28:31.713009" elapsed="0.014131"/>
</kw>
<kw name="Element Should Be Visible" owner="SeleniumLibrary">
<msg time="2026-03-12T17:28:31.738166" level="INFO">Element 'css:input[name="password"]' is displayed.</msg>
<arg>${CAMPO_SENHA}</arg>
<doc>Verifies that the element identified by ``locator`` is visible.</doc>
<status status="PASS" start="2026-03-12T17:28:31.727299" elapsed="0.010929"/>
</kw>
<status status="PASS" start="2026-03-12T17:28:31.677860" elapsed="0.060450"/>
</kw>
<kw name="Quando ele preencher os campos de usuario e senha" owner="KeywordsLogin">
<kw name="Input Text" owner="SeleniumLibrary">
<msg time="2026-03-12T17:28:31.739258" level="INFO">Typing text 'john' into text field 'css:input[name="username"]'.</msg>
<arg>${CAMPO_USUARIO}</arg>
<arg>${usuario}</arg>
<doc>Types the given ``text`` into the text field identified by ``locator``.</doc>
<status status="PASS" start="2026-03-12T17:28:31.738958" elapsed="0.060597"/>
</kw>
<kw name="Input Text" owner="SeleniumLibrary">
<msg time="2026-03-12T17:28:31.800257" level="INFO">Typing text 'demo' into text field 'css:input[name="password"]'.</msg>
<arg>${CAMPO_SENHA}</arg>
<arg>${senha}</arg>
<doc>Types the given ``text`` into the text field identified by ``locator``.</doc>
<status status="PASS" start="2026-03-12T17:28:31.799862" elapsed="0.067109"/>
</kw>
<kw name="Click Button" owner="SeleniumLibrary">
<msg time="2026-03-12T17:28:31.867590" level="INFO">Clicking button 'css:input[type='submit'][value="Log In"]'.</msg>
<arg>${BOTAO_LOGIN}</arg>
<doc>Clicks the button identified by ``locator``.</doc>
<status status="PASS" start="2026-03-12T17:28:31.867262" elapsed="0.459974"/>
</kw>
<arg>${USUARIO_VALIDO}</arg>
<arg>${SENHA_VALIDO}</arg>
<status status="PASS" start="2026-03-12T17:28:31.738554" elapsed="0.588844"/>
</kw>
<kw name="Então ele deve ser redirecionado para a página inicial" owner="KeywordsLogin">
<kw name="Wait Until Element Is Visible" owner="SeleniumLibrary">
<arg>${BTN_LOGOUT}</arg>
<arg>10s</arg>
<doc>Waits until the element ``locator`` is visible.</doc>
<status status="PASS" start="2026-03-12T17:28:32.328164" elapsed="0.028243"/>
</kw>
<kw name="Element Should Be Visible" owner="SeleniumLibrary">
<msg time="2026-03-12T17:28:32.370805" level="INFO">Element 'css:a[href="logout.htm"]' is displayed.</msg>
<arg>${BTN_LOGOUT}</arg>
<doc>Verifies that the element identified by ``locator`` is visible.</doc>
<status status="PASS" start="2026-03-12T17:28:32.356839" elapsed="0.014057"/>
</kw>
<kw name="Wait Until Element Is Visible" owner="SeleniumLibrary">
<arg>${TABELA_TRANSFERENCIA}</arg>
<arg>10s</arg>
<doc>Waits until the element ``locator`` is visible.</doc>
<status status="PASS" start="2026-03-12T17:28:32.371110" elapsed="0.014079"/>
</kw>
<kw name="Element Should Be Visible" owner="SeleniumLibrary">
<msg time="2026-03-12T17:28:32.395425" level="INFO">Element 'css:table[id="accountTable"]' is displayed.</msg>
<arg>${TABELA_TRANSFERENCIA}</arg>
<doc>Verifies that the element identified by ``locator`` is visible.</doc>
<status status="PASS" start="2026-03-12T17:28:32.385367" elapsed="0.010125"/>
</kw>
<status status="PASS" start="2026-03-12T17:28:32.327705" elapsed="0.067872"/>
</kw>
<status status="PASS" start="2026-03-12T17:28:31.677545" elapsed="0.718088"/>
</kw>
<status status="PASS" start="2026-03-12T17:28:27.038054" elapsed="5.357630"/>
</kw>
<kw name="Dado que o usuário esteja na página de transferência" owner="KeywordsTransfer">
<kw name="Wait Until Element Is Visible" owner="SeleniumLibrary">
<arg>${TRANSFER_FUNDS}</arg>
<arg>10s</arg>
<doc>Waits until the element ``locator`` is visible.</doc>
<status status="PASS" start="2026-03-12T17:28:32.396237" elapsed="0.013604"/>
</kw>
<kw name="Click Element" owner="SeleniumLibrary">
<msg time="2026-03-12T17:28:32.410215" level="INFO">Clicking element 'css:a[href="transfer.htm"]'.</msg>
<arg>${TRANSFER_FUNDS}</arg>
<doc>Click the element identified by ``locator``.</doc>
<status status="PASS" start="2026-03-12T17:28:32.410021" elapsed="0.183933"/>
</kw>
<kw name="Wait Until Element Is Visible" owner="SeleniumLibrary">
<arg>${AMOUNT_FIELD}</arg>
<arg>10s</arg>
<doc>Waits until the element ``locator`` is visible.</doc>
<status status="PASS" start="2026-03-12T17:28:32.594272" elapsed="0.025501"/>
</kw>
<status status="PASS" start="2026-03-12T17:28:32.395913" elapsed="0.224087"/>
</kw>
<kw name="Capturar Print Na Pasta Da Funcionalidade" owner="Common">
<kw name="Set Variable" owner="BuiltIn">
<msg time="2026-03-12T17:28:32.621649" level="INFO">${dir} = /home/runner/work/Parabank-Robot/Parabank-Robot/Results/Resources-Transfer/Evidences/Transfer</msg>
<var>${dir}</var>
<arg>${OUTPUT DIR}${/}Evidences${/}${feature}</arg>
<doc>Returns the given values which can then be assigned to a variables.</doc>
<status status="PASS" start="2026-03-12T17:28:32.621093" elapsed="0.000602"/>
</kw>
<kw name="Create Directory" owner="OperatingSystem">
<msg time="2026-03-12T17:28:32.622315" level="INFO" html="true">Created directory '&lt;a href="file:///home/runner/work/Parabank-Robot/Parabank-Robot/Results/Resources-Transfer/Evidences/Transfer"&gt;/home/runner/work/Parabank-Robot/Parabank-Robot/Results/Resources-Transfer/Evidences/Transfer&lt;/a&gt;'.</msg>
<arg>${dir}</arg>
<doc>Creates the specified directory.</doc>
<status status="PASS" start="2026-03-12T17:28:32.621886" elapsed="0.000527"/>
</kw>
<kw name="Set Variable" owner="BuiltIn">
<msg time="2026-03-12T17:28:32.624252" level="INFO">${file} = /home/runner/work/Parabank-Robot/Parabank-Robot/Results/Resources-Transfer/Evidences/Transfer/QBEF-21 Transfer Funds Sucess step-01.png</msg>
<var>${file}</var>
<arg>${dir}${/}${nome_arquivo}.png</arg>
<doc>Returns the given values which can then be assigned to a variables.</doc>
<status status="PASS" start="2026-03-12T17:28:32.623416" elapsed="0.000876"/>
</kw>
<kw name="Capture Page Screenshot" owner="SeleniumLibrary">
<msg time="2026-03-12T17:28:32.734403" level="INFO" html="true">&lt;/td&gt;&lt;/tr&gt;&lt;tr&gt;&lt;td colspan="3"&gt;&lt;a href="Evidences/Transfer/QBEF-21%20Transfer%20Funds%20Sucess%20step-01.png"&gt;&lt;img src="Evidences/Transfer/QBEF-21%20Transfer%20Funds%20Sucess%20step-01.png" width="800px"&gt;&lt;/a&gt;</msg>
<arg>${file}</arg>
<doc>Takes a screenshot of the current page and embeds it into a log file.</doc>
<status status="PASS" start="2026-03-12T17:28:32.624496" elapsed="0.110013"/>
</kw>
<arg>${TEST NAME} step-01</arg>
<arg>Transfer</arg>
<status status="PASS" start="2026-03-12T17:28:32.620471" elapsed="0.114137"/>
</kw>
<kw name="Quando ele preenche os campos de transferência" owner="KeywordsTransfer">
<kw name="Wait Until Element Is Visible" owner="SeleniumLibrary">
<arg>${FROM_ACCOUNT}</arg>
<arg>10s</arg>
<doc>Waits until the element ``locator`` is visible.</doc>
<status status="PASS" start="2026-03-12T17:28:32.735241" elapsed="0.014549"/>
</kw>
<kw name="Wait Until Element Is Visible" owner="SeleniumLibrary">
<arg>${TO_ACCOUNT}</arg>
<arg>10s</arg>
<doc>Waits until the element ``locator`` is visible.</doc>
<status status="PASS" start="2026-03-12T17:28:32.750060" elapsed="0.013613"/>
</kw>
<kw name="Wait Until Element Is Visible" owner="SeleniumLibrary">
<arg>${AMOUNT_FIELD}</arg>
<arg>10s</arg>
<doc>Waits until the element ``locator`` is visible.</doc>
<status status="PASS" start="2026-03-12T17:28:32.763877" elapsed="0.011037"/>
</kw>
<kw name="Convert To String" owner="BuiltIn">
<msg time="2026-03-12T17:28:32.775504" level="INFO">${conta_origem} = 13344</msg>
<var>${conta_origem}</var>
<arg>${conta_origem}</arg>
<doc>Converts the given item to a Unicode string.</doc>
<status status="PASS" start="2026-03-12T17:28:32.775141" elapsed="0.000390"/>
</kw>
<kw name="Convert To String" owner="BuiltIn">
<msg time="2026-03-12T17:28:32.775897" level="INFO">${conta_destino} = 13344</msg>
<var>${conta_destino}</var>
<arg>${conta_destino}</arg>
<doc>Converts the given item to a Unicode string.</doc>
<status status="PASS" start="2026-03-12T17:28:32.775647" elapsed="0.000275"/>
</kw>
<kw name="Wait Until Keyword Succeeds" owner="BuiltIn">
<kw name="Select From List By Value" owner="SeleniumLibrary">
<msg time="2026-03-12T17:28:32.776813" level="INFO">Selecting options from selection list 'css:select[id="fromAccountId"]' by value 13344.</msg>
<arg>${FROM_ACCOUNT}</arg>
<arg>${conta_origem}</arg>
<doc>Selects options from selection list ``locator`` by ``values``.</doc>
<status status="PASS" start="2026-03-12T17:28:32.776624" elapsed="0.060713"/>
</kw>
<arg>5x</arg>
<arg>1s</arg>
<arg>Select From List By Value</arg>
<arg>${FROM_ACCOUNT}</arg>
<arg>${conta_origem}</arg>
<doc>Runs the specified keyword and retries if it fails.</doc>
<status status="PASS" start="2026-03-12T17:28:32.776061" elapsed="0.061434"/>
</kw>
<kw name="Wait Until Keyword Succeeds" owner="BuiltIn">
<kw name="Select From List By Value" owner="SeleniumLibrary">
<msg time="2026-03-12T17:28:32.838504" level="INFO">Selecting options from selection list 'css:select[id="toAccountId"]' by value 13344.</msg>
<arg>${TO_ACCOUNT}</arg>
<arg>${conta_destino}</arg>
<doc>Selects options from selection list ``locator`` by ``values``.</doc>
<status status="PASS" start="2026-03-12T17:28:32.838270" elapsed="0.046703"/>
</kw>
<arg>5x</arg>
<arg>1s</arg>
<arg>Select From List By Value</arg>
<arg>${TO_ACCOUNT}</arg>
<arg>${conta_destino}</arg>
<doc>Runs the specified keyword and retries if it fails.</doc>
<status status="PASS" start="2026-03-12T17:28:32.837748" elapsed="0.047333"/>
</kw>
<kw name="Input Text" owner="SeleniumLibrary">
<msg time="2026-03-12T17:28:32.885531" level="INFO">Typing text '900' into text field 'css:input[id="amount"]'.</msg>
<arg>${AMOUNT_FIELD}</arg>
<arg>${quantidade}</arg>
<doc>Types the given ``text`` into the text field identified by ``locator``.</doc>
<status status="PASS" start="2026-03-12T17:28:32.885265" elapsed="0.058385"/>
</kw>
<arg>${CONTA_ORIGEM}</arg>
<arg>${CONTA_DESTINO}</arg>
<arg>${VALOR_TRANSFERENCIA}</arg>
<status status="PASS" start="2026-03-12T17:28:32.734845" elapsed="0.208928"/>
</kw>
<kw name="Capturar Print Na Pasta Da Funcionalidade" owner="Common">
<kw name="Set Variable" owner="BuiltIn">
<msg time="2026-03-12T17:28:32.944769" level="INFO">${dir} = /home/runner/work/Parabank-Robot/Parabank-Robot/Results/Resources-Transfer/Evidences/Transfer</msg>
<var>${dir}</var>
<arg>${OUTPUT DIR}${/}Evidences${/}${feature}</arg>
<doc>Returns the given values which can then be assigned to a variables.</doc>
<status status="PASS" start="2026-03-12T17:28:32.944414" elapsed="0.000383"/>
</kw>
<kw name="Create Directory" owner="OperatingSystem">
<msg time="2026-03-12T17:28:32.945074" level="INFO" html="true">Directory '&lt;a href="file:///home/runner/work/Parabank-Robot/Parabank-Robot/Results/Resources-Transfer/Evidences/Transfer"&gt;/home/runner/work/Parabank-Robot/Parabank-Robot/Results/Resources-Transfer/Evidences/Transfer&lt;/a&gt;' already exists.</msg>
<arg>${dir}</arg>
<doc>Creates the specified directory.</doc>
<status status="PASS" start="2026-03-12T17:28:32.944907" elapsed="0.000215"/>
</kw>
<kw name="Set Variable" owner="BuiltIn">
<msg time="2026-03-12T17:28:32.945506" level="INFO">${file} = /home/runner/work/Parabank-Robot/Parabank-Robot/Results/Resources-Transfer/Evidences/Transfer/QBEF-21 Transfer Funds Sucess step-02.png</msg>
<var>${file}</var>
<arg>${dir}${/}${nome_arquivo}.png</arg>
<doc>Returns the given values which can then be assigned to a variables.</doc>
<status status="PASS" start="2026-03-12T17:28:32.945225" elapsed="0.000308"/>
</kw>
<kw name="Capture Page Screenshot" owner="SeleniumLibrary">
<msg time="2026-03-12T17:28:33.028788" level="INFO" html="true">&lt;/td&gt;&lt;/tr&gt;&lt;tr&gt;&lt;td colspan="3"&gt;&lt;a href="Evidences/Transfer/QBEF-21%20Transfer%20Funds%20Sucess%20step-02.png"&gt;&lt;img src="Evidences/Transfer/QBEF-21%20Transfer%20Funds%20Sucess%20step-02.png" width="800px"&gt;&lt;/a&gt;</msg>
<arg>${file}</arg>
<doc>Takes a screenshot of the current page and embeds it into a log file.</doc>
<status status="PASS" start="2026-03-12T17:28:32.945648" elapsed="0.083254"/>
</kw>
<arg>${TEST NAME} step-02</arg>
<arg>Transfer</arg>
<status status="PASS" start="2026-03-12T17:28:32.944041" elapsed="0.085006"/>
</kw>
<kw name="E envia a transferência" owner="KeywordsTransfer">
<kw name="Click Button" owner="SeleniumLibrary">
<msg time="2026-03-12T17:28:33.029716" level="INFO">Clicking button 'css:input[type="submit"][value="Transfer"]'.</msg>
<arg>${BTN_TRANSFER}</arg>
<doc>Clicks the button identified by ``locator``.</doc>
<status status="PASS" start="2026-03-12T17:28:33.029524" elapsed="0.062506"/>
</kw>
<status status="PASS" start="2026-03-12T17:28:33.029253" elapsed="0.062936"/>
</kw>
<kw name="Capturar Print Na Pasta Da Funcionalidade" owner="Common">
<kw name="Set Variable" owner="BuiltIn">
<msg time="2026-03-12T17:28:33.093342" level="INFO">${dir} = /home/runner/work/Parabank-Robot/Parabank-Robot/Results/Resources-Transfer/Evidences/Transfer</msg>
<var>${dir}</var>
<arg>${OUTPUT DIR}${/}Evidences${/}${feature}</arg>
<doc>Returns the given values which can then be assigned to a variables.</doc>
<status status="PASS" start="2026-03-12T17:28:33.092972" elapsed="0.000398"/>
</kw>
<kw name="Create Directory" owner="OperatingSystem">
<msg time="2026-03-12T17:28:33.093627" level="INFO" html="true">Directory '&lt;a href="file:///home/runner/work/Parabank-Robot/Parabank-Robot/Results/Resources-Transfer/Evidences/Transfer"&gt;/home/runner/work/Parabank-Robot/Parabank-Robot/Results/Resources-Transfer/Evidences/Transfer&lt;/a&gt;' already exists.</msg>
<arg>${dir}</arg>
<doc>Creates the specified directory.</doc>
<status status="PASS" start="2026-03-12T17:28:33.093481" elapsed="0.000195"/>
</kw>
<kw name="Set Variable" owner="BuiltIn">
<msg time="2026-03-12T17:28:33.094088" level="INFO">${file} = /home/runner/work/Parabank-Robot/Parabank-Robot/Results/Resources-Transfer/Evidences/Transfer/QBEF-21 Transfer Funds Sucess step-03.png</msg>
<var>${file}</var>
<arg>${dir}${/}${nome_arquivo}.png</arg>
<doc>Returns the given values which can then be assigned to a variables.</doc>
<status status="PASS" start="2026-03-12T17:28:33.093779" elapsed="0.000336"/>
</kw>
<kw name="Capture Page Screenshot" owner="SeleniumLibrary">
<msg time="2026-03-12T17:28:33.178625" level="INFO" html="true">&lt;/td&gt;&lt;/tr&gt;&lt;tr&gt;&lt;td colspan="3"&gt;&lt;a href="Evidences/Transfer/QBEF-21%20Transfer%20Funds%20Sucess%20step-03.png"&gt;&lt;img src="Evidences/Transfer/QBEF-21%20Transfer%20Funds%20Sucess%20step-03.png" width="800px"&gt;&lt;/a&gt;</msg>
<arg>${file}</arg>
<doc>Takes a screenshot of the current page and embeds it into a log file.</doc>
<status status="PASS" start="2026-03-12T17:28:33.094237" elapsed="0.084494"/>
</kw>
<arg>${TEST NAME} step-03</arg>
<arg>Transfer</arg>
<status status="PASS" start="2026-03-12T17:28:33.092472" elapsed="0.086359"/>
</kw>
<kw name="Então a transferência deve ser realizada corretamente" owner="KeywordsTransfer">
<kw name="Wait Until Element Is Visible" owner="SeleniumLibrary">
<arg>${MENSAGEM_SUCESSO}</arg>
<arg>10s</arg>
<doc>Waits until the element ``locator`` is visible.</doc>
<status status="PASS" start="2026-03-12T17:28:33.179329" elapsed="0.016938"/>
</kw>
<kw name="Element Should Be Visible" owner="SeleniumLibrary">
<msg time="2026-03-12T17:28:33.208036" level="INFO">Element 'css:div[id="showResult"]' is displayed.</msg>
<arg>${MENSAGEM_SUCESSO}</arg>
<doc>Verifies that the element identified by ``locator`` is visible.</doc>
<status status="PASS" start="2026-03-12T17:28:33.196440" elapsed="0.011660"/>
</kw>
<status status="PASS" start="2026-03-12T17:28:33.179071" elapsed="0.029104"/>
</kw>
<kw name="Capturar Print Na Pasta Da Funcionalidade" owner="Common">
<kw name="Set Variable" owner="BuiltIn">
<msg time="2026-03-12T17:28:33.209043" level="INFO">${dir} = /home/runner/work/Parabank-Robot/Parabank-Robot/Results/Resources-Transfer/Evidences/Transfer</msg>
<var>${dir}</var>
<arg>${OUTPUT DIR}${/}Evidences${/}${feature}</arg>
<doc>Returns the given values which can then be assigned to a variables.</doc>
<status status="PASS" start="2026-03-12T17:28:33.208687" elapsed="0.000383"/>
</kw>
<kw name="Create Directory" owner="OperatingSystem">
<msg time="2026-03-12T17:28:33.209313" level="INFO" html="true">Directory '&lt;a href="file:///home/runner/work/Parabank-Robot/Parabank-Robot/Results/Resources-Transfer/Evidences/Transfer"&gt;/home/runner/work/Parabank-Robot/Parabank-Robot/Results/Resources-Transfer/Evidences/Transfer&lt;/a&gt;' already exists.</msg>
<arg>${dir}</arg>
<doc>Creates the specified directory.</doc>
<status status="PASS" start="2026-03-12T17:28:33.209177" elapsed="0.000181"/>
</kw>
<kw name="Set Variable" owner="BuiltIn">
<msg time="2026-03-12T17:28:33.209720" level="INFO">${file} = /home/runner/work/Parabank-Robot/Parabank-Robot/Results/Resources-Transfer/Evidences/Transfer/QBEF-21 Transfer Funds Sucess step-04.png</msg>
<var>${file}</var>
<arg>${dir}${/}${nome_arquivo}.png</arg>
<doc>Returns the given values which can then be assigned to a variables.</doc>
<status status="PASS" start="2026-03-12T17:28:33.209457" elapsed="0.000327"/>
</kw>
<kw name="Capture Page Screenshot" owner="SeleniumLibrary">
<msg time="2026-03-12T17:28:33.295410" level="INFO" html="true">&lt;/td&gt;&lt;/tr&gt;&lt;tr&gt;&lt;td colspan="3"&gt;&lt;a href="Evidences/Transfer/QBEF-21%20Transfer%20Funds%20Sucess%20step-04.png"&gt;&lt;img src="Evidences/Transfer/QBEF-21%20Transfer%20Funds%20Sucess%20step-04.png" width="800px"&gt;&lt;/a&gt;</msg>
<arg>${file}</arg>
<doc>Takes a screenshot of the current page and embeds it into a log file.</doc>
<status status="PASS" start="2026-03-12T17:28:33.209900" elapsed="0.085616"/>
</kw>
<arg>${TEST NAME} step-04</arg>
<arg>Transfer</arg>
<status status="PASS" start="2026-03-12T17:28:33.208361" elapsed="0.087253"/>
</kw>
<kw name="Accounts Overview" owner="KeywordsTransfer">
<kw name="Click Element" owner="SeleniumLibrary">
<msg time="2026-03-12T17:28:33.296430" level="INFO">Clicking element 'css:a[href="overview.htm"]'.</msg>
<arg>${BTN_OVERVIEW}</arg>
<doc>Click the element identified by ``locator``.</doc>
<status status="PASS" start="2026-03-12T17:28:33.296236" elapsed="0.168011"/>
</kw>
<kw name="Wait Until Element Is Visible" owner="SeleniumLibrary">
<arg>${PAINEL_DIREITA}</arg>
<arg>10s</arg>
<doc>Waits until the element ``locator`` is visible.</doc>
<status status="PASS" start="2026-03-12T17:28:33.464556" elapsed="0.021699"/>
</kw>
<kw name="Wait Until Element Is Visible" owner="SeleniumLibrary">
<arg>${TABELA_TRANSFERENCIA}</arg>
<arg>10s</arg>
<doc>Waits until the element ``locator`` is visible.</doc>
<status status="PASS" start="2026-03-12T17:28:33.486552" elapsed="0.015425"/>
</kw>
<kw name="Wait Until Element Is Visible" owner="SeleniumLibrary">
<arg>${TABLE_ACCOUNT}</arg>
<arg>10s</arg>
<doc>Waits until the element ``locator`` is visible.</doc>
<status status="PASS" start="2026-03-12T17:28:33.502187" elapsed="0.014603"/>
</kw>
<kw name="Wait Until Element Is Visible" owner="SeleniumLibrary">
<arg>${TABLE_BALANCE}</arg>
<arg>10s</arg>
<doc>Waits until the element ``locator`` is visible.</doc>
<status status="PASS" start="2026-03-12T17:28:33.517030" elapsed="0.013302"/>
</kw>
<kw name="Wait Until Keyword Succeeds" owner="BuiltIn">
<kw name="Element Should Contain" owner="SeleniumLibrary">
<msg time="2026-03-12T17:28:33.672915" level="INFO" html="true">&lt;/td&gt;&lt;/tr&gt;&lt;tr&gt;&lt;td colspan="3"&gt;&lt;a href="selenium-screenshot-1.png"&gt;&lt;img src="selenium-screenshot-1.png" width="800px"&gt;&lt;/a&gt;</msg>
<msg time="2026-03-12T17:28:33.673138" level="FAIL">Element 'css:table[id="accountTable"]' should have contained text '13344' but its text was 'Account Balance* Available Amount
*Balance includes deposits that may be subject to holds'.</msg>
<arg>${TABELA_TRANSFERENCIA}</arg>
<arg>${conta_origem}</arg>
<doc>Verifies that element ``locator`` contains text ``expected``.</doc>
<status status="FAIL" start="2026-03-12T17:28:33.530985" elapsed="0.143303">Element 'css:table[id="accountTable"]' should have contained text '13344' but its text was 'Account Balance* Available Amount
*Balance includes deposits that may be subject to holds'.</status>
</kw>
<kw name="Element Should Contain" owner="SeleniumLibrary">
<msg time="2026-03-12T17:28:35.708873" level="INFO">Element 'css:table[id="accountTable"]' contains text '13344'.</msg>
<arg>${TABELA_TRANSFERENCIA}</arg>
<arg>${conta_origem}</arg>
<doc>Verifies that element ``locator`` contains text ``expected``.</doc>
<status status="PASS" start="2026-03-12T17:28:35.674698" elapsed="0.034359"/>
</kw>
<arg>5x</arg>
<arg>2s</arg>
<arg>Element Should Contain</arg>
<arg>${TABELA_TRANSFERENCIA}</arg>
<arg>${conta_origem}</arg>
<doc>Runs the specified keyword and retries if it fails.</doc>
<status status="PASS" start="2026-03-12T17:28:33.530519" elapsed="2.178667"/>
</kw>
<arg>${CONTA_ORIGEM}</arg>
<arg>${CONTA_DESTINO}</arg>
<arg>${VALOR_TRANSFERENCIA}</arg>
<status status="PASS" start="2026-03-12T17:28:33.295836" elapsed="2.413466"/>
</kw>
<kw name="Capturar Print Na Pasta Da Funcionalidade" owner="Common">
<kw name="Set Variable" owner="BuiltIn">
<msg time="2026-03-12T17:28:35.710675" level="INFO">${dir} = /home/runner/work/Parabank-Robot/Parabank-Robot/Results/Resources-Transfer/Evidences/Transfer</msg>
<var>${dir}</var>
<arg>${OUTPUT DIR}${/}Evidences${/}${feature}</arg>
<doc>Returns the given values which can then be assigned to a variables.</doc>
<status status="PASS" start="2026-03-12T17:28:35.710196" elapsed="0.000517"/>
</kw>
<kw name="Create Directory" owner="OperatingSystem">
<msg time="2026-03-12T17:28:35.711074" level="INFO" html="true">Directory '&lt;a href="file:///home/runner/work/Parabank-Robot/Parabank-Robot/Results/Resources-Transfer/Evidences/Transfer"&gt;/home/runner/work/Parabank-Robot/Parabank-Robot/Results/Resources-Transfer/Evidences/Transfer&lt;/a&gt;' already exists.</msg>
<arg>${dir}</arg>
<doc>Creates the specified directory.</doc>
<status status="PASS" start="2026-03-12T17:28:35.710867" elapsed="0.000280"/>
</kw>
<kw name="Set Variable" owner="BuiltIn">
<msg time="2026-03-12T17:28:35.711683" level="INFO">${file} = /home/runner/work/Parabank-Robot/Parabank-Robot/Results/Resources-Transfer/Evidences/Transfer/QBEF-21 Transfer Funds Sucess step-05.png</msg>
<var>${file}</var>
<arg>${dir}${/}${nome_arquivo}.png</arg>
<doc>Returns the given values which can then be assigned to a variables.</doc>
<status status="PASS" start="2026-03-12T17:28:35.711304" elapsed="0.000414"/>
</kw>
<kw name="Capture Page Screenshot" owner="SeleniumLibrary">
<msg time="2026-03-12T17:28:35.790068" level="INFO" html="true">&lt;/td&gt;&lt;/tr&gt;&lt;tr&gt;&lt;td colspan="3"&gt;&lt;a href="Evidences/Transfer/QBEF-21%20Transfer%20Funds%20Sucess%20step-05.png"&gt;&lt;img src="Evidences/Transfer/QBEF-21%20Transfer%20Funds%20Sucess%20step-05.png" width="800px"&gt;&lt;/a&gt;</msg>
<arg>${file}</arg>
<doc>Takes a screenshot of the current page and embeds it into a log file.</doc>
<status status="PASS" start="2026-03-12T17:28:35.711891" elapsed="0.078279"/>
</kw>
<arg>${TEST NAME} step-05</arg>
<arg>Transfer</arg>
<status status="PASS" start="2026-03-12T17:28:35.709607" elapsed="0.080661"/>
</kw>
<kw name="Teardown Padrao" owner="Common" type="TEARDOWN">
<kw name="Run Keyword If Test Failed" owner="BuiltIn">
<arg>Capture Page Screenshot</arg>
<arg>${OUTPUTDIR}/FAIL_${TEST NAME}.png</arg>
<doc>Runs the given keyword with the given arguments, if the test failed.</doc>
<status status="PASS" start="2026-03-12T17:28:35.790809" elapsed="0.000283"/>
</kw>
<kw name="Close Browser" owner="SeleniumLibrary">
<doc>Closes the current browser.</doc>
<status status="PASS" start="2026-03-12T17:28:35.791206" elapsed="0.063609"/>
</kw>
<status status="PASS" start="2026-03-12T17:28:35.790541" elapsed="0.064429"/>
</kw>
<tag>Positive</tag>
<tag>Transfer</tag>
<status status="PASS" start="2026-03-12T17:28:27.037160" elapsed="8.817891"/>
</test>
<test id="s1-s1-t2" name="QBEF-22 Transfer Funds Error - value empty" line="26">
<kw name="Iniciar Sessao Autenticada" owner="Common" type="SETUP">
<kw name="Dado que eu acesse o site Parabank" owner="setup_teardown">
<kw name="Criar Opcoes Do Browser" owner="setup_teardown">
<kw name="Evaluate" owner="BuiltIn">
<msg time="2026-03-12T17:28:35.857316" level="INFO">${is_chrome} = True</msg>
<var>${is_chrome}</var>
<arg>'${BROWSER}'.lower() == 'chrome'</arg>
<doc>Evaluates the given expression in Python and returns the result.</doc>
<status status="PASS" start="2026-03-12T17:28:35.856848" elapsed="0.000496"/>
</kw>
<if>
<branch type="IF" condition="${is_chrome}">
<kw name="Evaluate" owner="BuiltIn">
<msg time="2026-03-12T17:28:35.857878" level="INFO">${options} = &lt;selenium.webdriver.chrome.options.Options object at 0x7f925358c0d0&gt;</msg>
<var>${options}</var>
<arg>sys.modules['selenium.webdriver'].ChromeOptions()</arg>
<arg>sys</arg>
<doc>Evaluates the given expression in Python and returns the result.</doc>
<status status="PASS" start="2026-03-12T17:28:35.857574" elapsed="0.000331"/>
</kw>
<kw name="Set Variable" owner="BuiltIn">
<msg time="2026-03-12T17:28:35.858324" level="INFO">${arg_window} = --window-size=1920,1080</msg>
<var>${arg_window}</var>
<arg>--window-size=1920,1080</arg>
<doc>Returns the given values which can then be assigned to a variables.</doc>
<status status="PASS" start="2026-03-12T17:28:35.858098" elapsed="0.000250"/>
</kw>
<kw name="Set Variable" owner="BuiltIn">
<msg time="2026-03-12T17:28:35.858852" level="INFO">${arg_dev_shm} = --disable-dev-shm-usage</msg>
<var>${arg_dev_shm}</var>
<arg>--disable-dev-shm-usage</arg>
<doc>Returns the given values which can then be assigned to a variables.</doc>
<status status="PASS" start="2026-03-12T17:28:35.858453" elapsed="0.000423"/>
</kw>
<kw name="Set Variable" owner="BuiltIn">
<msg time="2026-03-12T17:28:35.859228" level="INFO">${arg_sandbox} = --no-sandbox</msg>
<var>${arg_sandbox}</var>
<arg>--no-sandbox</arg>
<doc>Returns the given values which can then be assigned to a variables.</doc>
<status status="PASS" start="2026-03-12T17:28:35.859019" elapsed="0.000238"/>
</kw>
<kw name="Call Method" owner="BuiltIn">
<arg>${options}</arg>
<arg>add_argument</arg>
<arg>${arg_window}</arg>
<doc>Calls the named method of the given object with the provided arguments.</doc>
<status status="PASS" start="2026-03-12T17:28:35.859363" elapsed="0.000230"/>
</kw>
<kw name="Call Method" owner="BuiltIn">
<arg>${options}</arg>
<arg>add_argument</arg>
<arg>${arg_dev_shm}</arg>
<doc>Calls the named method of the given object with the provided arguments.</doc>
<status status="PASS" start="2026-03-12T17:28:35.859698" elapsed="0.000226"/>
</kw>
<kw name="Call Method" owner="BuiltIn">
<arg>${options}</arg>
<arg>add_argument</arg>
<arg>${arg_sandbox}</arg>
<doc>Calls the named method of the given object with the provided arguments.</doc>
<status status="PASS" start="2026-03-12T17:28:35.860062" elapsed="0.000228"/>
</kw>
<kw name="Evaluate" owner="BuiltIn">
<msg time="2026-03-12T17:28:35.860674" level="INFO">${headless} = True</msg>
<var>${headless}</var>
<arg>str('${HEADLESS}').lower() in ['true','1','yes']</arg>
<doc>Evaluates the given expression in Python and returns the result.</doc>
<status status="PASS" start="2026-03-12T17:28:35.860397" elapsed="0.000302"/>
</kw>
<if>
<branch type="IF" condition="${headless}">
<kw name="Set Variable" owner="BuiltIn">
<msg time="2026-03-12T17:28:35.861151" level="INFO">${arg_headless} = --headless=new</msg>
<var>${arg_headless}</var>
<arg>--headless=new</arg>
<doc>Returns the given values which can then be assigned to a variables.</doc>
<status status="PASS" start="2026-03-12T17:28:35.860898" elapsed="0.000278"/>
</kw>
<kw name="Call Method" owner="BuiltIn">
<arg>${options}</arg>
<arg>add_argument</arg>
<arg>${arg_headless}</arg>
<doc>Calls the named method of the given object with the provided arguments.</doc>
<status status="PASS" start="2026-03-12T17:28:35.861276" elapsed="0.000226"/>
</kw>
<status status="PASS" start="2026-03-12T17:28:35.860772" elapsed="0.000771"/>
</branch>
<status status="PASS" start="2026-03-12T17:28:35.860754" elapsed="0.000826"/>
</if>
<return>
<value>${options}</value>
<status status="PASS" start="2026-03-12T17:28:35.861621" elapsed="0.000047"/>
</return>
<status status="PASS" start="2026-03-12T17:28:35.857431" elapsed="0.004275"/>
</branch>
<status status="PASS" start="2026-03-12T17:28:35.857406" elapsed="0.004332"/>
</if>
<return>
<value>${None}</value>
<status status="NOT RUN" start="2026-03-12T17:28:35.861768" elapsed="0.000020"/>
</return>
<msg time="2026-03-12T17:28:35.861892" level="INFO">${options} = &lt;selenium.webdriver.chrome.options.Options object at 0x7f925358c0d0&gt;</msg>
<var>${options}</var>
<status status="PASS" start="2026-03-12T17:28:35.856654" elapsed="0.005261"/>
</kw>
<kw name="Open Browser" owner="SeleniumLibrary">
<msg time="2026-03-12T17:28:35.862271" level="INFO">Opening browser 'chrome' to base url 'http://parabank.parasoft.com/parabank/index.htm'.</msg>
<msg time="2026-03-12T17:28:35.912316" level="WARN">The chromedriver version (145.0.7632.117) detected in PATH at /usr/bin/chromedriver might not be compatible with the detected chrome version (146.0.7680.71); currently, chromedriver 146.0.7680.72 is recommended for chrome 146.*, so it is advised to delete the driver in PATH and retry</msg>
<arg>${BASE_URL_QAA}</arg>
<arg>${BROWSER}</arg>
<arg>options=${options}</arg>
<doc>Opens a new browser instance to the optional ``url``.</doc>
<status status="PASS" start="2026-03-12T17:28:35.862055" elapsed="1.099646"/>
</kw>
<if>
<branch type="IF" condition="'${HEADLESS}' != 'True'">
<kw name="Maximize Browser Window" owner="SeleniumLibrary">
<doc>Maximizes current browser window.</doc>
<status status="NOT RUN" start="2026-03-12T17:28:36.963066" elapsed="0.000053"/>
</kw>
<status status="NOT RUN" start="2026-03-12T17:28:36.962629" elapsed="0.000547"/>
</branch>
<status status="PASS" start="2026-03-12T17:28:36.961908" elapsed="0.001328"/>
</if>
<kw name="Set Selenium Timeout" owner="SeleniumLibrary">
<arg>10s</arg>
<doc>Sets the timeout that is used by various keywords.</doc>
<status status="PASS" start="2026-03-12T17:28:36.963397" elapsed="0.001399"/>
</kw>
<status status="PASS" start="2026-03-12T17:28:35.856347" elapsed="1.108533"/>
</kw>
<kw name="Fazer login com Sucesso" owner="Common">
<kw name="Dado que o usuário esteja na tela de Login" owner="KeywordsLogin">
<kw name="Wait Until Element Is Visible" owner="SeleniumLibrary">
<arg>${CAMPO_USUARIO}</arg>
<arg>10s</arg>
<doc>Waits until the element ``locator`` is visible.</doc>
<status status="PASS" start="2026-03-12T17:28:36.965962" elapsed="0.020162"/>
</kw>
<kw name="Element Should Be Visible" owner="SeleniumLibrary">
<msg time="2026-03-12T17:28:36.998044" level="INFO">Element 'css:input[name="username"]' is displayed.</msg>
<arg>${CAMPO_USUARIO}</arg>
<doc>Verifies that the element identified by ``locator`` is visible.</doc>
<status status="PASS" start="2026-03-12T17:28:36.986415" elapsed="0.011720"/>
</kw>
<kw name="Wait Until Element Is Visible" owner="SeleniumLibrary">
<arg>${CAMPO_SENHA}</arg>
<arg>10s</arg>
<doc>Waits until the element ``locator`` is visible.</doc>
<status status="PASS" start="2026-03-12T17:28:36.998324" elapsed="0.014443"/>
</kw>
<kw name="Element Should Be Visible" owner="SeleniumLibrary">
<msg time="2026-03-12T17:28:37.024163" level="INFO">Element 'css:input[name="password"]' is displayed.</msg>
<arg>${CAMPO_SENHA}</arg>
<doc>Verifies that the element identified by ``locator`` is visible.</doc>
<status status="PASS" start="2026-03-12T17:28:37.012968" elapsed="0.011258"/>
</kw>
<status status="PASS" start="2026-03-12T17:28:36.965590" elapsed="0.058713"/>
</kw>
<kw name="Quando ele preencher os campos de usuario e senha" owner="KeywordsLogin">
<kw name="Input Text" owner="SeleniumLibrary">
<msg time="2026-03-12T17:28:37.025030" level="INFO">Typing text 'john' into text field 'css:input[name="username"]'.</msg>
<arg>${CAMPO_USUARIO}</arg>
<arg>${usuario}</arg>
<doc>Types the given ``text`` into the text field identified by ``locator``.</doc>
<status status="PASS" start="2026-03-12T17:28:37.024813" elapsed="0.061255"/>
</kw>
<kw name="Input Text" owner="SeleniumLibrary">
<msg time="2026-03-12T17:28:37.086554" level="INFO">Typing text 'demo' into text field 'css:input[name="password"]'.</msg>
<arg>${CAMPO_SENHA}</arg>
<arg>${senha}</arg>
<doc>Types the given ``text`` into the text field identified by ``locator``.</doc>
<status status="PASS" start="2026-03-12T17:28:37.086284" elapsed="0.066147"/>
</kw>
<kw name="Click Button" owner="SeleniumLibrary">
<msg time="2026-03-12T17:28:37.153136" level="INFO">Clicking button 'css:input[type='submit'][value="Log In"]'.</msg>
<arg>${BOTAO_LOGIN}</arg>
<doc>Clicks the button identified by ``locator``.</doc>
<status status="PASS" start="2026-03-12T17:28:37.152788" elapsed="0.374920"/>
</kw>
<arg>${USUARIO_VALIDO}</arg>
<arg>${SENHA_VALIDO}</arg>
<status status="PASS" start="2026-03-12T17:28:37.024486" elapsed="0.503396"/>
</kw>
<kw name="Então ele deve ser redirecionado para a página inicial" owner="KeywordsLogin">
<kw name="Wait Until Element Is Visible" owner="SeleniumLibrary">
<arg>${BTN_LOGOUT}</arg>
<arg>10s</arg>
<doc>Waits until the element ``locator`` is visible.</doc>
<status status="PASS" start="2026-03-12T17:28:37.528643" elapsed="0.295570"/>
</kw>
<kw name="Element Should Be Visible" owner="SeleniumLibrary">
<msg time="2026-03-12T17:28:37.834494" level="INFO">Element 'css:a[href="logout.htm"]' is displayed.</msg>
<arg>${BTN_LOGOUT}</arg>
<doc>Verifies that the element identified by ``locator`` is visible.</doc>
<status status="PASS" start="2026-03-12T17:28:37.824427" elapsed="0.010127"/>
</kw>
<kw name="Wait Until Element Is Visible" owner="SeleniumLibrary">
<arg>${TABELA_TRANSFERENCIA}</arg>
<arg>10s</arg>
<doc>Waits until the element ``locator`` is visible.</doc>
<status status="PASS" start="2026-03-12T17:28:37.834689" elapsed="0.012981"/>
</kw>
<kw name="Element Should Be Visible" owner="SeleniumLibrary">
<msg time="2026-03-12T17:28:37.858657" level="INFO">Element 'css:table[id="accountTable"]' is displayed.</msg>
<arg>${TABELA_TRANSFERENCIA}</arg>
<doc>Verifies that the element identified by ``locator`` is visible.</doc>
<status status="PASS" start="2026-03-12T17:28:37.847836" elapsed="0.010886"/>
</kw>
<status status="PASS" start="2026-03-12T17:28:37.528239" elapsed="0.330574"/>
</kw>
<status status="PASS" start="2026-03-12T17:28:36.965074" elapsed="0.893793"/>
</kw>
<status status="PASS" start="2026-03-12T17:28:35.856003" elapsed="2.002911"/>
</kw>
<kw name="Dado que o usuário esteja na página de transferência" owner="KeywordsTransfer">
<kw name="Wait Until Element Is Visible" owner="SeleniumLibrary">
<arg>${TRANSFER_FUNDS}</arg>
<arg>10s</arg>
<doc>Waits until the element ``locator`` is visible.</doc>
<status status="PASS" start="2026-03-12T17:28:37.859382" elapsed="0.014623"/>
</kw>
<kw name="Click Element" owner="SeleniumLibrary">
<msg time="2026-03-12T17:28:37.874527" level="INFO">Clicking element 'css:a[href="transfer.htm"]'.</msg>
<arg>${TRANSFER_FUNDS}</arg>
<doc>Click the element identified by ``locator``.</doc>
<status status="PASS" start="2026-03-12T17:28:37.874253" elapsed="0.174321"/>
</kw>
<kw name="Wait Until Element Is Visible" owner="SeleniumLibrary">
<arg>${AMOUNT_FIELD}</arg>
<arg>10s</arg>
<doc>Waits until the element ``locator`` is visible.</doc>
<status status="PASS" start="2026-03-12T17:28:38.048870" elapsed="0.026180"/>
</kw>
<status status="PASS" start="2026-03-12T17:28:37.859141" elapsed="0.216056"/>
</kw>
<kw name="Capturar Print Na Pasta Da Funcionalidade" owner="Common">
<kw name="Set Variable" owner="BuiltIn">
<msg time="2026-03-12T17:28:38.076565" level="INFO">${dir} = /home/runner/work/Parabank-Robot/Parabank-Robot/Results/Resources-Transfer/Evidences/Transfer</msg>
<var>${dir}</var>
<arg>${OUTPUT DIR}${/}Evidences${/}${feature}</arg>
<doc>Returns the given values which can then be assigned to a variables.</doc>
<status status="PASS" start="2026-03-12T17:28:38.076024" elapsed="0.000585"/>
</kw>
<kw name="Create Directory" owner="OperatingSystem">
<msg time="2026-03-12T17:28:38.077032" level="INFO" html="true">Directory '&lt;a href="file:///home/runner/work/Parabank-Robot/Parabank-Robot/Results/Resources-Transfer/Evidences/Transfer"&gt;/home/runner/work/Parabank-Robot/Parabank-Robot/Results/Resources-Transfer/Evidences/Transfer&lt;/a&gt;' already exists.</msg>
<arg>${dir}</arg>
<doc>Creates the specified directory.</doc>
<status status="PASS" start="2026-03-12T17:28:38.076793" elapsed="0.000315"/>
</kw>
<kw name="Set Variable" owner="BuiltIn">
<msg time="2026-03-12T17:28:38.077699" level="INFO">${file} = /home/runner/work/Parabank-Robot/Parabank-Robot/Results/Resources-Transfer/Evidences/Transfer/QBEF-22 Transfer Funds Error - value empty step-01.png</msg>
<var>${file}</var>
<arg>${dir}${/}${nome_arquivo}.png</arg>
<doc>Returns the given values which can then be assigned to a variables.</doc>
<status status="PASS" start="2026-03-12T17:28:38.077275" elapsed="0.000463"/>
</kw>
<kw name="Capture Page Screenshot" owner="SeleniumLibrary">
<msg time="2026-03-12T17:28:38.182977" level="INFO" html="true">&lt;/td&gt;&lt;/tr&gt;&lt;tr&gt;&lt;td colspan="3"&gt;&lt;a href="Evidences/Transfer/QBEF-22%20Transfer%20Funds%20Error%20-%20value%20empty%20step-01.png"&gt;&lt;img src="Evidences/Transfer/QBEF-22%20Transfer%20Funds%20Error%20-%20value%20empty%20step-01.png" width="800px"&gt;&lt;/a&gt;</msg>
<arg>${file}</arg>
<doc>Takes a screenshot of the current page and embeds it into a log file.</doc>
<status status="PASS" start="2026-03-12T17:28:38.077914" elapsed="0.105167"/>
</kw>
<arg>${TEST NAME} step-01</arg>
<arg>Transfer</arg>
<status status="PASS" start="2026-03-12T17:28:38.075487" elapsed="0.107686"/>
</kw>
<kw name="Quando ele preenche os campos de transferência" owner="KeywordsTransfer">
<kw name="Wait Until Element Is Visible" owner="SeleniumLibrary">
<arg>${FROM_ACCOUNT}</arg>
<arg>10s</arg>
<doc>Waits until the element ``locator`` is visible.</doc>
<status status="PASS" start="2026-03-12T17:28:38.183790" elapsed="0.013953"/>
</kw>
<kw name="Wait Until Element Is Visible" owner="SeleniumLibrary">
<arg>${TO_ACCOUNT}</arg>
<arg>10s</arg>
<doc>Waits until the element ``locator`` is visible.</doc>
<status status="PASS" start="2026-03-12T17:28:38.197892" elapsed="0.016487"/>
</kw>
<kw name="Wait Until Element Is Visible" owner="SeleniumLibrary">
<arg>${AMOUNT_FIELD}</arg>
<arg>10s</arg>
<doc>Waits until the element ``locator`` is visible.</doc>
<status status="PASS" start="2026-03-12T17:28:38.214587" elapsed="0.010584"/>
</kw>
<kw name="Convert To String" owner="BuiltIn">
<msg time="2026-03-12T17:28:38.225719" level="INFO">${conta_origem} = 13344</msg>
<var>${conta_origem}</var>
<arg>${conta_origem}</arg>
<doc>Converts the given item to a Unicode string.</doc>
<status status="PASS" start="2026-03-12T17:28:38.225354" elapsed="0.000393"/>
</kw>
<kw name="Convert To String" owner="BuiltIn">
<msg time="2026-03-12T17:28:38.226165" level="INFO">${conta_destino} = 13344</msg>
<var>${conta_destino}</var>
<arg>${conta_destino}</arg>
<doc>Converts the given item to a Unicode string.</doc>
<status status="PASS" start="2026-03-12T17:28:38.225869" elapsed="0.000322"/>
</kw>
<kw name="Wait Until Keyword Succeeds" owner="BuiltIn">
<kw name="Select From List By Value" owner="SeleniumLibrary">
<msg time="2026-03-12T17:28:38.226948" level="INFO">Selecting options from selection list 'css:select[id="fromAccountId"]' by value 13344.</msg>
<arg>${FROM_ACCOUNT}</arg>
<arg>${conta_origem}</arg>
<doc>Selects options from selection list ``locator`` by ``values``.</doc>
<status status="PASS" start="2026-03-12T17:28:38.226679" elapsed="0.057196"/>
</kw>
<arg>5x</arg>
<arg>1s</arg>
<arg>Select From List By Value</arg>
<arg>${FROM_ACCOUNT}</arg>
<arg>${conta_origem}</arg>
<doc>Runs the specified keyword and retries if it fails.</doc>
<status status="PASS" start="2026-03-12T17:28:38.226317" elapsed="0.057703"/>
</kw>
<kw name="Wait Until Keyword Succeeds" owner="BuiltIn">
<kw name="Select From List By Value" owner="SeleniumLibrary">
<msg time="2026-03-12T17:28:38.284866" level="INFO">Selecting options from selection list 'css:select[id="toAccountId"]' by value 13344.</msg>
<arg>${TO_ACCOUNT}</arg>
<arg>${conta_destino}</arg>
<doc>Selects options from selection list ``locator`` by ``values``.</doc>
<status status="PASS" start="2026-03-12T17:28:38.284651" elapsed="0.045171"/>
</kw>
<arg>5x</arg>
<arg>1s</arg>
<arg>Select From List By Value</arg>
<arg>${TO_ACCOUNT}</arg>
<arg>${conta_destino}</arg>
<doc>Runs the specified keyword and retries if it fails.</doc>
<status status="PASS" start="2026-03-12T17:28:38.284202" elapsed="0.045704"/>
</kw>
<kw name="Input Text" owner="SeleniumLibrary">
<msg time="2026-03-12T17:28:38.330333" level="INFO">Typing text '' into text field 'css:input[id="amount"]'.</msg>
<arg>${AMOUNT_FIELD}</arg>
<arg>${quantidade}</arg>
<doc>Types the given ``text`` into the text field identified by ``locator``.</doc>
<status status="PASS" start="2026-03-12T17:28:38.330092" elapsed="0.053327"/>
</kw>
<arg>${CONTA_ORIGEM}</arg>
<arg>${CONTA_DESTINO}</arg>
<arg>${VALOR_TRANSFERENCIA_VAZIO}</arg>
<status status="PASS" start="2026-03-12T17:28:38.183404" elapsed="0.200156"/>
</kw>
<kw name="Capturar Print Na Pasta Da Funcionalidade" owner="Common">
<kw name="Set Variable" owner="BuiltIn">
<msg time="2026-03-12T17:28:38.384845" level="INFO">${dir} = /home/runner/work/Parabank-Robot/Parabank-Robot/Results/Resources-Transfer/Evidences/Transfer</msg>
<var>${dir}</var>
<arg>${OUTPUT DIR}${/}Evidences${/}${feature}</arg>
<doc>Returns the given values which can then be assigned to a variables.</doc>
<status status="PASS" start="2026-03-12T17:28:38.384465" elapsed="0.000408"/>
</kw>
<kw name="Create Directory" owner="OperatingSystem">
<msg time="2026-03-12T17:28:38.385173" level="INFO" html="true">Directory '&lt;a href="file:///home/runner/work/Parabank-Robot/Parabank-Robot/Results/Resources-Transfer/Evidences/Transfer"&gt;/home/runner/work/Parabank-Robot/Parabank-Robot/Results/Resources-Transfer/Evidences/Transfer&lt;/a&gt;' already exists.</msg>
<arg>${dir}</arg>
<doc>Creates the specified directory.</doc>
<status status="PASS" start="2026-03-12T17:28:38.385023" elapsed="0.000204"/>
</kw>
<kw name="Set Variable" owner="BuiltIn">
<msg time="2026-03-12T17:28:38.385605" level="INFO">${file} = /home/runner/work/Parabank-Robot/Parabank-Robot/Results/Resources-Transfer/Evidences/Transfer/QBEF-22 Transfer Funds Error - value empty step-02.png</msg>
<var>${file}</var>
<arg>${dir}${/}${nome_arquivo}.png</arg>
<doc>Returns the given values which can then be assigned to a variables.</doc>
<status status="PASS" start="2026-03-12T17:28:38.385336" elapsed="0.000294"/>
</kw>
<kw name="Capture Page Screenshot" owner="SeleniumLibrary">
<msg time="2026-03-12T17:28:38.478582" level="INFO" html="true">&lt;/td&gt;&lt;/tr&gt;&lt;tr&gt;&lt;td colspan="3"&gt;&lt;a href="Evidences/Transfer/QBEF-22%20Transfer%20Funds%20Error%20-%20value%20empty%20step-02.png"&gt;&lt;img src="Evidences/Transfer/QBEF-22%20Transfer%20Funds%20Error%20-%20value%20empty%20step-02.png" width="800px"&gt;&lt;/a&gt;</msg>
<arg>${file}</arg>
<doc>Takes a screenshot of the current page and embeds it into a log file.</doc>
<status status="PASS" start="2026-03-12T17:28:38.385752" elapsed="0.092939"/>
</kw>
<arg>${TEST NAME} step-02</arg>
<arg>Transfer</arg>
<status status="PASS" start="2026-03-12T17:28:38.383867" elapsed="0.094919"/>
</kw>
<kw name="E envia a transferência" owner="KeywordsTransfer">
<kw name="Click Button" owner="SeleniumLibrary">
<msg time="2026-03-12T17:28:38.479465" level="INFO">Clicking button 'css:input[type="submit"][value="Transfer"]'.</msg>
<arg>${BTN_TRANSFER}</arg>
<doc>Clicks the button identified by ``locator``.</doc>
<status status="PASS" start="2026-03-12T17:28:38.479270" elapsed="0.065189"/>
</kw>
<status status="PASS" start="2026-03-12T17:28:38.479013" elapsed="0.065598"/>
</kw>
<kw name="Capturar Print Na Pasta Da Funcionalidade" owner="Common">
<kw name="Set Variable" owner="BuiltIn">
<msg time="2026-03-12T17:28:38.545856" level="INFO">${dir} = /home/runner/work/Parabank-Robot/Parabank-Robot/Results/Resources-Transfer/Evidences/Transfer</msg>
<var>${dir}</var>
<arg>${OUTPUT DIR}${/}Evidences${/}${feature}</arg>
<doc>Returns the given values which can then be assigned to a variables.</doc>
<status status="PASS" start="2026-03-12T17:28:38.545396" elapsed="0.000498"/>
</kw>
<kw name="Create Directory" owner="OperatingSystem">
<msg time="2026-03-12T17:28:38.546283" level="INFO" html="true">Directory '&lt;a href="file:///home/runner/work/Parabank-Robot/Parabank-Robot/Results/Resources-Transfer/Evidences/Transfer"&gt;/home/runner/work/Parabank-Robot/Parabank-Robot/Results/Resources-Transfer/Evidences/Transfer&lt;/a&gt;' already exists.</msg>
<arg>${dir}</arg>
<doc>Creates the specified directory.</doc>
<status status="PASS" start="2026-03-12T17:28:38.546081" elapsed="0.001772"/>
</kw>
<kw name="Set Variable" owner="BuiltIn">
<msg time="2026-03-12T17:28:38.548444" level="INFO">${file} = /home/runner/work/Parabank-Robot/Parabank-Robot/Results/Resources-Transfer/Evidences/Transfer/QBEF-22 Transfer Funds Error - value empty step-03.png</msg>
<var>${file}</var>
<arg>${dir}${/}${nome_arquivo}.png</arg>
<doc>Returns the given values which can then be assigned to a variables.</doc>
<status status="PASS" start="2026-03-12T17:28:38.548044" elapsed="0.000434"/>
</kw>
<kw name="Capture Page Screenshot" owner="SeleniumLibrary">
<msg time="2026-03-12T17:28:38.646592" level="INFO" html="true">&lt;/td&gt;&lt;/tr&gt;&lt;tr&gt;&lt;td colspan="3"&gt;&lt;a href="Evidences/Transfer/QBEF-22%20Transfer%20Funds%20Error%20-%20value%20empty%20step-03.png"&gt;&lt;img src="Evidences/Transfer/QBEF-22%20Transfer%20Funds%20Error%20-%20value%20empty%20step-03.png" width="800px"&gt;&lt;/a&gt;</msg>
<arg>${file}</arg>
<doc>Takes a screenshot of the current page and embeds it into a log file.</doc>
<status status="PASS" start="2026-03-12T17:28:38.548633" elapsed="0.098065"/>
</kw>
<arg>${TEST NAME} step-03</arg>
<arg>Transfer</arg>
<status status="PASS" start="2026-03-12T17:28:38.544890" elapsed="0.101902"/>
</kw>
<kw name="Então a transferência NÃO deve ser realizada" owner="KeywordsTransfer">
<kw name="Wait Until Element Is Visible" owner="SeleniumLibrary">
<arg>${MENSAGEM_ERRO2}</arg>
<arg>10s</arg>
<doc>Waits until the element ``locator`` is visible.</doc>
<status status="PASS" start="2026-03-12T17:28:38.647278" elapsed="0.013786"/>
</kw>
<kw name="Element Should Be Enabled" owner="SeleniumLibrary">
<arg>${MENSAGEM_ERRO2}</arg>
<doc>Verifies that element identified by ``locator`` is enabled.</doc>
<status status="PASS" start="2026-03-12T17:28:38.661204" elapsed="0.015544"/>
</kw>
<status status="PASS" start="2026-03-12T17:28:38.647021" elapsed="0.029804"/>
</kw>
<kw name="Capturar Print Na Pasta Da Funcionalidade" owner="Common">
<kw name="Set Variable" owner="BuiltIn">
<msg time="2026-03-12T17:28:38.677684" level="INFO">${dir} = /home/runner/work/Parabank-Robot/Parabank-Robot/Results/Resources-Transfer/Evidences/Transfer</msg>
<var>${dir}</var>
<arg>${OUTPUT DIR}${/}Evidences${/}${feature}</arg>
<doc>Returns the given values which can then be assigned to a variables.</doc>
<status status="PASS" start="2026-03-12T17:28:38.677345" elapsed="0.000368"/>
</kw>
<kw name="Create Directory" owner="OperatingSystem">
<msg time="2026-03-12T17:28:38.677978" level="INFO" html="true">Directory '&lt;a href="file:///home/runner/work/Parabank-Robot/Parabank-Robot/Results/Resources-Transfer/Evidences/Transfer"&gt;/home/runner/work/Parabank-Robot/Parabank-Robot/Results/Resources-Transfer/Evidences/Transfer&lt;/a&gt;' already exists.</msg>
<arg>${dir}</arg>
<doc>Creates the specified directory.</doc>
<status status="PASS" start="2026-03-12T17:28:38.677823" elapsed="0.000204"/>
</kw>
<kw name="Set Variable" owner="BuiltIn">
<msg time="2026-03-12T17:28:38.678406" level="INFO">${file} = /home/runner/work/Parabank-Robot/Parabank-Robot/Results/Resources-Transfer/Evidences/Transfer/QBEF-22 Transfer Funds Error - value empty step-04.png</msg>
<var>${file}</var>
<arg>${dir}${/}${nome_arquivo}.png</arg>
<doc>Returns the given values which can then be assigned to a variables.</doc>
<status status="PASS" start="2026-03-12T17:28:38.678132" elapsed="0.000300"/>
</kw>
<kw name="Capture Page Screenshot" owner="SeleniumLibrary">
<msg time="2026-03-12T17:28:38.747270" level="INFO" html="true">&lt;/td&gt;&lt;/tr&gt;&lt;tr&gt;&lt;td colspan="3"&gt;&lt;a href="Evidences/Transfer/QBEF-22%20Transfer%20Funds%20Error%20-%20value%20empty%20step-04.png"&gt;&lt;img src="Evidences/Transfer/QBEF-22%20Transfer%20Funds%20Error%20-%20value%20empty%20step-04.png" width="800px"&gt;&lt;/a&gt;</msg>
<arg>${file}</arg>
<doc>Takes a screenshot of the current page and embeds it into a log file.</doc>
<status status="PASS" start="2026-03-12T17:28:38.678543" elapsed="0.068829"/>
</kw>
<arg>${TEST NAME} step-04</arg>
<arg>Transfer</arg>
<status status="PASS" start="2026-03-12T17:28:38.677023" elapsed="0.070445"/>
</kw>
<kw name="Teardown Padrao" owner="Common" type="TEARDOWN">
<kw name="Run Keyword If Test Failed" owner="BuiltIn">
<arg>Capture Page Screenshot</arg>
<arg>${OUTPUTDIR}/FAIL_${TEST NAME}.png</arg>
<doc>Runs the given keyword with the given arguments, if the test failed.</doc>
<status status="PASS" start="2026-03-12T17:28:38.748083" elapsed="0.000272"/>
</kw>
<kw name="Close Browser" owner="SeleniumLibrary">
<doc>Closes the current browser.</doc>
<status status="PASS" start="2026-03-12T17:28:38.748471" elapsed="0.060374"/>
</kw>
<status status="PASS" start="2026-03-12T17:28:38.747758" elapsed="0.061219"/>
</kw>
<tag>Negative</tag>
<tag>Transfer</tag>
<status status="PASS" start="2026-03-12T17:28:35.855413" elapsed="2.953626"/>
</test>
<test id="s1-s1-t3" name="QBEF-24 Transfer Funds Negative value" line="56">
<kw name="Iniciar Sessao Autenticada" owner="Common" type="SETUP">
<kw name="Dado que eu acesse o site Parabank" owner="setup_teardown">
<kw name="Criar Opcoes Do Browser" owner="setup_teardown">
<kw name="Evaluate" owner="BuiltIn">
<msg time="2026-03-12T17:28:38.811489" level="INFO">${is_chrome} = True</msg>
<var>${is_chrome}</var>
<arg>'${BROWSER}'.lower() == 'chrome'</arg>
<doc>Evaluates the given expression in Python and returns the result.</doc>
<status status="PASS" start="2026-03-12T17:28:38.811021" elapsed="0.000497"/>
</kw>
<if>
<branch type="IF" condition="${is_chrome}">
<kw name="Evaluate" owner="BuiltIn">
<msg time="2026-03-12T17:28:38.812171" level="INFO">${options} = &lt;selenium.webdriver.chrome.options.Options object at 0x7f92534f9a50&gt;</msg>
<var>${options}</var>
<arg>sys.modules['selenium.webdriver'].ChromeOptions()</arg>
<arg>sys</arg>
<doc>Evaluates the given expression in Python and returns the result.</doc>
<status status="PASS" start="2026-03-12T17:28:38.811742" elapsed="0.000457"/>
</kw>
<kw name="Set Variable" owner="BuiltIn">
<msg time="2026-03-12T17:28:38.812531" level="INFO">${arg_window} = --window-size=1920,1080</msg>
<var>${arg_window}</var>
<arg>--window-size=1920,1080</arg>
<doc>Returns the given values which can then be assigned to a variables.</doc>
<status status="PASS" start="2026-03-12T17:28:38.812312" elapsed="0.000243"/>
</kw>
<kw name="Set Variable" owner="BuiltIn">
<msg time="2026-03-12T17:28:38.812855" level="INFO">${arg_dev_shm} = --disable-dev-shm-usage</msg>
<var>${arg_dev_shm}</var>
<arg>--disable-dev-shm-usage</arg>
<doc>Returns the given values which can then be assigned to a variables.</doc>
<status status="PASS" start="2026-03-12T17:28:38.812659" elapsed="0.000219"/>
</kw>
<kw name="Set Variable" owner="BuiltIn">
<msg time="2026-03-12T17:28:38.813253" level="INFO">${arg_sandbox} = --no-sandbox</msg>
<var>${arg_sandbox}</var>
<arg>--no-sandbox</arg>
<doc>Returns the given values which can then be assigned to a variables.</doc>
<status status="PASS" start="2026-03-12T17:28:38.813035" elapsed="0.000242"/>
</kw>
<kw name="Call Method" owner="BuiltIn">
<arg>${options}</arg>
<arg>add_argument</arg>
<arg>${arg_window}</arg>
<doc>Calls the named method of the given object with the provided arguments.</doc>
<status status="PASS" start="2026-03-12T17:28:38.813381" elapsed="0.000229"/>
</kw>
<kw name="Call Method" owner="BuiltIn">
<arg>${options}</arg>
<arg>add_argument</arg>
<arg>${arg_dev_shm}</arg>
<doc>Calls the named method of the given object with the provided arguments.</doc>
<status status="PASS" start="2026-03-12T17:28:38.813713" elapsed="0.000248"/>
</kw>
<kw name="Call Method" owner="BuiltIn">
<arg>${options}</arg>
<arg>add_argument</arg>
<arg>${arg_sandbox}</arg>
<doc>Calls the named method of the given object with the provided arguments.</doc>
<status status="PASS" start="2026-03-12T17:28:38.814069" elapsed="0.000228"/>
</kw>
<kw name="Evaluate" owner="BuiltIn">
<msg time="2026-03-12T17:28:38.814681" level="INFO">${headless} = True</msg>
<var>${headless}</var>
<arg>str('${HEADLESS}').lower() in ['true','1','yes']</arg>
<doc>Evaluates the given expression in Python and returns the result.</doc>
<status status="PASS" start="2026-03-12T17:28:38.814401" elapsed="0.000304"/>
</kw>
<if>
<branch type="IF" condition="${headless}">
<kw name="Set Variable" owner="BuiltIn">
<msg time="2026-03-12T17:28:38.815317" level="INFO">${arg_headless} = --headless=new</msg>
<var>${arg_headless}</var>
<arg>--headless=new</arg>
<doc>Returns the given values which can then be assigned to a variables.</doc>
<status status="PASS" start="2026-03-12T17:28:38.814908" elapsed="0.000433"/>
</kw>
<kw name="Call Method" owner="BuiltIn">
<arg>${options}</arg>
<arg>add_argument</arg>
<arg>${arg_headless}</arg>
<doc>Calls the named method of the given object with the provided arguments.</doc>
<status status="PASS" start="2026-03-12T17:28:38.815446" elapsed="0.000232"/>
</kw>
<status status="PASS" start="2026-03-12T17:28:38.814778" elapsed="0.000942"/>
</branch>
<status status="PASS" start="2026-03-12T17:28:38.814759" elapsed="0.000997"/>
</if>
<return>
<value>${options}</value>
<status status="PASS" start="2026-03-12T17:28:38.815790" elapsed="0.000044"/>
</return>
<status status="PASS" start="2026-03-12T17:28:38.811604" elapsed="0.004268"/>
</branch>
<status status="PASS" start="2026-03-12T17:28:38.811580" elapsed="0.004325"/>
</if>
<return>
<value>${None}</value>
<status status="NOT RUN" start="2026-03-12T17:28:38.815959" elapsed="0.000024"/>
</return>
<msg time="2026-03-12T17:28:38.816093" level="INFO">${options} = &lt;selenium.webdriver.chrome.options.Options object at 0x7f92534f9a50&gt;</msg>
<var>${options}</var>
<status status="PASS" start="2026-03-12T17:28:38.810735" elapsed="0.005382"/>
</kw>
<kw name="Open Browser" owner="SeleniumLibrary">
<msg time="2026-03-12T17:28:38.816446" level="INFO">Opening browser 'chrome' to base url 'http://parabank.parasoft.com/parabank/index.htm'.</msg>
<msg time="2026-03-12T17:28:38.866413" level="WARN">The chromedriver version (145.0.7632.117) detected in PATH at /usr/bin/chromedriver might not be compatible with the detected chrome version (146.0.7680.71); currently, chromedriver 146.0.7680.72 is recommended for chrome 146.*, so it is advised to delete the driver in PATH and retry</msg>
<arg>${BASE_URL_QAA}</arg>
<arg>${BROWSER}</arg>
<arg>options=${options}</arg>
<doc>Opens a new browser instance to the optional ``url``.</doc>
<status status="PASS" start="2026-03-12T17:28:38.816231" elapsed="0.953953"/>
</kw>
<if>
<branch type="IF" condition="'${HEADLESS}' != 'True'">
<kw name="Maximize Browser Window" owner="SeleniumLibrary">
<doc>Maximizes current browser window.</doc>
<status status="NOT RUN" start="2026-03-12T17:28:39.770757" elapsed="0.000038"/>
</kw>
<status status="NOT RUN" start="2026-03-12T17:28:39.770415" elapsed="0.000427"/>
</branch>
<status status="PASS" start="2026-03-12T17:28:39.770371" elapsed="0.000519"/>
</if>
<kw name="Set Selenium Timeout" owner="SeleniumLibrary">
<arg>10s</arg>
<doc>Sets the timeout that is used by various keywords.</doc>
<status status="PASS" start="2026-03-12T17:28:39.771086" elapsed="0.001505"/>
</kw>
<status status="PASS" start="2026-03-12T17:28:38.810337" elapsed="0.962436"/>
</kw>
<kw name="Fazer login com Sucesso" owner="Common">
<kw name="Dado que o usuário esteja na tela de Login" owner="KeywordsLogin">
<kw name="Wait Until Element Is Visible" owner="SeleniumLibrary">
<arg>${CAMPO_USUARIO}</arg>
<arg>10s</arg>
<doc>Waits until the element ``locator`` is visible.</doc>
<status status="PASS" start="2026-03-12T17:28:39.774268" elapsed="0.019418"/>
</kw>
<kw name="Element Should Be Visible" owner="SeleniumLibrary">
<msg time="2026-03-12T17:28:39.805801" level="INFO">Element 'css:input[name="username"]' is displayed.</msg>
<arg>${CAMPO_USUARIO}</arg>
<doc>Verifies that the element identified by ``locator`` is visible.</doc>
<status status="PASS" start="2026-03-12T17:28:39.793866" elapsed="0.012001"/>
</kw>
<kw name="Wait Until Element Is Visible" owner="SeleniumLibrary">
<arg>${CAMPO_SENHA}</arg>
<arg>10s</arg>
<doc>Waits until the element ``locator`` is visible.</doc>
<status status="PASS" start="2026-03-12T17:28:39.806039" elapsed="0.013625"/>
</kw>
<kw name="Element Should Be Visible" owner="SeleniumLibrary">
<msg time="2026-03-12T17:28:39.830508" level="INFO">Element 'css:input[name="password"]' is displayed.</msg>
<arg>${CAMPO_SENHA}</arg>
<doc>Verifies that the element identified by ``locator`` is visible.</doc>
<status status="PASS" start="2026-03-12T17:28:39.819808" elapsed="0.010756"/>
</kw>
<status status="PASS" start="2026-03-12T17:28:39.773962" elapsed="0.056676"/>
</kw>
<kw name="Quando ele preencher os campos de usuario e senha" owner="KeywordsLogin">
<kw name="Input Text" owner="SeleniumLibrary">
<msg time="2026-03-12T17:28:39.831372" level="INFO">Typing text 'john' into text field 'css:input[name="username"]'.</msg>
<arg>${CAMPO_USUARIO}</arg>
<arg>${usuario}</arg>
<doc>Types the given ``text`` into the text field identified by ``locator``.</doc>
<status status="PASS" start="2026-03-12T17:28:39.831201" elapsed="0.060420"/>
</kw>
<kw name="Input Text" owner="SeleniumLibrary">
<msg time="2026-03-12T17:28:39.892167" level="INFO">Typing text 'demo' into text field 'css:input[name="password"]'.</msg>
<arg>${CAMPO_SENHA}</arg>
<arg>${senha}</arg>
<doc>Types the given ``text`` into the text field identified by ``locator``.</doc>
<status status="PASS" start="2026-03-12T17:28:39.891852" elapsed="0.067785"/>
</kw>
<kw name="Click Button" owner="SeleniumLibrary">
<msg time="2026-03-12T17:28:39.960151" level="INFO">Clicking button 'css:input[type='submit'][value="Log In"]'.</msg>
<arg>${BOTAO_LOGIN}</arg>
<doc>Clicks the button identified by ``locator``.</doc>
<status status="PASS" start="2026-03-12T17:28:39.959868" elapsed="0.309385"/>
</kw>
<arg>${USUARIO_VALIDO}</arg>
<arg>${SENHA_VALIDO}</arg>
<status status="PASS" start="2026-03-12T17:28:39.830805" elapsed="0.438614"/>
</kw>
<kw name="Então ele deve ser redirecionado para a página inicial" owner="KeywordsLogin">
<kw name="Wait Until Element Is Visible" owner="SeleniumLibrary">
<arg>${BTN_LOGOUT}</arg>
<arg>10s</arg>
<doc>Waits until the element ``locator`` is visible.</doc>
<status status="PASS" start="2026-03-12T17:28:40.270182" elapsed="0.300286"/>
</kw>
<kw name="Element Should Be Visible" owner="SeleniumLibrary">
<msg time="2026-03-12T17:28:40.580328" level="INFO">Element 'css:a[href="logout.htm"]' is displayed.</msg>
<arg>${BTN_LOGOUT}</arg>
<doc>Verifies that the element identified by ``locator`` is visible.</doc>
<status status="PASS" start="2026-03-12T17:28:40.570679" elapsed="0.009713"/>
</kw>
<kw name="Wait Until Element Is Visible" owner="SeleniumLibrary">
<arg>${TABELA_TRANSFERENCIA}</arg>
<arg>10s</arg>
<doc>Waits until the element ``locator`` is visible.</doc>
<status status="PASS" start="2026-03-12T17:28:40.580552" elapsed="0.013262"/>
</kw>
<kw name="Element Should Be Visible" owner="SeleniumLibrary">
<msg time="2026-03-12T17:28:40.604152" level="INFO">Element 'css:table[id="accountTable"]' is displayed.</msg>
<arg>${TABELA_TRANSFERENCIA}</arg>
<doc>Verifies that the element identified by ``locator`` is visible.</doc>
<status status="PASS" start="2026-03-12T17:28:40.594015" elapsed="0.010203"/>
</kw>
<status status="PASS" start="2026-03-12T17:28:40.269736" elapsed="0.334561"/>
</kw>
<status status="PASS" start="2026-03-12T17:28:39.773551" elapsed="0.830801"/>
</kw>
<status status="PASS" start="2026-03-12T17:28:38.809950" elapsed="1.794451"/>
</kw>
<kw name="Dado que o usuário esteja na página de transferência" owner="KeywordsTransfer">
<kw name="Wait Until Element Is Visible" owner="SeleniumLibrary">
<arg>${TRANSFER_FUNDS}</arg>
<arg>10s</arg>
<doc>Waits until the element ``locator`` is visible.</doc>
<status status="PASS" start="2026-03-12T17:28:40.604848" elapsed="0.014568"/>
</kw>
<kw name="Click Element" owner="SeleniumLibrary">
<msg time="2026-03-12T17:28:40.619850" level="INFO">Clicking element 'css:a[href="transfer.htm"]'.</msg>
<arg>${TRANSFER_FUNDS}</arg>
<doc>Click the element identified by ``locator``.</doc>
<status status="PASS" start="2026-03-12T17:28:40.619622" elapsed="0.180978"/>
</kw>
<kw name="Wait Until Element Is Visible" owner="SeleniumLibrary">
<arg>${AMOUNT_FIELD}</arg>
<arg>10s</arg>
<doc>Waits until the element ``locator`` is visible.</doc>
<status status="PASS" start="2026-03-12T17:28:40.800903" elapsed="0.020884"/>
</kw>
<status status="PASS" start="2026-03-12T17:28:40.604601" elapsed="0.217321"/>
</kw>
<kw name="Capturar Print Na Pasta Da Funcionalidade" owner="Common">
<kw name="Set Variable" owner="BuiltIn">
<msg time="2026-03-12T17:28:40.823306" level="INFO">${dir} = /home/runner/work/Parabank-Robot/Parabank-Robot/Results/Resources-Transfer/Evidences/Transfer</msg>
<var>${dir}</var>
<arg>${OUTPUT DIR}${/}Evidences${/}${feature}</arg>
<doc>Returns the given values which can then be assigned to a variables.</doc>
<status status="PASS" start="2026-03-12T17:28:40.822736" elapsed="0.000612"/>
</kw>
<kw name="Create Directory" owner="OperatingSystem">
<msg time="2026-03-12T17:28:40.823716" level="INFO" html="true">Directory '&lt;a href="file:///home/runner/work/Parabank-Robot/Parabank-Robot/Results/Resources-Transfer/Evidences/Transfer"&gt;/home/runner/work/Parabank-Robot/Parabank-Robot/Results/Resources-Transfer/Evidences/Transfer&lt;/a&gt;' already exists.</msg>
<arg>${dir}</arg>
<doc>Creates the specified directory.</doc>
<status status="PASS" start="2026-03-12T17:28:40.823517" elapsed="0.000268"/>
</kw>
<kw name="Set Variable" owner="BuiltIn">
<msg time="2026-03-12T17:28:40.824372" level="INFO">${file} = /home/runner/work/Parabank-Robot/Parabank-Robot/Results/Resources-Transfer/Evidences/Transfer/QBEF-24 Transfer Funds Negative value step-01.png</msg>
<var>${file}</var>
<arg>${dir}${/}${nome_arquivo}.png</arg>
<doc>Returns the given values which can then be assigned to a variables.</doc>
<status status="PASS" start="2026-03-12T17:28:40.823964" elapsed="0.000448"/>
</kw>
<kw name="Capture Page Screenshot" owner="SeleniumLibrary">
<msg time="2026-03-12T17:28:40.933553" level="INFO" html="true">&lt;/td&gt;&lt;/tr&gt;&lt;tr&gt;&lt;td colspan="3"&gt;&lt;a href="Evidences/Transfer/QBEF-24%20Transfer%20Funds%20Negative%20value%20step-01.png"&gt;&lt;img src="Evidences/Transfer/QBEF-24%20Transfer%20Funds%20Negative%20value%20step-01.png" width="800px"&gt;&lt;/a&gt;</msg>
<arg>${file}</arg>
<doc>Takes a screenshot of the current page and embeds it into a log file.</doc>
<status status="PASS" start="2026-03-12T17:28:40.824591" elapsed="0.109067"/>
</kw>
<arg>${TEST NAME} step-01</arg>
<arg>Transfer</arg>
<status status="PASS" start="2026-03-12T17:28:40.822230" elapsed="0.111528"/>
</kw>
<kw name="Quando ele preenche os campos de transferência" owner="KeywordsTransfer">
<kw name="Wait Until Element Is Visible" owner="SeleniumLibrary">
<arg>${FROM_ACCOUNT}</arg>
<arg>10s</arg>
<doc>Waits until the element ``locator`` is visible.</doc>
<status status="PASS" start="2026-03-12T17:28:40.934389" elapsed="0.014163"/>
</kw>
<kw name="Wait Until Element Is Visible" owner="SeleniumLibrary">
<arg>${TO_ACCOUNT}</arg>
<arg>10s</arg>
<doc>Waits until the element ``locator`` is visible.</doc>
<status status="PASS" start="2026-03-12T17:28:40.948786" elapsed="0.013218"/>
</kw>
<kw name="Wait Until Element Is Visible" owner="SeleniumLibrary">
<arg>${AMOUNT_FIELD}</arg>
<arg>10s</arg>
<doc>Waits until the element ``locator`` is visible.</doc>
<status status="PASS" start="2026-03-12T17:28:40.962143" elapsed="0.012912"/>
</kw>
<kw name="Convert To String" owner="BuiltIn">
<msg time="2026-03-12T17:28:40.975655" level="INFO">${conta_origem} = 13344</msg>
<var>${conta_origem}</var>
<arg>${conta_origem}</arg>
<doc>Converts the given item to a Unicode string.</doc>
<status status="PASS" start="2026-03-12T17:28:40.975269" elapsed="0.000413"/>
</kw>
<kw name="Convert To String" owner="BuiltIn">
<msg time="2026-03-12T17:28:40.976064" level="INFO">${conta_destino} = 13344</msg>
<var>${conta_destino}</var>
<arg>${conta_destino}</arg>
<doc>Converts the given item to a Unicode string.</doc>
<status status="PASS" start="2026-03-12T17:28:40.975794" elapsed="0.000294"/>
</kw>
<kw name="Wait Until Keyword Succeeds" owner="BuiltIn">
<kw name="Select From List By Value" owner="SeleniumLibrary">
<msg time="2026-03-12T17:28:40.976761" level="INFO">Selecting options from selection list 'css:select[id="fromAccountId"]' by value 13344.</msg>
<arg>${FROM_ACCOUNT}</arg>
<arg>${conta_origem}</arg>
<doc>Selects options from selection list ``locator`` by ``values``.</doc>
<status status="PASS" start="2026-03-12T17:28:40.976573" elapsed="0.059094"/>
</kw>
<arg>5x</arg>
<arg>1s</arg>
<arg>Select From List By Value</arg>
<arg>${FROM_ACCOUNT}</arg>
<arg>${conta_origem}</arg>
<doc>Runs the specified keyword and retries if it fails.</doc>
<status status="PASS" start="2026-03-12T17:28:40.976209" elapsed="0.059601"/>
</kw>
<kw name="Wait Until Keyword Succeeds" owner="BuiltIn">
<kw name="Select From List By Value" owner="SeleniumLibrary">
<msg time="2026-03-12T17:28:41.036806" level="INFO">Selecting options from selection list 'css:select[id="toAccountId"]' by value 13344.</msg>
<arg>${TO_ACCOUNT}</arg>
<arg>${conta_destino}</arg>
<doc>Selects options from selection list ``locator`` by ``values``.</doc>
<status status="PASS" start="2026-03-12T17:28:41.036587" elapsed="0.047711"/>
</kw>
<arg>5x</arg>
<arg>1s</arg>
<arg>Select From List By Value</arg>
<arg>${TO_ACCOUNT}</arg>
<arg>${conta_destino}</arg>
<doc>Runs the specified keyword and retries if it fails.</doc>
<status status="PASS" start="2026-03-12T17:28:41.036108" elapsed="0.048326"/>
</kw>
<kw name="Input Text" owner="SeleniumLibrary">
<msg time="2026-03-12T17:28:41.084906" level="INFO">Typing text 'abc' into text field 'css:input[id="amount"]'.</msg>
<arg>${AMOUNT_FIELD}</arg>
<arg>${quantidade}</arg>
<doc>Types the given ``text`` into the text field identified by ``locator``.</doc>
<status status="PASS" start="2026-03-12T17:28:41.084630" elapsed="0.059614"/>
</kw>
<arg>${CONTA_ORIGEM}</arg>
<arg>${CONTA_DESTINO}</arg>
<arg>${VALOR_TRANSFERENCIA_TEXTO}</arg>
<status status="PASS" start="2026-03-12T17:28:40.934012" elapsed="0.210360"/>
</kw>
<kw name="Capturar Print Na Pasta Da Funcionalidade" owner="Common">
<kw name="Set Variable" owner="BuiltIn">
<msg time="2026-03-12T17:28:41.145381" level="INFO">${dir} = /home/runner/work/Parabank-Robot/Parabank-Robot/Results/Resources-Transfer/Evidences/Transfer</msg>
<var>${dir}</var>
<arg>${OUTPUT DIR}${/}Evidences${/}${feature}</arg>
<doc>Returns the given values which can then be assigned to a variables.</doc>
<status status="PASS" start="2026-03-12T17:28:41.145013" elapsed="0.000397"/>
</kw>
<kw name="Create Directory" owner="OperatingSystem">
<msg time="2026-03-12T17:28:41.145666" level="INFO" html="true">Directory '&lt;a href="file:///home/runner/work/Parabank-Robot/Parabank-Robot/Results/Resources-Transfer/Evidences/Transfer"&gt;/home/runner/work/Parabank-Robot/Parabank-Robot/Results/Resources-Transfer/Evidences/Transfer&lt;/a&gt;' already exists.</msg>
<arg>${dir}</arg>
<doc>Creates the specified directory.</doc>
<status status="PASS" start="2026-03-12T17:28:41.145521" elapsed="0.000192"/>
</kw>
<kw name="Set Variable" owner="BuiltIn">
<msg time="2026-03-12T17:28:41.146115" level="INFO">${file} = /home/runner/work/Parabank-Robot/Parabank-Robot/Results/Resources-Transfer/Evidences/Transfer/QBEF-24 Transfer Funds Negative value step-02.png</msg>
<var>${file}</var>
<arg>${dir}${/}${nome_arquivo}.png</arg>
<doc>Returns the given values which can then be assigned to a variables.</doc>
<status status="PASS" start="2026-03-12T17:28:41.145817" elapsed="0.000324"/>
</kw>
<kw name="Capture Page Screenshot" owner="SeleniumLibrary">
<msg time="2026-03-12T17:28:41.228549" level="INFO" html="true">&lt;/td&gt;&lt;/tr&gt;&lt;tr&gt;&lt;td colspan="3"&gt;&lt;a href="Evidences/Transfer/QBEF-24%20Transfer%20Funds%20Negative%20value%20step-02.png"&gt;&lt;img src="Evidences/Transfer/QBEF-24%20Transfer%20Funds%20Negative%20value%20step-02.png" width="800px"&gt;&lt;/a&gt;</msg>
<arg>${file}</arg>
<doc>Takes a screenshot of the current page and embeds it into a log file.</doc>
<status status="PASS" start="2026-03-12T17:28:41.146263" elapsed="0.082390"/>
</kw>
<arg>${TEST NAME} step-02</arg>
<arg>Transfer</arg>
<status status="PASS" start="2026-03-12T17:28:41.144608" elapsed="0.084144"/>
</kw>
<kw name="E envia a transferência" owner="KeywordsTransfer">
<kw name="Click Button" owner="SeleniumLibrary">
<msg time="2026-03-12T17:28:41.229432" level="INFO">Clicking button 'css:input[type="submit"][value="Transfer"]'.</msg>
<arg>${BTN_TRANSFER}</arg>
<doc>Clicks the button identified by ``locator``.</doc>
<status status="PASS" start="2026-03-12T17:28:41.229245" elapsed="0.063422"/>
</kw>
<status status="PASS" start="2026-03-12T17:28:41.228983" elapsed="0.063839"/>
</kw>
<kw name="Capturar Print Na Pasta Da Funcionalidade" owner="Common">
<kw name="Set Variable" owner="BuiltIn">
<msg time="2026-03-12T17:28:41.293995" level="INFO">${dir} = /home/runner/work/Parabank-Robot/Parabank-Robot/Results/Resources-Transfer/Evidences/Transfer</msg>
<var>${dir}</var>
<arg>${OUTPUT DIR}${/}Evidences${/}${feature}</arg>
<doc>Returns the given values which can then be assigned to a variables.</doc>
<status status="PASS" start="2026-03-12T17:28:41.293613" elapsed="0.000412"/>
</kw>
<kw name="Create Directory" owner="OperatingSystem">
<msg time="2026-03-12T17:28:41.294277" level="INFO" html="true">Directory '&lt;a href="file:///home/runner/work/Parabank-Robot/Parabank-Robot/Results/Resources-Transfer/Evidences/Transfer"&gt;/home/runner/work/Parabank-Robot/Parabank-Robot/Results/Resources-Transfer/Evidences/Transfer&lt;/a&gt;' already exists.</msg>
<arg>${dir}</arg>
<doc>Creates the specified directory.</doc>
<status status="PASS" start="2026-03-12T17:28:41.294136" elapsed="0.000187"/>
</kw>
<kw name="Set Variable" owner="BuiltIn">
<msg time="2026-03-12T17:28:41.294704" level="INFO">${file} = /home/runner/work/Parabank-Robot/Parabank-Robot/Results/Resources-Transfer/Evidences/Transfer/QBEF-24 Transfer Funds Negative value step-03.png</msg>
<var>${file}</var>
<arg>${dir}${/}${nome_arquivo}.png</arg>
<doc>Returns the given values which can then be assigned to a variables.</doc>
<status status="PASS" start="2026-03-12T17:28:41.294430" elapsed="0.000299"/>
</kw>
<kw name="Capture Page Screenshot" owner="SeleniumLibrary">
<msg time="2026-03-12T17:28:41.378588" level="INFO" html="true">&lt;/td&gt;&lt;/tr&gt;&lt;tr&gt;&lt;td colspan="3"&gt;&lt;a href="Evidences/Transfer/QBEF-24%20Transfer%20Funds%20Negative%20value%20step-03.png"&gt;&lt;img src="Evidences/Transfer/QBEF-24%20Transfer%20Funds%20Negative%20value%20step-03.png" width="800px"&gt;&lt;/a&gt;</msg>
<arg>${file}</arg>
<doc>Takes a screenshot of the current page and embeds it into a log file.</doc>
<status status="PASS" start="2026-03-12T17:28:41.294846" elapsed="0.083845"/>
</kw>
<arg>${TEST NAME} step-03</arg>
<arg>Transfer</arg>
<status status="PASS" start="2026-03-12T17:28:41.293236" elapsed="0.085551"/>
</kw>
<kw name="Então a transferência NÃO deve ser realizada" owner="KeywordsTransfer">
<kw name="Wait Until Element Is Visible" owner="SeleniumLibrary">
<arg>${MENSAGEM_ERRO2}</arg>
<arg>10s</arg>
<doc>Waits until the element ``locator`` is visible.</doc>
<status status="PASS" start="2026-03-12T17:28:41.379287" elapsed="0.017753"/>
</kw>
<kw name="Element Should Be Enabled" owner="SeleniumLibrary">
<arg>${MENSAGEM_ERRO2}</arg>
<doc>Verifies that element identified by ``locator`` is enabled.</doc>
<status status="PASS" start="2026-03-12T17:28:41.397208" elapsed="0.017524"/>
</kw>
<status status="PASS" start="2026-03-12T17:28:41.379028" elapsed="0.035802"/>
</kw>
<kw name="Capturar Print Na Pasta Da Funcionalidade" owner="Common">
<kw name="Set Variable" owner="BuiltIn">
<msg time="2026-03-12T17:28:41.415886" level="INFO">${dir} = /home/runner/work/Parabank-Robot/Parabank-Robot/Results/Resources-Transfer/Evidences/Transfer</msg>
<var>${dir}</var>
<arg>${OUTPUT DIR}${/}Evidences${/}${feature}</arg>
<doc>Returns the given values which can then be assigned to a variables.</doc>
<status status="PASS" start="2026-03-12T17:28:41.415530" elapsed="0.000384"/>
</kw>
<kw name="Create Directory" owner="OperatingSystem">
<msg time="2026-03-12T17:28:41.416204" level="INFO" html="true">Directory '&lt;a href="file:///home/runner/work/Parabank-Robot/Parabank-Robot/Results/Resources-Transfer/Evidences/Transfer"&gt;/home/runner/work/Parabank-Robot/Parabank-Robot/Results/Resources-Transfer/Evidences/Transfer&lt;/a&gt;' already exists.</msg>
<arg>${dir}</arg>
<doc>Creates the specified directory.</doc>
<status status="PASS" start="2026-03-12T17:28:41.416057" elapsed="0.000193"/>
</kw>
<kw name="Set Variable" owner="BuiltIn">
<msg time="2026-03-12T17:28:41.416634" level="INFO">${file} = /home/runner/work/Parabank-Robot/Parabank-Robot/Results/Resources-Transfer/Evidences/Transfer/QBEF-24 Transfer Funds Negative value step-04.png</msg>
<var>${file}</var>
<arg>${dir}${/}${nome_arquivo}.png</arg>
<doc>Returns the given values which can then be assigned to a variables.</doc>
<status status="PASS" start="2026-03-12T17:28:41.416354" elapsed="0.000305"/>
</kw>
<kw name="Capture Page Screenshot" owner="SeleniumLibrary">
<msg time="2026-03-12T17:28:41.495048" level="INFO" html="true">&lt;/td&gt;&lt;/tr&gt;&lt;tr&gt;&lt;td colspan="3"&gt;&lt;a href="Evidences/Transfer/QBEF-24%20Transfer%20Funds%20Negative%20value%20step-04.png"&gt;&lt;img src="Evidences/Transfer/QBEF-24%20Transfer%20Funds%20Negative%20value%20step-04.png" width="800px"&gt;&lt;/a&gt;</msg>
<arg>${file}</arg>
<doc>Takes a screenshot of the current page and embeds it into a log file.</doc>
<status status="PASS" start="2026-03-12T17:28:41.416819" elapsed="0.078335"/>
</kw>
<arg>${TEST NAME} step-04</arg>
<arg>Transfer</arg>
<status status="PASS" start="2026-03-12T17:28:41.415142" elapsed="0.080109"/>
</kw>
<kw name="Teardown Padrao" owner="Common" type="TEARDOWN">
<kw name="Run Keyword If Test Failed" owner="BuiltIn">
<arg>Capture Page Screenshot</arg>
<arg>${OUTPUTDIR}/FAIL_${TEST NAME}.png</arg>
<doc>Runs the given keyword with the given arguments, if the test failed.</doc>
<status status="PASS" start="2026-03-12T17:28:41.495796" elapsed="0.000297"/>
</kw>
<kw name="Close Browser" owner="SeleniumLibrary">
<doc>Closes the current browser.</doc>
<status status="PASS" start="2026-03-12T17:28:41.496212" elapsed="0.060547"/>
</kw>
<status status="PASS" start="2026-03-12T17:28:41.495521" elapsed="0.061348"/>
</kw>
<tag>Negative</tag>
<tag>Transfer</tag>
<status status="PASS" start="2026-03-12T17:28:38.809375" elapsed="2.748384"/>
</test>
<status status="PASS" start="2026-03-12T17:28:26.743247" elapsed="14.815412"/>
</suite>
<status status="PASS" start="2026-03-12T17:28:26.714476" elapsed="14.845179"/>
</suite>
<statistics>
<total>
<stat pass="3" fail="0" skip="0">All Tests</stat>
</total>
<tag>
<stat pass="2" fail="0" skip="0">Negative</stat>
<stat pass="1" fail="0" skip="0">Positive</stat>
<stat pass="3" fail="0" skip="0">Transfer</stat>
</tag>
<suite>
<stat name="Transfer" id="s1" pass="3" fail="0" skip="0">Transfer</stat>
<stat name="TestCasesTransfer" id="s1-s1" pass="3" fail="0" skip="0">Transfer.TestCasesTransfer</stat>
</suite>
</statistics>
<errors>
<msg time="2026-03-12T17:28:28.258200" level="WARN">The chromedriver version (145.0.7632.117) detected in PATH at /usr/bin/chromedriver might not be compatible with the detected chrome version (146.0.7680.71); currently, chromedriver 146.0.7680.72 is recommended for chrome 146.*, so it is advised to delete the driver in PATH and retry</msg>
<msg time="2026-03-12T17:28:35.912316" level="WARN">The chromedriver version (145.0.7632.117) detected in PATH at /usr/bin/chromedriver might not be compatible with the detected chrome version (146.0.7680.71); currently, chromedriver 146.0.7680.72 is recommended for chrome 146.*, so it is advised to delete the driver in PATH and retry</msg>
<msg time="2026-03-12T17:28:38.866413" level="WARN">The chromedriver version (145.0.7632.117) detected in PATH at /usr/bin/chromedriver might not be compatible with the detected chrome version (146.0.7680.71); currently, chromedriver 146.0.7680.72 is recommended for chrome 146.*, so it is advised to delete the driver in PATH and retry</msg>
</errors>
</robot>
