<?xml version="1.0" encoding="UTF-8"?>
<robot generator="Robot 7.4.1 (Python 3.11.14 on linux)" generated="2026-03-12T16:56:39.902567" rpa="false" schemaversion="5">
<suite id="s1" name="OpenNewAccount" source="/home/runner/work/Parabank-Robot/Parabank-Robot/Resources/OpenNewAccount">
<suite id="s1-s1" name="TestCasesOpenNewAccount" source="/home/runner/work/Parabank-Robot/Parabank-Robot/Resources/OpenNewAccount/TestCasesOpenNewAccount.robot">
<test id="s1-s1-t1" name="QBEF-10 Open New Account" line="8">
<kw name="Iniciar Sessao Autenticada" owner="Common" type="SETUP">
<kw name="Dado que eu acesse o site Parabank" owner="setup_teardown">
<kw name="Criar Opcoes Do Browser" owner="setup_teardown">
<kw name="Evaluate" owner="BuiltIn">
<msg time="2026-03-12T16:56:40.182937" level="INFO">${is_chrome} = True</msg>
<var>${is_chrome}</var>
<arg>'${BROWSER}'.lower() == 'chrome'</arg>
<doc>Evaluates the given expression in Python and returns the result.</doc>
<status status="PASS" start="2026-03-12T16:56:40.182486" elapsed="0.000485"/>
</kw>
<if>
<branch type="IF" condition="${is_chrome}">
<kw name="Evaluate" owner="BuiltIn">
<msg time="2026-03-12T16:56:40.183596" level="INFO">${options} = &lt;selenium.webdriver.chrome.options.Options object at 0x7f900fca3a90&gt;</msg>
<var>${options}</var>
<arg>sys.modules['selenium.webdriver'].ChromeOptions()</arg>
<arg>sys</arg>
<doc>Evaluates the given expression in Python and returns the result.</doc>
<status status="PASS" start="2026-03-12T16:56:40.183257" elapsed="0.000370"/>
</kw>
<kw name="Set Variable" owner="BuiltIn">
<msg time="2026-03-12T16:56:40.184007" level="INFO">${arg_window} = --window-size=1920,1080</msg>
<var>${arg_window}</var>
<arg>--window-size=1920,1080</arg>
<doc>Returns the given values which can then be assigned to a variables.</doc>
<status status="PASS" start="2026-03-12T16:56:40.183759" elapsed="0.000295"/>
</kw>
<kw name="Set Variable" owner="BuiltIn">
<msg time="2026-03-12T16:56:40.184393" level="INFO">${arg_dev_shm} = --disable-dev-shm-usage</msg>
<var>${arg_dev_shm}</var>
<arg>--disable-dev-shm-usage</arg>
<doc>Returns the given values which can then be assigned to a variables.</doc>
<status status="PASS" start="2026-03-12T16:56:40.184174" elapsed="0.000247"/>
</kw>
<kw name="Set Variable" owner="BuiltIn">
<msg time="2026-03-12T16:56:40.184778" level="INFO">${arg_sandbox} = --no-sandbox</msg>
<var>${arg_sandbox}</var>
<arg>--no-sandbox</arg>
<doc>Returns the given values which can then be assigned to a variables.</doc>
<status status="PASS" start="2026-03-12T16:56:40.184552" elapsed="0.000251"/>
</kw>
<kw name="Call Method" owner="BuiltIn">
<arg>${options}</arg>
<arg>add_argument</arg>
<arg>${arg_window}</arg>
<doc>Calls the named method of the given object with the provided arguments.</doc>
<status status="PASS" start="2026-03-12T16:56:40.184910" elapsed="0.000266"/>
</kw>
<kw name="Call Method" owner="BuiltIn">
<arg>${options}</arg>
<arg>add_argument</arg>
<arg>${arg_dev_shm}</arg>
<doc>Calls the named method of the given object with the provided arguments.</doc>
<status status="PASS" start="2026-03-12T16:56:40.185291" elapsed="0.000254"/>
</kw>
<kw name="Call Method" owner="BuiltIn">
<arg>${options}</arg>
<arg>add_argument</arg>
<arg>${arg_sandbox}</arg>
<doc>Calls the named method of the given object with the provided arguments.</doc>
<status status="PASS" start="2026-03-12T16:56:40.185663" elapsed="0.000244"/>
</kw>
<kw name="Evaluate" owner="BuiltIn">
<msg time="2026-03-12T16:56:40.186345" level="INFO">${headless} = True</msg>
<var>${headless}</var>
<arg>str('${HEADLESS}').lower() in ['true','1','yes']</arg>
<doc>Evaluates the given expression in Python and returns the result.</doc>
<status status="PASS" start="2026-03-12T16:56:40.186051" elapsed="0.000320"/>
</kw>
<if>
<branch type="IF" condition="${headless}">
<kw name="Set Variable" owner="BuiltIn">
<msg time="2026-03-12T16:56:40.186786" level="INFO">${arg_headless} = --headless=new</msg>
<var>${arg_headless}</var>
<arg>--headless=new</arg>
<doc>Returns the given values which can then be assigned to a variables.</doc>
<status status="PASS" start="2026-03-12T16:56:40.186578" elapsed="0.000232"/>
</kw>
<kw name="Call Method" owner="BuiltIn">
<arg>${options}</arg>
<arg>add_argument</arg>
<arg>${arg_headless}</arg>
<doc>Calls the named method of the given object with the provided arguments.</doc>
<status status="PASS" start="2026-03-12T16:56:40.186909" elapsed="0.000240"/>
</kw>
<status status="PASS" start="2026-03-12T16:56:40.186445" elapsed="0.000747"/>
</branch>
<status status="PASS" start="2026-03-12T16:56:40.186427" elapsed="0.000803"/>
</if>
<return>
<value>${options}</value>
<status status="PASS" start="2026-03-12T16:56:40.187265" elapsed="0.000044"/>
</return>
<status status="PASS" start="2026-03-12T16:56:40.183103" elapsed="0.004245"/>
</branch>
<status status="PASS" start="2026-03-12T16:56:40.183077" elapsed="0.004302"/>
</if>
<return>
<value>${None}</value>
<status status="NOT RUN" start="2026-03-12T16:56:40.187412" elapsed="0.000019"/>
</return>
<msg time="2026-03-12T16:56:40.187545" level="INFO">${options} = &lt;selenium.webdriver.chrome.options.Options object at 0x7f900fca3a90&gt;</msg>
<var>${options}</var>
<status status="PASS" start="2026-03-12T16:56:40.181769" elapsed="0.005802"/>
</kw>
<kw name="Open Browser" owner="SeleniumLibrary">
<msg time="2026-03-12T16:56:40.188046" level="INFO">Opening browser 'chrome' to base url 'http://parabank.parasoft.com/parabank/index.htm'.</msg>
<msg time="2026-03-12T16:56:40.926659" level="WARN">The chromedriver version (145.0.7632.117) detected in PATH at /usr/bin/chromedriver might not be compatible with the detected chrome version (146.0.7680.71); currently, chromedriver 146.0.7680.72 is recommended for chrome 146.*, so it is advised to delete the driver in PATH and retry</msg>
<arg>${BASE_URL_QAA}</arg>
<arg>${BROWSER}</arg>
<arg>options=${options}</arg>
<doc>Opens a new browser instance to the optional ``url``.</doc>
<status status="PASS" start="2026-03-12T16:56:40.187695" elapsed="3.321783"/>
</kw>
<if>
<branch type="IF" condition="'${HEADLESS}' != 'True'">
<kw name="Maximize Browser Window" owner="SeleniumLibrary">
<doc>Maximizes current browser window.</doc>
<status status="NOT RUN" start="2026-03-12T16:56:43.510087" elapsed="0.000059"/>
</kw>
<status status="NOT RUN" start="2026-03-12T16:56:43.509689" elapsed="0.000524"/>
</branch>
<status status="PASS" start="2026-03-12T16:56:43.509646" elapsed="0.000630"/>
</if>
<kw name="Set Selenium Timeout" owner="SeleniumLibrary">
<arg>10s</arg>
<doc>Sets the timeout that is used by various keywords.</doc>
<status status="PASS" start="2026-03-12T16:56:43.510433" elapsed="0.002862"/>
</kw>
<status status="PASS" start="2026-03-12T16:56:40.181426" elapsed="3.331994"/>
</kw>
<kw name="Fazer login com Sucesso" owner="Common">
<kw name="Dado que o usuário esteja na tela de Login" owner="KeywordsLogin">
<kw name="Wait Until Element Is Visible" owner="SeleniumLibrary">
<arg>${CAMPO_USUARIO}</arg>
<arg>10s</arg>
<doc>Waits until the element ``locator`` is visible.</doc>
<status status="PASS" start="2026-03-12T16:56:43.514465" elapsed="0.024170"/>
</kw>
<kw name="Element Should Be Visible" owner="SeleniumLibrary">
<msg time="2026-03-12T16:56:43.550562" level="INFO">Element 'css:input[name="username"]' is displayed.</msg>
<arg>${CAMPO_USUARIO}</arg>
<doc>Verifies that the element identified by ``locator`` is visible.</doc>
<status status="PASS" start="2026-03-12T16:56:43.538891" elapsed="0.011741"/>
</kw>
<kw name="Wait Until Element Is Visible" owner="SeleniumLibrary">
<arg>${CAMPO_SENHA}</arg>
<arg>10s</arg>
<doc>Waits until the element ``locator`` is visible.</doc>
<status status="PASS" start="2026-03-12T16:56:43.550790" elapsed="0.014336"/>
</kw>
<kw name="Element Should Be Visible" owner="SeleniumLibrary">
<msg time="2026-03-12T16:56:43.576690" level="INFO">Element 'css:input[name="password"]' is displayed.</msg>
<arg>${CAMPO_SENHA}</arg>
<doc>Verifies that the element identified by ``locator`` is visible.</doc>
<status status="PASS" start="2026-03-12T16:56:43.565294" elapsed="0.011470"/>
</kw>
<status status="PASS" start="2026-03-12T16:56:43.514148" elapsed="0.062703"/>
</kw>
<kw name="Quando ele preencher os campos de usuario e senha" owner="KeywordsLogin">
<kw name="Input Text" owner="SeleniumLibrary">
<msg time="2026-03-12T16:56:43.577681" level="INFO">Typing text 'john' into text field 'css:input[name="username"]'.</msg>
<arg>${CAMPO_USUARIO}</arg>
<arg>${usuario}</arg>
<doc>Types the given ``text`` into the text field identified by ``locator``.</doc>
<status status="PASS" start="2026-03-12T16:56:43.577482" elapsed="0.063179"/>
</kw>
<kw name="Input Text" owner="SeleniumLibrary">
<msg time="2026-03-12T16:56:43.641196" level="INFO">Typing text 'demo' into text field 'css:input[name="password"]'.</msg>
<arg>${CAMPO_SENHA}</arg>
<arg>${senha}</arg>
<doc>Types the given ``text`` into the text field identified by ``locator``.</doc>
<status status="PASS" start="2026-03-12T16:56:43.640882" elapsed="0.066924"/>
</kw>
<kw name="Click Button" owner="SeleniumLibrary">
<msg time="2026-03-12T16:56:43.709005" level="INFO">Clicking button 'css:input[type='submit'][value="Log In"]'.</msg>
<arg>${BOTAO_LOGIN}</arg>
<doc>Clicks the button identified by ``locator``.</doc>
<status status="PASS" start="2026-03-12T16:56:43.708671" elapsed="0.255141"/>
</kw>
<arg>${USUARIO_VALIDO}</arg>
<arg>${SENHA_VALIDO}</arg>
<status status="PASS" start="2026-03-12T16:56:43.577133" elapsed="0.386855"/>
</kw>
<kw name="Então ele deve ser redirecionado para a página inicial" owner="KeywordsLogin">
<kw name="Wait Until Element Is Visible" owner="SeleniumLibrary">
<arg>${BTN_LOGOUT}</arg>
<arg>10s</arg>
<doc>Waits until the element ``locator`` is visible.</doc>
<status status="PASS" start="2026-03-12T16:56:43.966245" elapsed="0.309986"/>
</kw>
<kw name="Element Should Be Visible" owner="SeleniumLibrary">
<msg time="2026-03-12T16:56:44.286663" level="INFO">Element 'css:a[href="logout.htm"]' is displayed.</msg>
<arg>${BTN_LOGOUT}</arg>
<doc>Verifies that the element identified by ``locator`` is visible.</doc>
<status status="PASS" start="2026-03-12T16:56:44.276451" elapsed="0.010284"/>
</kw>
<kw name="Wait Until Element Is Visible" owner="SeleniumLibrary">
<arg>${TABELA_TRANSFERENCIA}</arg>
<arg>10s</arg>
<doc>Waits until the element ``locator`` is visible.</doc>
<status status="PASS" start="2026-03-12T16:56:44.286899" elapsed="0.013777"/>
</kw>
<kw name="Element Should Be Visible" owner="SeleniumLibrary">
<msg time="2026-03-12T16:56:44.312058" level="INFO">Element 'css:table[id="accountTable"]' is displayed.</msg>
<arg>${TABELA_TRANSFERENCIA}</arg>
<doc>Verifies that the element identified by ``locator`` is visible.</doc>
<status status="PASS" start="2026-03-12T16:56:44.300847" elapsed="0.011280"/>
</kw>
<status status="PASS" start="2026-03-12T16:56:43.964509" elapsed="0.347703"/>
</kw>
<status status="PASS" start="2026-03-12T16:56:43.513678" elapsed="0.798592"/>
</kw>
<status status="PASS" start="2026-03-12T16:56:40.181086" elapsed="4.131234"/>
</kw>
<kw name="Dado que o usuário está na página de abertura de conta" owner="KeywordsOpenNewAccount">
<kw name="Wait Until Element Is Visible" owner="SeleniumLibrary">
<arg>${LINK_NOVA_CONTA}</arg>
<doc>Waits until the element ``locator`` is visible.</doc>
<status status="PASS" start="2026-03-12T16:56:44.312823" elapsed="0.014620"/>
</kw>
<kw name="Click Element" owner="SeleniumLibrary">
<msg time="2026-03-12T16:56:44.327776" level="INFO">Clicking element '//*[@id="leftPanel"]/ul/li[1]/a'.</msg>
<arg>${LINK_NOVA_CONTA}</arg>
<doc>Click the element identified by ``locator``.</doc>
<status status="PASS" start="2026-03-12T16:56:44.327591" elapsed="0.149050"/>
</kw>
<kw name="Get Text" owner="SeleniumLibrary">
<msg time="2026-03-12T16:56:44.507299" level="INFO">${PRIMEIRA_OPCAO_CONTA} = CHECKING</msg>
<var>${PRIMEIRA_OPCAO_CONTA}</var>
<arg>${SELECT_TIPO_CONTA}/option[1]</arg>
<doc>Returns the text value of the element identified by ``locator``.</doc>
<status status="PASS" start="2026-03-12T16:56:44.476971" elapsed="0.030388"/>
</kw>
<kw name="Should Be Equal" owner="BuiltIn">
<arg>${PRIMEIRA_OPCAO_CONTA}</arg>
<arg>CHECKING</arg>
<doc>Fails if the given objects are unequal.</doc>
<status status="PASS" start="2026-03-12T16:56:44.507612" elapsed="0.000526"/>
</kw>
<kw name="Wait Until Element Is Visible" owner="SeleniumLibrary">
<arg>${SELECT_TIPO_CONTA}</arg>
<doc>Waits until the element ``locator`` is visible.</doc>
<status status="PASS" start="2026-03-12T16:56:44.508346" elapsed="0.015194"/>
</kw>
<status status="PASS" start="2026-03-12T16:56:44.312551" elapsed="0.211094"/>
</kw>
<kw name="Capturar Print Na Pasta Da Funcionalidade" owner="Common">
<kw name="Set Variable" owner="BuiltIn">
<msg time="2026-03-12T16:56:44.524576" level="INFO">${dir} = /home/runner/work/Parabank-Robot/Parabank-Robot/Results/Resources-OpenNewAccount/Evidences/OpenNewAccount</msg>
<var>${dir}</var>
<arg>${OUTPUT DIR}${/}Evidences${/}${feature}</arg>
<doc>Returns the given values which can then be assigned to a variables.</doc>
<status status="PASS" start="2026-03-12T16:56:44.524240" elapsed="0.000364"/>
</kw>
<kw name="Create Directory" owner="OperatingSystem">
<msg time="2026-03-12T16:56:44.524996" level="INFO" html="true">Created directory '&lt;a href="file:///home/runner/work/Parabank-Robot/Parabank-Robot/Results/Resources-OpenNewAccount/Evidences/OpenNewAccount"&gt;/home/runner/work/Parabank-Robot/Parabank-Robot/Results/Resources-OpenNewAccount/Evidences/OpenNewAccount&lt;/a&gt;'.</msg>
<arg>${dir}</arg>
<doc>Creates the specified directory.</doc>
<status status="PASS" start="2026-03-12T16:56:44.524717" elapsed="0.000356"/>
</kw>
<kw name="Set Variable" owner="BuiltIn">
<msg time="2026-03-12T16:56:44.525473" level="INFO">${file} = /home/runner/work/Parabank-Robot/Parabank-Robot/Results/Resources-OpenNewAccount/Evidences/OpenNewAccount/QBEF-10 Open New Account step-01.png</msg>
<var>${file}</var>
<arg>${dir}${/}${nome_arquivo}.png</arg>
<doc>Returns the given values which can then be assigned to a variables.</doc>
<status status="PASS" start="2026-03-12T16:56:44.525189" elapsed="0.000310"/>
</kw>
<kw name="Capture Page Screenshot" owner="SeleniumLibrary">
<msg time="2026-03-12T16:56:44.639624" level="INFO" html="true">&lt;/td&gt;&lt;/tr&gt;&lt;tr&gt;&lt;td colspan="3"&gt;&lt;a href="Evidences/OpenNewAccount/QBEF-10%20Open%20New%20Account%20step-01.png"&gt;&lt;img src="Evidences/OpenNewAccount/QBEF-10%20Open%20New%20Account%20step-01.png" width="800px"&gt;&lt;/a&gt;</msg>
<arg>${file}</arg>
<doc>Takes a screenshot of the current page and embeds it into a log file.</doc>
<status status="PASS" start="2026-03-12T16:56:44.525621" elapsed="0.114135"/>
</kw>
<arg>${TEST NAME} step-01</arg>
<arg>OpenNewAccount</arg>
<status status="PASS" start="2026-03-12T16:56:44.523847" elapsed="0.116030"/>
</kw>
<kw name="Quando ele solicita a criação de uma nova conta do tipo SAVINGS" owner="KeywordsOpenNewAccount">
<kw name="Select From List By Label" owner="SeleniumLibrary">
<msg time="2026-03-12T16:56:44.640794" level="INFO">Selecting options from selection list '//*[@id="type"]' by label SAVINGS.</msg>
<arg>${SELECT_TIPO_CONTA}</arg>
<arg>${TIPO_CONTA}</arg>
<doc>Selects options from selection list ``locator`` by ``labels``.</doc>
<status status="PASS" start="2026-03-12T16:56:44.640513" elapsed="0.078391"/>
</kw>
<kw name="Click Button" owner="SeleniumLibrary">
<msg time="2026-03-12T16:56:44.719587" level="INFO">Clicking button 'css:input[type="button"][value="Open New Account"]'.</msg>
<arg>${BOTAO_ABRIR_CONTA}</arg>
<doc>Clicks the button identified by ``locator``.</doc>
<status status="PASS" start="2026-03-12T16:56:44.719249" elapsed="0.062183"/>
</kw>
<status status="PASS" start="2026-03-12T16:56:44.640161" elapsed="0.141418"/>
</kw>
<kw name="Capturar Print Na Pasta Da Funcionalidade" owner="Common">
<kw name="Set Variable" owner="BuiltIn">
<msg time="2026-03-12T16:56:44.782893" level="INFO">${dir} = /home/runner/work/Parabank-Robot/Parabank-Robot/Results/Resources-OpenNewAccount/Evidences/OpenNewAccount</msg>
<var>${dir}</var>
<arg>${OUTPUT DIR}${/}Evidences${/}${feature}</arg>
<doc>Returns the given values which can then be assigned to a variables.</doc>
<status status="PASS" start="2026-03-12T16:56:44.782403" elapsed="0.000531"/>
</kw>
<kw name="Create Directory" owner="OperatingSystem">
<msg time="2026-03-12T16:56:44.783436" level="INFO" html="true">Directory '&lt;a href="file:///home/runner/work/Parabank-Robot/Parabank-Robot/Results/Resources-OpenNewAccount/Evidences/OpenNewAccount"&gt;/home/runner/work/Parabank-Robot/Parabank-Robot/Results/Resources-OpenNewAccount/Evidences/OpenNewAccount&lt;/a&gt;' already exists.</msg>
<arg>${dir}</arg>
<doc>Creates the specified directory.</doc>
<status status="PASS" start="2026-03-12T16:56:44.783225" elapsed="0.000276"/>
</kw>
<kw name="Set Variable" owner="BuiltIn">
<msg time="2026-03-12T16:56:44.784070" level="INFO">${file} = /home/runner/work/Parabank-Robot/Parabank-Robot/Results/Resources-OpenNewAccount/Evidences/OpenNewAccount/QBEF-10 Open New Account step-02.png</msg>
<var>${file}</var>
<arg>${dir}${/}${nome_arquivo}.png</arg>
<doc>Returns the given values which can then be assigned to a variables.</doc>
<status status="PASS" start="2026-03-12T16:56:44.783656" elapsed="0.000452"/>
</kw>
<kw name="Capture Page Screenshot" owner="SeleniumLibrary">
<msg time="2026-03-12T16:56:44.871975" level="INFO" html="true">&lt;/td&gt;&lt;/tr&gt;&lt;tr&gt;&lt;td colspan="3"&gt;&lt;a href="Evidences/OpenNewAccount/QBEF-10%20Open%20New%20Account%20step-02.png"&gt;&lt;img src="Evidences/OpenNewAccount/QBEF-10%20Open%20New%20Account%20step-02.png" width="800px"&gt;&lt;/a&gt;</msg>
<arg>${file}</arg>
<doc>Takes a screenshot of the current page and embeds it into a log file.</doc>
<status status="PASS" start="2026-03-12T16:56:44.784279" elapsed="0.087847"/>
</kw>
<arg>${TEST NAME} step-02</arg>
<arg>OpenNewAccount</arg>
<status status="PASS" start="2026-03-12T16:56:44.781866" elapsed="0.090362"/>
</kw>
<kw name="Então a conta deve ser criada com sucesso" owner="KeywordsOpenNewAccount">
<kw name="Wait Until Element Is Visible" owner="SeleniumLibrary">
<arg>${MENSAGEM_SUCESSO_CONTA}</arg>
<arg>10s</arg>
<doc>Waits until the element ``locator`` is visible.</doc>
<status status="PASS" start="2026-03-12T16:56:44.872714" elapsed="0.014479"/>
</kw>
<kw name="Element Should Be Visible" owner="SeleniumLibrary">
<msg time="2026-03-12T16:56:44.897862" level="INFO">Element '//*[@id="openAccountResult"]/h1' is displayed.</msg>
<arg>${MENSAGEM_SUCESSO_CONTA}</arg>
<doc>Verifies that the element identified by ``locator`` is visible.</doc>
<status status="PASS" start="2026-03-12T16:56:44.887335" elapsed="0.010588"/>
</kw>
<kw name="Wait Until Element Is Visible" owner="SeleniumLibrary">
<arg>${NUMERO_NOVA_CONTA}</arg>
<arg>10s</arg>
<doc>Waits until the element ``locator`` is visible.</doc>
<status status="PASS" start="2026-03-12T16:56:44.898084" elapsed="0.014036"/>
</kw>
<kw name="Element Should Be Visible" owner="SeleniumLibrary">
<msg time="2026-03-12T16:56:44.922377" level="INFO">Element '//*[@id="newAccountId"]' is displayed.</msg>
<arg>${NUMERO_NOVA_CONTA}</arg>
<doc>Verifies that the element identified by ``locator`` is visible.</doc>
<status status="PASS" start="2026-03-12T16:56:44.912280" elapsed="0.010158"/>
</kw>
<kw name="Get Text" owner="SeleniumLibrary">
<msg time="2026-03-12T16:56:44.933815" level="INFO">${newAccountId} = 15564</msg>
<var>${newAccountId}</var>
<arg>${NUMERO_NOVA_CONTA}</arg>
<doc>Returns the text value of the element identified by ``locator``.</doc>
<status status="PASS" start="2026-03-12T16:56:44.922572" elapsed="0.011276"/>
</kw>
<kw name="Should Match Regexp" owner="BuiltIn">
<arg>${newAccountId}</arg>
<arg>^\\d+$</arg>
<doc>Fails if ``string`` does not match ``pattern`` as a regular expression.</doc>
<status status="PASS" start="2026-03-12T16:56:44.933988" elapsed="0.000430"/>
</kw>
<status status="PASS" start="2026-03-12T16:56:44.872450" elapsed="0.062045"/>
</kw>
<kw name="Capturar Print Na Pasta Da Funcionalidade" owner="Common">
<kw name="Set Variable" owner="BuiltIn">
<msg time="2026-03-12T16:56:44.935280" level="INFO">${dir} = /home/runner/work/Parabank-Robot/Parabank-Robot/Results/Resources-OpenNewAccount/Evidences/OpenNewAccount</msg>
<var>${dir}</var>
<arg>${OUTPUT DIR}${/}Evidences${/}${feature}</arg>
<doc>Returns the given values which can then be assigned to a variables.</doc>
<status status="PASS" start="2026-03-12T16:56:44.934966" elapsed="0.000341"/>
</kw>
<kw name="Create Directory" owner="OperatingSystem">
<msg time="2026-03-12T16:56:44.935554" level="INFO" html="true">Directory '&lt;a href="file:///home/runner/work/Parabank-Robot/Parabank-Robot/Results/Resources-OpenNewAccount/Evidences/OpenNewAccount"&gt;/home/runner/work/Parabank-Robot/Parabank-Robot/Results/Resources-OpenNewAccount/Evidences/OpenNewAccount&lt;/a&gt;' already exists.</msg>
<arg>${dir}</arg>
<doc>Creates the specified directory.</doc>
<status status="PASS" start="2026-03-12T16:56:44.935412" elapsed="0.000187"/>
</kw>
<kw name="Set Variable" owner="BuiltIn">
<msg time="2026-03-12T16:56:44.935966" level="INFO">${file} = /home/runner/work/Parabank-Robot/Parabank-Robot/Results/Resources-OpenNewAccount/Evidences/OpenNewAccount/QBEF-10 Open New Account step-03.png</msg>
<var>${file}</var>
<arg>${dir}${/}${nome_arquivo}.png</arg>
<doc>Returns the given values which can then be assigned to a variables.</doc>
<status status="PASS" start="2026-03-12T16:56:44.935701" elapsed="0.000290"/>
</kw>
<kw name="Capture Page Screenshot" owner="SeleniumLibrary">
<msg time="2026-03-12T16:56:45.018343" level="INFO" html="true">&lt;/td&gt;&lt;/tr&gt;&lt;tr&gt;&lt;td colspan="3"&gt;&lt;a href="Evidences/OpenNewAccount/QBEF-10%20Open%20New%20Account%20step-03.png"&gt;&lt;img src="Evidences/OpenNewAccount/QBEF-10%20Open%20New%20Account%20step-03.png" width="800px"&gt;&lt;/a&gt;</msg>
<arg>${file}</arg>
<doc>Takes a screenshot of the current page and embeds it into a log file.</doc>
<status status="PASS" start="2026-03-12T16:56:44.936133" elapsed="0.082315"/>
</kw>
<arg>${TEST NAME} step-03</arg>
<arg>OpenNewAccount</arg>
<status status="PASS" start="2026-03-12T16:56:44.934663" elapsed="0.083885"/>
</kw>
<kw name="Teardown Padrao" owner="Common" type="TEARDOWN">
<kw name="Run Keyword If Test Failed" owner="BuiltIn">
<arg>Capture Page Screenshot</arg>
<arg>${OUTPUTDIR}/FAIL_${TEST NAME}.png</arg>
<doc>Runs the given keyword with the given arguments, if the test failed.</doc>
<status status="PASS" start="2026-03-12T16:56:45.019139" elapsed="0.000280"/>
</kw>
<kw name="Close Browser" owner="SeleniumLibrary">
<doc>Closes the current browser.</doc>
<status status="PASS" start="2026-03-12T16:56:45.019537" elapsed="0.062711"/>
</kw>
<status status="PASS" start="2026-03-12T16:56:45.018823" elapsed="0.063538"/>
</kw>
<tag>new-account</tag>
<tag>Positive</tag>
<status status="PASS" start="2026-03-12T16:56:40.180215" elapsed="4.902206"/>
</test>
<status status="PASS" start="2026-03-12T16:56:39.932130" elapsed="5.150856"/>
</suite>
<status status="PASS" start="2026-03-12T16:56:39.903436" elapsed="5.180321"/>
</suite>
<statistics>
<total>
<stat pass="1" fail="0" skip="0">All Tests</stat>
</total>
<tag>
<stat pass="1" fail="0" skip="0">new-account</stat>
<stat pass="1" fail="0" skip="0">Positive</stat>
</tag>
<suite>
<stat name="OpenNewAccount" id="s1" pass="1" fail="0" skip="0">OpenNewAccount</stat>
<stat name="TestCasesOpenNewAccount" id="s1-s1" pass="1" fail="0" skip="0">OpenNewAccount.TestCasesOpenNewAccount</stat>
</suite>
</statistics>
<errors>
<msg time="2026-03-12T16:56:40.926659" level="WARN">The chromedriver version (145.0.7632.117) detected in PATH at /usr/bin/chromedriver might not be compatible with the detected chrome version (146.0.7680.71); currently, chromedriver 146.0.7680.72 is recommended for chrome 146.*, so it is advised to delete the driver in PATH and retry</msg>
</errors>
</robot>
